51 4.77497
102 4.13867
153 3.83293
204 3.71646
255 3.69586
306 3.7019
357 4.3667
408 4.16705
459 3.74497
510 3.45926
561 3.25694
612 3.14509
663 3.08644
714 3.06975
765 3.15331
816 3.45175
867 3.75297
918 3.79504
969 3.73739
1020 3.77339
1071 3.67136
1122 3.79584
1173 7.53102
1224 6.7228
1275 6.30615
1326 5.98955
1377 5.89152
1428 5.62819
1479 5.38628
1530 5.10227
1581 4.70557
1632 4.58565
1683 4.45078
1734 4.3909
1785 4.22105
1836 4.19509
1887 4.07818
1938 3.91924
1989 3.88549
2040 3.72146
2091 3.78933
2142 3.60625
2193 3.65028
2244 3.52535
2295 3.43232
2346 3.30644
2397 3.43064
2448 3.54773
2499 3.44734
2550 3.39358
2601 3.2826
2652 3.19464
2703 3.43333
2754 3.37358
2805 3.20867
2856 3.28812
2907 3.24617
2958 3.28237
3009 3.23414
3060 3.24705
3111 3.127
3162 3.16378
3213 3.30583
3264 3.08308
3315 3.14037
3366 3.02365
3417 2.91136
3468 2.98874
3519 3.14114
3570 3.0395
3621 3.01818
3672 3.04085
3723 2.86425
3774 2.77079
3825 2.97799
3876 2.89009
3927 2.89267
3978 2.77366
4029 2.96016
4080 2.81769
4131 2.95762
4182 2.82312
4233 2.73638
4284 2.73029
4335 2.78703
4386 2.83534
4437 2.89184
4488 2.76234
4539 2.80079
4590 2.65235
4641 2.68865
4692 2.59128
4743 2.57962
4794 2.75983
4845 2.73919
4896 2.6481
4947 2.67177
4998 2.53687
5049 2.6505
5100 2.42368
5151 2.40708
5202 2.60535
5253 2.67748
5304 2.47852
5355 2.52186
5406 2.39997
5457 2.54489
5508 2.48158
5559 2.36768
5610 2.42778
5661 2.45228
5712 2.34024
5763 2.34194
5814 2.37305
5865 2.34045
5916 2.34027
5967 2.25797
6018 2.43127
6069 2.34517
6120 2.30472
6171 2.58316
6222 2.48163
6273 2.42314
6324 2.49963
6375 2.30916
6426 2.33901
6477 2.34618
6528 2.29447
6579 2.53557
6630 2.57598
6681 2.82365
6732 2.78376
6783 2.57231
6834 2.57633
6885 2.6265
6936 2.78732
6987 2.59195
7038 2.75461
7089 2.60194
7140 2.74074
7191 2.48391
7242 2.4334
7293 2.51719
7344 2.84106
7395 2.61172
7446 2.70572
7497 2.4322
7548 2.66334
7599 2.47687
7650 2.82867
7701 2.754
7752 2.63064
7803 2.5787
7854 2.47695
7905 2.64604
7956 2.48042
8007 2.53725
8058 2.34879
8109 2.51494
8160 2.35305
8211 2.10253
8262 2.31598
8313 2.43663
8364 2.39803
8415 2.36414
8466 2.37544
8517 2.25411
8568 2.17643
8619 2.09714
8670 2.48219
8721 2.39347
8772 2.44289
8823 2.34577
8874 2.22345
8925 2.01858
8976 2.14091
9027 2.12946
9078 2.26675
9129 2.39213
9180 2.27406
9231 2.15624
9282 2.42998
9333 2.27405
9384 2.22293
9435 2.1806
9486 2.22572
9537 2.12471
9588 2.1888
9639 2.09566
9690 2.11297
9741 2.17867
9792 2.34755
9843 2.26487
9894 2.16958
9945 2.08572
9996 2.12903
10047 2.15008
10098 2.14432
10149 2.11586
10200 2.04884
10251 2.01603
10302 2.17564
10353 2.07985
10404 2.08029
10455 2.16318
10506 1.98328
10557 2.05877
10608 2.09855
10659 2.10491
10710 2.17604
10761 2.09125
10812 1.95635
10863 1.97829
10914 2.04894
10965 1.96397
11016 2.15771
11067 2.01129
11118 2.22275
11169 2.08557
11220 2.02487
11271 1.94829
11322 2.01483
11373 2.14104
11424 2.33211
11475 2.14648
11526 2.16499
11577 2.14045
11628 2.23191
11679 2.065
11730 1.94658
11781 2.021
11832 2.08662
11883 2.07449
11934 2.21537
11985 2.09686
12036 2.07917
12087 2.18889
12138 2.19238
12189 2.10048
12240 1.93593
12291 1.9439
12342 1.97101
12393 2.03736
12444 2.08932
12495 2.0183
12546 2.16931
12597 2.08486
12648 2.2175
12699 2.09956
12750 2.12832
12801 2.00509
12852 2.07843
12903 2.10472
12954 2.00342
13005 1.9542
13056 2.01128
13107 2.05453
13158 2.1374
13209 2.18373
13260 2.01838
13311 2.16626
13362 1.92942
13413 2.06117
13464 2.15834
13515 2.0844
13566 2.08489
13617 2.0895
13668 2.04152
13719 1.88024
13770 2.06264
13821 2.00323
13872 2.11462
13923 1.94426
13974 2.20497
14025 2.09394
14076 1.93247
14127 2.08687
14178 2.10682
14229 2.16292
14280 2.17591
14331 2.14939
14382 1.94454
14433 1.90618
14484 2.07372
14535 1.95112
14586 1.91796
14637 2.13132
14688 2.27128
14739 2.06301
14790 1.911
14841 2.14338
14892 2.08706
14943 1.96735
14994 2.16918
15045 2.14068
15096 1.92335
15147 1.91238
15198 1.96761
15249 2.2196
15300 2.00974
15351 2.01399
15402 1.90289
15453 1.92122
15504 1.87305
15555 1.95817
15606 1.90497
15657 2.14886
15708 1.91324
15759 1.80451
15810 1.94171
15861 1.78329
15912 1.99437
15963 2.03442
16014 2.00396
16065 1.78353
16116 1.9528
16167 2.15022
16218 1.87927
16269 1.89461
16320 1.99858
16371 1.79675
16422 1.98911
16473 1.96491
16524 1.67968
16575 1.89007
16626 2.06198
16677 2.03854
16728 2.08584
16779 2.06871
16830 2.11768
16881 1.91259
16932 1.90811
16983 1.87788
17034 2.08783
17085 1.92234
17136 1.72626
17187 1.86603
17238 1.90244
17289 1.83505
17340 1.85841
17391 2.11239
17442 1.7531
17493 1.80279
17544 1.85054
17595 1.80347
17646 1.82655
17697 1.92311
17748 1.89773
17799 1.8227
17850 2.02917
17901 1.97649
17952 1.79984
18003 1.81868
18054 2.23925
18105 2.05612
18156 1.9604
18207 1.92264
18258 1.98815
18309 2.13842
18360 2.24101
18411 2.00733
18462 2.2934
18513 2.19174
18564 2.06107
18615 2.16106
18666 2.25041
18717 2.2598
18768 2.17917
18819 2.07344
18870 1.95412
18921 2.08321
18972 1.95334
19023 1.98549
19074 2.10737
19125 1.92519
19176 1.86203
19227 1.9195
19278 1.92898
19329 2.10172
19380 1.95295
19431 1.93032
19482 2.11623
19533 1.86002
19584 1.91861
19635 1.99047
19686 2.02494
19737 2.00785
19788 2.01657
19839 1.89879
19890 1.95692
19941 1.97214
19992 1.82748
20043 1.78869
20094 2.04547
20145 1.91868
20196 1.94721
20247 2.00132
20298 2.06608
20349 1.92378
20400 1.92695
20451 1.92153
20502 2.07626
20553 1.93111
20604 1.96463
20655 1.90004
20706 1.9457
20757 1.85852
20808 1.7235
20859 1.86188
20910 1.68882
20961 1.8324
21012 1.79726
21063 1.79035
21114 1.81744
21165 1.85344
21216 1.9389
21267 1.79102
21318 1.99486
21369 1.92072
21420 1.95817
21471 1.90288
21522 2.04015
21573 1.99542
21624 2.00677
21675 1.90654
21726 2.11095
21777 1.97696
21828 1.96116
21879 1.86659
21930 1.97315
21981 1.93542
22032 2.04136
22083 1.77672
22134 1.78809
22185 1.78365
22236 1.90711
22287 1.939
22338 1.89915
22389 1.96685
22440 1.85782
22491 1.97351
22542 1.99119
22593 1.78163
22644 1.76731
22695 1.76816
22746 1.97185
22797 1.77294
22848 1.76669
22899 1.76312
22950 1.80796
23001 1.8007
23052 1.8063
23103 1.77459
23154 1.75645
23205 1.75598
23256 1.96897
23307 1.83287
23358 1.84066
23409 1.84203
23460 1.92206
23511 1.96619
23562 1.79455
23613 1.7508
23664 1.77064
23715 1.85792
23766 1.84366
23817 2.09501
23868 1.74703
23919 1.73984
23970 1.72055
24021 1.79672
24072 1.86567
24123 1.8307
24174 1.83918
24225 1.93077
24276 1.77635
24327 1.80274
24378 1.86914
24429 1.85563
24480 1.80496
24531 1.80631
24582 1.7722
24633 1.89166
24684 1.86028
24735 1.91208
24786 1.80066
24837 1.8236
24888 1.93866
24939 1.93657
24990 1.81823
25041 1.82097
25092 1.92495
25143 1.87879
25194 1.80663
25245 1.83798
25296 1.86144
25347 1.85079
25398 1.78393
25449 1.89716
25500 1.81419
25551 1.77034
25602 1.81766
25653 1.72497
25704 1.91374
25755 1.73574
25806 1.89443
25857 1.846
25908 1.76625
25959 1.84173
26010 1.95087
26061 1.71063
26112 1.80885
26163 1.90857
26214 1.83162
26265 1.74699
26316 1.78033
26367 1.85
26418 1.89494
26469 1.94864
26520 1.7664
26571 1.90287
26622 1.81806
26673 1.70221
26724 2.00794
26775 1.87273
26826 1.98017
26877 1.83326
26928 1.9547
26979 1.91328
27030 1.73695
27081 1.74638
27132 1.79772
27183 1.76858
27234 1.72506
27285 1.78482
27336 1.76193
27387 1.83194
27438 1.77638
27489 1.84131
27540 1.85268
27591 2.05586
27642 1.81621
27693 1.79518
27744 1.74011
27795 1.75039
27846 1.76143
27897 1.67251
27948 1.85845
27999 1.81179
28050 1.81819
28101 1.87648
28152 1.76641
28203 1.64494
28254 1.73802
28305 1.74976
28356 1.76932
28407 1.76702
28458 1.67549
28509 1.80629
28560 1.6604
28611 1.80854
28662 1.8565
28713 1.7612
28764 1.74402
28815 1.68631
28866 1.9119
28917 1.83552
28968 1.74265
29019 1.79241
29070 1.80526
29121 1.79945
29172 1.71618
29223 1.81141
29274 1.83426
29325 1.76063
29376 1.73722
29427 1.69144
29478 1.75549
29529 1.72278
29580 1.74494
29631 1.67601
29682 1.72385
29733 1.71461
29784 1.86518
29835 1.76462
29886 1.58481
29937 1.69823
29988 1.73076
30039 1.68616
30090 1.72481
30141 1.78201
30192 1.74697
30243 1.63939
30294 1.70335
30345 1.84557
30396 1.79634
30447 1.85705
30498 1.77068
30549 1.67073
30600 1.65697
30651 1.67432
30702 1.76914
30753 1.74196
30804 1.89317
30855 1.79141
30906 1.81877
30957 1.61334
31008 1.9371
31059 1.7139
31110 1.76569
31161 1.73053
31212 1.59865
31263 1.65269
31314 1.83525
31365 1.68084
31416 1.79002
31467 1.77749
31518 1.65312
31569 1.81144
31620 1.68284
31671 1.63385
31722 1.60525
31773 1.60081
31824 1.58328
31875 1.71455
31926 1.72506
31977 1.74268
32028 1.63269
32079 1.63551
32130 1.70907
32181 1.67131
32232 1.75622
32283 1.90269
32334 1.73689
32385 1.7773
32436 1.6809
32487 1.78263
32538 1.78978
32589 1.9528
32640 1.78709
32691 1.8348
32742 1.79392
32793 1.84671
32844 1.67797
32895 1.72654
32946 1.64305
32997 1.84593
33048 1.73059
33099 1.79387
33150 1.75786
33201 1.64588
33252 1.48612
33303 1.86432
33354 1.71002
33405 1.95498
33456 1.5183
33507 1.59506
33558 1.7508
33609 1.73276
33660 1.78505
33711 1.52207
33762 1.69947
33813 1.63451
33864 1.70104
33915 1.6856
33966 1.64489
34017 1.53733
34068 1.69802
34119 1.67009
34170 1.64872
34221 1.56869
34272 1.52067
34323 1.5432
34374 1.71567
34425 1.5859
34476 1.72516
34527 1.55601
34578 1.73239
34629 1.73275
34680 1.70169
34731 1.62759
34782 1.59939
34833 1.64573
34884 1.52596
34935 1.51244
34986 1.54139
35037 1.51128
35088 1.50869
35139 1.62453
35190 1.58085
35241 1.56401
35292 1.45363
35343 1.58902
35394 1.60752
35445 1.54445
35496 1.43547
35547 1.57819
35598 1.50189
35649 1.3975
35700 1.55599
35751 1.70414
35802 1.67675
35853 1.62312
35904 1.51213
35955 1.50175
36006 1.56832
36057 1.54478
36108 1.52831
36159 1.67826
36210 1.50076
36261 1.46306
36312 1.57933
36363 1.67541
36414 1.69922
36465 1.56146
36516 1.54937
36567 1.46688
36618 1.62821
36669 1.53818
36720 1.7087
36771 1.58744
36822 1.50525
36873 1.66529
36924 1.51057
36975 1.62763
37026 1.54733
37077 1.58144
37128 1.52437
37179 1.71988
37230 1.71667
37281 1.63803
37332 1.746
37383 1.51827
37434 1.61766
37485 1.29404
37536 1.47769
37587 1.58705
37638 1.57183
37689 1.54545
37740 1.51305
37791 1.53676
37842 1.4349
37893 1.43217
37944 1.48556
37995 1.42579
38046 1.4201
38097 1.41015
38148 1.54274
38199 1.60149
38250 1.47557
38301 1.45444
38352 1.58147
38403 1.48879
38454 1.56624
38505 1.43183
38556 1.51532
38607 1.40809
38658 1.47414
38709 1.61829
38760 1.65539
38811 1.44614
38862 1.56357
38913 1.43349
38964 1.5845
39015 1.42219
39066 1.5796
39117 1.44996
39168 1.55315
39219 1.45327
39270 1.60295
39321 1.56159
39372 1.44216
39423 1.47814
39474 1.4866
39525 1.55245
39576 1.47538
39627 1.47753
39678 1.45549
39729 1.45404
39780 1.42502
39831 1.42322
39882 1.55352
39933 1.51933
39984 1.46628
40035 1.40029
40086 1.65005
40137 1.45527
40188 1.554
40239 1.43655
40290 1.58785
40341 1.42347
40392 1.58373
40443 1.58597
40494 1.57845
40545 1.51645
40596 1.58251
40647 1.47632
40698 1.44316
40749 1.52191
40800 1.44479
40851 1.46082
40902 1.48073
40953 1.54257
41004 1.52944
41055 1.62294
41106 1.4731
41157 1.55439
41208 1.48506
41259 1.38119
41310 1.53736
41361 1.46448
41412 1.56136
41463 1.58901
41514 1.50026
41565 1.49394
41616 1.56725
41667 1.49771
41718 1.50346
41769 1.49593
41820 1.54645
41871 1.50965
41922 1.49605
41973 1.37939
42024 1.55185
42075 1.50392
42126 1.53832
42177 1.58404
42228 1.56714
42279 1.43077
42330 1.52643
42381 1.55034
42432 1.4904
42483 1.53519
42534 1.61066
42585 1.46009
42636 1.46256
42687 1.59936
42738 1.51918
42789 1.56361
42840 1.60763
42891 1.54094
42942 1.62091
42993 1.53183
43044 1.64837
43095 1.48342
43146 1.43885
43197 1.58844
43248 1.54323
43299 1.48636
43350 1.5539
43401 1.52528
43452 1.45803
43503 1.56685
43554 1.38846
43605 1.44613
43656 1.52201
43707 1.51672
43758 1.54548
43809 1.44483
43860 1.57414
43911 1.39983
43962 1.5447
44013 1.52429
44064 1.6342
44115 1.44831
44166 1.45689
44217 1.52714
44268 1.49408
44319 1.46747
44370 1.59854
44421 1.51422
44472 1.48126
44523 1.48446
44574 1.37882
44625 1.34694
44676 1.48161
44727 1.50567
44778 1.51252
44829 1.47673
44880 1.53528
44931 1.52435
44982 1.48288
45033 1.60799
45084 1.47539
45135 1.73496
45186 1.52974
45237 1.57861
45288 1.47463
45339 1.56156
45390 1.45532
45441 1.46796
45492 1.56917
45543 1.52113
45594 1.54336
45645 1.41656
45696 1.65941
45747 1.57865
45798 1.6609
45849 1.48724
45900 1.50384
45951 1.53238
46002 1.61173
46053 1.56115
46104 1.53074
46155 1.53679
46206 1.47161
46257 1.57631
46308 1.62395
46359 1.54128
46410 1.40472
46461 1.56001
46512 1.64528
46563 1.67886
46614 1.54476
46665 1.5234
46716 1.41756
46767 1.45293
46818 1.60482
46869 1.53422
46920 1.56748
46971 1.5241
47022 1.50848
47073 1.44861
47124 1.63311
47175 1.426
47226 1.59461
47277 1.50309
47328 1.58398
47379 1.49716
47430 1.51832
47481 1.51506
47532 1.50823
47583 1.60299
47634 1.4731
47685 1.39685
47736 1.44985
47787 1.43736
47838 1.38007
47889 1.58628
47940 1.53519
47991 1.51711
48042 1.57083
48093 1.5248
48144 1.54949
48195 1.5677
48246 1.51696
48297 1.49401
48348 1.49177
48399 1.67404
48450 1.51041
48501 1.48485
48552 1.50895
48603 1.59359
48654 1.59167
48705 1.60105
48756 1.49986
48807 1.56834
48858 1.71188
48909 1.40025
48960 1.61387
49011 1.57314
49062 1.64274
49113 1.46494
49164 1.62496
49215 1.42437
49266 1.56057
49317 1.55248
49368 1.54198
49419 1.82111
49470 1.5252
49521 1.51917
49572 1.5608
49623 1.53723
49674 1.45109
49725 1.53521
49776 1.53974
49827 1.63123
49878 1.54668
49929 1.57551
49980 1.28936
50031 1.47951
50082 1.54813
50133 1.54428
50184 1.60486
50235 1.57331
50286 1.56086
50337 1.46686
50388 1.69199
50439 1.56407
50490 1.6054
50541 1.58937
50592 1.46504
50643 1.58567
50694 1.63302
50745 1.37346
50796 1.54957
50847 1.57604
50898 1.54097
50949 1.57188
51000 1.45098
51051 1.37135
51102 1.5849
51153 1.5479
51204 1.53112
51255 1.59914
51306 1.58919
51357 1.62192
51408 1.47486
51459 1.5435
51510 1.62219
51561 1.49131
51612 1.50423
51663 1.55143
51714 1.50898
51765 1.59576
51816 1.53978
51867 1.50842
51918 1.56168
51969 1.56359
52020 1.47811
52071 1.53259
52122 1.51133
52173 1.59393
52224 1.59669
52275 1.43216
52326 1.67397
52377 1.58484
52428 1.48213
52479 1.48819
52530 1.70497
52581 1.51638
52632 1.52383
52683 1.58638
52734 1.55729
52785 1.53234
52836 1.59533
52887 1.4602
52938 1.57763
52989 1.50288
53040 1.49731
53091 1.52744
53142 1.55276
53193 1.67947
53244 1.57898
53295 1.40065
53346 1.34771
53397 1.42864
53448 1.606
53499 1.66675
53550 1.52778
53601 1.5171
53652 1.64688
53703 1.50568
53754 1.56922
53805 1.49403
53856 1.53638
53907 1.55762
53958 1.65604
54009 1.60633
54060 1.40922
54111 1.37846
54162 1.59423
54213 1.51203
54264 1.44942
54315 1.46715
54366 1.57875
54417 1.54274
54468 1.47941
54519 1.52963
54570 1.45593
54621 1.59372
54672 1.49677
54723 1.50872
54774 1.39855
54825 1.60705
54876 1.55431
54927 1.44345
54978 1.53727
55029 1.43627
55080 1.56046
55131 1.56809
55182 1.541
55233 1.45126
55284 1.53701
55335 1.52804
55386 1.34722
55437 1.54526
55488 1.40542
55539 1.46985
55590 1.5098
55641 1.53453
55692 1.56195
55743 1.53404
55794 1.52299
55845 1.46091
55896 1.55682
55947 1.66361
55998 1.51291
56049 1.52032
56100 1.65871
56151 1.5998
56202 1.71686
56253 1.59838
56304 1.53635
56355 1.45274
56406 1.58461
56457 1.56949
56508 1.60294
56559 1.53729
56610 1.4809
56661 1.60652
56712 1.61861
56763 1.49297
56814 1.57772
56865 1.59328
56916 1.5419
56967 1.45633
57018 1.60739
57069 1.60429
57120 1.56396
57171 1.47705
57222 1.48208
57273 1.5032
57324 1.54037
57375 1.56813
57426 1.53761
57477 1.61991
57528 1.53478
57579 1.48143
57630 1.56953
57681 1.62127
57732 1.66866
57783 1.58297
57834 1.51997
57885 1.47919
57936 1.43637
57987 1.52089
58038 1.66924
58089 1.60186
58140 1.61558
58191 1.50432
58242 1.54281
58293 1.47617
58344 1.60656
58395 1.52985
58446 1.61258
58497 1.72875
58548 1.60419
58599 1.53104
58650 1.31157
58701 1.666
58752 1.51562
58803 1.43508
58854 1.57419
58905 1.62202
58956 1.54153
59007 1.5767
59058 1.52184
59109 1.55588
59160 1.45519
59211 1.56982
59262 1.56628
59313 1.49605
59364 1.50564
59415 1.51128
59466 1.48841
59517 1.48762
59568 1.55439
59619 1.4292
59670 1.37627
59721 1.56188
59772 1.48509
59823 1.40201
59874 1.49599
59925 1.5337
59976 1.5486
60027 1.56483
60078 1.68669
60129 1.62472
60180 1.47918
60231 1.54254
60282 1.60015
60333 1.55366
60384 1.61297
60435 1.56414
60486 1.54313
60537 1.42914
60588 1.53663
60639 1.4896
60690 1.58668
60741 1.56294
60792 1.5553
60843 1.48834
60894 1.6187
60945 1.61622
60996 1.56321
61047 1.49368
61098 1.71897
61149 1.57311
61200 1.51056
61251 1.54299
61302 1.48754
61353 1.57247
61404 1.4343
61455 1.49434
61506 1.57739
61557 1.49193
61608 1.48835
61659 1.50536
61710 1.54084
61761 1.63377
61812 1.58503
61863 1.56108
61914 1.6901
61965 1.54887
62016 1.59495
62067 1.46824
62118 1.47938
62169 1.61218
62220 1.53855
62271 1.57096
62322 1.47472
62373 1.57068
62424 1.43303
62475 1.46603
62526 1.45257
62577 1.65048
62628 1.60263
62679 1.51203
62730 1.60012
62781 1.55554
62832 1.56815
62883 1.48743
62934 1.44193
62985 1.47784
63036 1.54887
63087 1.58433
63138 1.4143
63189 1.35469
63240 1.56609
63291 1.49216
63342 1.46564
63393 1.41932
63444 1.49934
63495 1.43458
63546 1.62678
63597 1.5624
63648 1.46398
63699 1.49886
63750 1.51377
63801 1.60429
63852 1.52194
63903 1.45359
63954 1.56788
64005 1.57527
64056 1.40259
64107 1.54454
64158 1.36583
64209 1.64698
64260 1.47059
64311 1.44917
64362 1.54606
64413 1.69638
64464 1.39845
64515 1.43071
64566 1.48635
64617 1.61443
64668 1.40576
64719 1.55221
64770 1.3545
64821 1.5275
64872 1.40947
64923 1.53547
64974 1.41665
65025 1.59714
65076 1.49526
65127 1.38539
65178 1.67092
65229 1.3067
65280 1.46225
65331 1.31687
65382 1.31139
65433 1.57064
65484 1.40894
65535 1.56689
65586 1.5117
65637 1.17533
65688 1.47213
65739 1.29097
65790 1.41101
65841 1.48366
65892 1.42199
65943 1.38796
65994 1.64949
66045 1.39911
66096 1.37433
66147 1.52364
66198 1.40766
66249 1.31904
66300 1.41338
66351 1.39474
66402 1.37303
66453 1.51166
66504 1.31097
66555 1.30118
66606 1.41386
66657 1.46991
66708 1.4392
66759 1.47512
66810 1.51087
66861 1.33946
66912 1.57795
66963 1.75462
67014 1.21017
67065 1.47039
67116 1.34927
67167 1.57504
67218 1.41215
67269 1.43048
67320 1.3379
67371 1.49638
67422 1.39511
67473 1.46315
67524 1.40425
67575 1.39202
67626 1.41505
67677 1.63401
67728 1.31934
67779 1.40399
67830 1.45798
67881 1.48838
67932 1.44582
67983 1.30534
68034 1.45358
68085 1.50112
68136 1.23653
68187 1.4679
68238 1.45715
68289 1.47313
68340 1.52304
68391 1.46412
68442 1.36253
68493 1.57554
68544 1.45943
68595 1.40457
68646 1.49935
68697 1.37678
68748 1.21654
68799 1.31196
68850 1.48348
68901 1.21815
68952 1.26221
69003 1.30626
69054 1.41873
69105 1.29595
69156 1.3252
69207 1.31601
69258 1.45767
69309 1.31546
69360 1.20181
69411 1.18749
69462 1.20374
69513 1.54926
69564 1.63874
69615 1.38059
69666 1.34557
69717 1.46038
69768 1.33624
69819 1.5548
69870 1.37666
69921 1.35569
69972 1.43019
70023 1.26842
70074 1.51034
70125 1.53526
70176 1.20496
70227 1.18709
70278 1.43745
70329 1.24858
70380 1.33325
70431 1.5268
70482 1.56671
70533 1.36767
70584 1.6114
70635 1.28215
70686 1.33581
70737 1.31546
70788 1.53824
70839 1.41562
70890 1.49659
70941 1.38987
70992 1.21041
71043 1.11703
71094 1.15545
71145 1.24197
71196 1.28073
71247 0.944761
71298 1.19857
71349 1.16458
71400 1.54376
71451 1.38448
71502 1.18656
71553 1.23097
71604 1.32196
71655 1.43216
71706 1.14375
71757 1.05557
71808 1.13716
71859 1.11898
71910 1.25495
71961 1.37232
72012 1.32461
72063 1.23325
72114 1.34612
72165 1.74916
72216 1.35829
72267 1.40813
72318 1.50421
72369 1.38247
72420 1.45999
72471 1.39293
72522 1.37388
72573 1.36589
72624 1.20713
72675 1.06116
72726 1.02958
72777 1.24655
72828 1.37216
72879 1.22622
72930 1.2191
72981 1.37465
73032 1.04361
73083 1.12065
73134 0.929471
73185 1.17143
73236 1.23222
73287 1.37327
73338 1.35381
73389 1.28215
73440 1.52478
73491 1.16575
73542 1.29668
73593 1.02853
73644 1.06728
73695 1.08548
73746 1.18933
73797 1.11664
73848 1.01495
73899 1.02053
73950 1.05652
74001 1.25854
74052 1.40843
74103 1.24049
74154 1.2635
74205 1.49145
74256 1.60878
74307 1.51679
74358 1.13863
74409 1.51283
74460 1.23465
74511 1.07971
74562 1.11437
74613 1.14922
74664 1.11689
74715 1.276
74766 1.08032
74817 1.16669
74868 1.21043
74919 1.18346
74970 1.09202
75021 1.03723
75072 1.045
75123 1.12804
75174 1.04333
75225 1.09553
75276 1.05548
75327 0.872117
75378 1.25382
75429 1.10858
75480 1.1858
75531 1.1009
75582 1.23642
75633 1.23735
75684 1.30622
75735 1.00016
75786 1.08757
75837 1.20638
75888 1.34436
75939 1.42128
75990 1.38699
76041 1.24037
76092 1.32057
76143 1.4125
76194 1.38716
76245 1.40143
76296 1.48756
76347 1.24102
76398 0.878334
76449 1.03382
76500 1.15107
76551 1.18132
76602 1.01953
76653 1.20896
76704 1.02592
76755 1.03313
76806 1.11615
76857 1.07554
76908 1.10838
76959 1.02576
77010 0.731765
77061 0.80747
77112 1.10841
77163 0.949847
77214 1.0651
77265 1.15757
77316 1.10642
77367 1.02746
77418 1.18156
77469 1.34522
77520 1.13003
77571 1.31324
77622 0.961495
77673 1.33169
77724 1.14325
77775 1.22891
77826 1.04645
77877 1.06353
77928 1.16335
77979 1.13402
78030 1.12467
78081 1.18081
78132 1.14557
78183 1.42627
78234 1.18828
78285 1.34704
78336 1.0409
78387 1.0861
78438 1.06875
78489 1.04637
78540 1.08845
78591 1.02254
78642 1.04989
78693 1.30782
78744 1.34361
78795 1.08064
78846 1.2722
78897 1.2384
78948 1.32539
78999 1.37065
79050 1.0997
79101 1.16035
79152 1.08704
79203 1.05703
79254 1.1286
79305 1.00872
79356 0.944988
79407 1.16736
79458 1.29352
79509 1.31933
79560 1.14411
79611 1.02774
79662 1.27044
79713 1.29333
79764 1.29348
79815 1.02326
79866 1.10257
79917 1.11061
79968 1.22386
80019 1.00567
80070 1.08351
80121 1.08488
80172 1.14725
80223 0.973938
80274 1.21621
80325 1.0623
80376 0.999273
80427 0.964955
80478 0.941334
80529 1.19956
80580 0.998181
80631 1.26449
80682 1.21152
80733 1.34819
80784 1.29956
80835 1.35527
80886 1.03323
80937 1.01625
80988 1.15354
81039 1.0423
81090 1.15027
81141 1.08705
81192 1.21863
81243 1.14382
81294 1.04656
81345 1.1143
81396 1.18044
81447 1.00124
81498 1.26471
81549 1.36468
81600 1.31366
81651 1.28246
81702 1.24229
81753 1.28153
81804 1.17321
81855 0.964133
81906 1.12738
81957 1.08712
82008 1.11583
82059 0.947001
82110 1.0171
82161 0.951323
82212 1.02625
82263 1.13134
82314 1.30767
82365 1.2042
82416 1.36621
82467 1.22652
82518 1.21638
82569 1.16535
82620 0.980088
82671 1.01622
82722 1.00986
82773 0.976241
82824 1.18147
82875 1.00054
82926 1.07834
82977 1.0387
83028 0.966081
83079 1.14367
83130 1.23629
83181 1.18128
83232 0.99952
83283 1.0749
83334 1.08653
83385 1.36437
83436 0.853386
83487 1.08771
83538 0.991548
83589 1.02743
83640 1.03109
83691 1.20431
83742 1.03088
83793 1.09095
83844 1.07225
83895 1.07473
83946 0.991593
83997 0.984967
84048 0.922753
84099 1.10346
84150 0.956073
84201 1.17701
84252 1.15005
84303 0.975606
84354 1.0087
84405 0.845664
84456 0.986552
84507 1.11998
84558 1.15701
84609 0.977586
84660 0.968638
84711 1.18486
84762 0.990283
84813 1.01268
84864 0.908158
84915 0.899292
84966 1.07534
85017 1.02418
85068 0.992836
85119 0.89855
85170 1.0137
85221 0.955162
85272 0.978965
85323 1.09015
85374 1.11807
85425 1.02017
85476 1.16549
85527 1.23427
85578 1.36162
85629 0.998281
85680 1.08123
85731 0.964997
85782 1.0181
85833 1.13959
85884 1.21215
85935 1.22371
85986 1.16147
86037 1.29189
86088 1.13254
86139 1.01457
86190 0.942825
86241 1.03186
86292 1.07508
86343 0.97234
86394 1.12005
86445 0.89314
86496 1.08735
86547 0.991151
86598 1.10018
86649 1.05788
86700 1.07057
86751 0.972342
86802 1.04219
86853 0.934877
86904 1.17521
86955 1.07626
87006 0.976282
87057 0.959601
87108 0.938515
87159 1.12193
87210 0.998734
87261 1.1194
87312 0.94604
87363 1.01861
87414 1.01155
87465 1.08428
87516 1.08276
87567 1.02928
87618 1.01398
87669 0.995842
87720 1.14615
87771 1.14766
87822 1.0476
87873 0.953039
87924 0.997788
87975 0.965204
88026 0.987888
88077 1.21934
88128 0.96628
88179 1.00831
88230 1.07885
88281 1.01589
88332 1.02797
88383 0.973293
88434 1.11409
88485 1.07504
88536 0.979794
88587 1.02181
88638 0.987276
88689 1.06544
88740 1.32612
88791 1.03792
88842 1.01045
88893 1.05625
88944 0.976128
88995 1.07441
89046 1.21691
89097 1.05609
89148 1.1793
89199 1.24261
89250 1.21995
89301 1.04233
89352 1.2267
89403 1.27835
89454 1.1729
89505 1.11705
89556 1.12889
89607 1.34183
89658 1.12171
89709 1.22036
89760 1.14762
89811 1.13356
89862 1.0736
89913 1.16499
89964 1.03778
90015 1.18176
90066 0.987429
90117 1.08372
90168 0.957553
90219 0.983929
90270 1.03379
90321 1.05717
90372 1.16077
90423 1.03156
90474 1.10729
90525 0.960799
90576 0.941513
90627 0.948382
90678 0.997095
90729 1.08823
90780 1.05537
90831 1.04023
90882 1.27283
90933 0.957327
90984 1.05767
91035 1.14035
91086 0.782292
91137 0.96572
91188 1.04644
91239 1.15756
91290 0.985564
91341 1.06412
91392 0.971123
91443 0.999491
91494 1.12716
91545 1.1363
91596 0.974278
91647 0.980915
91698 1.01709
91749 1.03065
91800 0.993882
91851 0.994473
91902 1.10852
91953 0.995079
92004 0.843693
92055 0.967667
92106 1.08967
92157 0.896988
92208 1.1122
92259 0.965537
92310 0.967828
92361 1.06485
92412 0.951489
92463 1.02875
92514 1.0045
92565 0.909342
92616 1.19572
92667 0.95277
92718 1.03424
92769 1.00148
92820 1.00943
92871 0.998494
92922 1.08729
92973 0.965683
93024 1.02752
93075 0.987998
93126 0.948675
93177 1.00971
93228 1.09039
93279 0.954241
93330 1.02761
93381 0.912633
93432 1.01568
93483 1.03678
93534 0.986487
93585 1.04712
93636 0.996717
93687 0.892337
93738 1.04142
93789 0.988134
93840 0.959552
93891 0.917727
93942 0.957919
93993 0.971257
94044 1.04706
94095 0.991311
94146 1.13918
94197 1.1286
94248 0.98512
94299 0.972641
94350 0.951318
94401 0.872059
94452 0.947585
94503 1.00183
94554 0.960988
94605 1.00949
94656 0.881123
94707 0.899776
94758 0.957736
94809 1.0051
94860 0.998521
94911 0.761334
94962 0.93643
95013 0.967785
95064 0.969251
95115 0.887427
95166 0.920663
95217 1.04549
95268 1.01147
95319 0.97773
95370 0.908067
95421 0.917064
95472 0.880008
95523 0.982074
95574 0.875031
95625 0.94497
95676 0.974763
95727 0.927974
95778 0.940602
95829 0.98657
95880 0.993143
95931 1.00668
95982 1.17129
96033 1.0346
96084 1.01393
96135 1.19559
96186 1.03586
96237 0.826251
96288 1.13246
96339 0.921795
96390 0.989378
96441 0.899141
96492 0.895189
96543 0.919186
96594 1.05271
96645 0.956918
96696 0.957462
96747 0.961015
96798 0.915436
96849 1.12321
96900 1.01469
96951 0.896948
97002 0.903531
97053 1.08105
97104 0.932373
97155 0.948354
97206 1.09303
97257 0.927547
97308 0.885908
97359 0.982118
97410 1.03677
97461 0.861852
97512 1.03022
97563 0.885843
97614 0.942281
97665 0.90631
97716 0.927293
97767 1.1066
97818 0.852139
97869 0.9504
97920 0.97995
97971 1.06581
98022 1.05527
98073 1.26636
98124 1.18168
98175 1.05409
98226 0.847795
98277 0.886306
98328 0.890611
98379 0.837546
98430 0.996084
98481 0.95905
98532 0.939879
98583 0.866566
98634 0.940799
98685 0.9426
98736 0.742288
98787 1.11853
98838 0.879072
98889 0.964248
98940 0.884623
98991 0.970732
99042 0.901971
99093 0.921307
99144 0.910739
99195 1.02731
99246 0.953004
99297 1.0337
99348 0.919187
99399 0.862804
99450 0.898096
99501 1.11488
99552 0.859386
99603 0.958491
99654 0.867533
99705 0.982008
99756 0.87465
99807 0.867217
99858 0.891772
99909 0.973424
99960 1.1742
100011 0.886372
100062 0.906111
100113 0.972668
100164 0.979445
100215 0.923046
100266 0.889094
100317 0.869448
100368 0.940375
100419 0.889009
100470 1.08447
100521 0.796101
100572 1.00925
100623 0.975144
100674 0.832565
100725 1.09069
100776 0.900362
100827 0.930214
100878 0.983666
100929 0.836276
100980 0.840807
101031 0.905345
101082 0.724392
101133 0.704446
101184 0.789847
101235 0.694622
101286 0.835125
101337 0.766241
101388 0.957312
101439 0.905669
101490 0.87958
101541 0.866655
101592 0.8636
101643 0.870466
101694 0.818282
101745 1.09191
101796 0.978251
101847 0.725432
101898 0.798914
101949 0.814986
102000 0.96387
102051 1.1475
102102 0.82999
102153 0.982318
102204 0.907618
102255 0.893861
102306 1.01289
102357 0.91644
102408 1.04169
102459 0.896123
102510 0.881617
102561 0.866011
102612 0.877546
102663 0.806472
102714 0.830464
102765 0.852043
102816 0.908531
102867 0.845072
102918 0.851266
102969 0.874108
103020 0.963864
103071 0.950299
103122 0.884295
103173 0.751719
103224 0.924338
103275 0.894002
103326 0.807395
103377 0.954125
103428 0.904757
103479 0.873207
103530 0.788055
103581 0.991265
103632 0.954882
103683 0.914572
103734 1.04078
103785 1.0411
103836 0.961482
103887 0.895345
103938 0.962461
103989 0.962037
104040 0.965599
104091 1.07528
104142 0.738027
104193 0.67127
104244 1.13732
104295 1.2342
104346 1.08092
104397 0.911652
104448 1.01855
104499 0.973561
104550 0.937083
104601 0.901371
104652 0.949283
104703 0.92209
104754 1.18131
104805 1.25552
104856 0.970264
104907 0.791689
104958 0.948386
105009 0.967737
105060 0.94097
105111 0.98653
105162 1.05373
105213 1.16423
105264 0.901274
105315 0.970423
105366 0.933421
105417 0.939071
105468 1.16654
105519 1.04285
105570 0.992339
105621 0.800959
105672 0.844455
105723 0.870906
105774 0.820301
105825 0.810149
105876 0.842836
105927 0.976976
105978 0.749271
106029 1.00642
106080 0.846163
106131 0.880973
106182 0.746079
106233 0.855562
106284 0.816809
106335 0.875159
106386 0.833395
106437 1.21944
106488 1.19663
106539 0.871745
106590 0.886112
106641 0.903995
106692 0.83078
106743 0.892407
106794 0.802481
106845 0.820085
106896 0.988289
106947 1.04003
106998 0.917047
107049 0.753697
107100 0.842553
107151 1.06793
107202 1.08742
107253 1.02379
107304 1.03718
107355 1.01313
107406 1.06278
107457 1.06428
107508 1.0171
107559 1.05156
107610 0.80091
107661 0.838278
107712 0.799988
107763 0.79706
107814 0.99706
107865 1.0358
107916 1.05285
107967 0.995998
108018 0.999058
108069 0.955137
108120 1.06625
108171 1.12908
108222 0.969108
108273 0.888441
108324 1.01161
108375 1.13656
108426 1.05134
108477 0.953771
108528 1.03109
108579 1.01093
108630 1.07872
108681 1.06354
108732 1.00054
108783 1.03992
108834 0.894418
108885 1.0536
108936 1.02532
108987 0.972244
109038 0.91443
109089 0.868108
109140 1.05307
109191 0.865488
109242 1.04897
109293 0.973221
109344 1.08162
109395 0.96559
109446 1.02964
109497 0.987774
109548 1.01329
109599 1.00753
109650 1.20662
109701 0.918301
109752 1.18367
109803 1.02409
109854 0.974984
109905 0.912701
109956 0.951214
110007 0.922771
110058 1.04698
110109 0.945592
110160 1.08199
110211 0.926058
110262 0.945829
110313 0.809693
110364 1.04023
110415 0.907254
110466 1.04215
110517 0.904461
110568 0.933107
110619 0.97213
110670 1.00026
110721 0.926521
110772 0.968767
110823 1.01082
110874 1.05263
110925 0.927825
110976 0.982071
111027 0.947477
111078 0.840597
111129 0.669923
111180 0.853906
111231 0.954179
111282 1.00242
111333 1.05903
111384 1.07169
111435 0.762685
111486 0.804917
111537 0.833118
111588 0.803398
111639 0.981912
111690 0.883898
111741 0.921237
111792 0.78558
111843 0.855045
111894 0.847575
111945 0.813307
111996 0.771325
112047 0.949633
112098 0.793803
112149 0.790011
112200 1.03653
112251 0.852983
112302 0.832725
112353 0.908572
112404 0.824616
112455 0.783056
112506 0.815212
112557 0.811943
112608 0.761517
112659 0.688201
112710 0.823798
112761 0.869153
112812 0.928071
112863 0.782065
112914 0.784549
112965 0.773208
113016 0.922359
113067 0.965457
113118 0.78482
113169 0.809727
113220 0.815708
113271 0.776849
113322 0.998842
113373 0.868659
113424 0.993201
113475 1.0307
113526 0.785676
113577 0.916348
113628 0.788702
113679 0.834332
113730 0.76895
113781 0.807877
113832 0.812285
113883 0.98965
113934 0.959814
113985 0.784107
114036 0.954036
114087 0.971291
114138 0.963931
114189 0.828746
114240 0.724645
114291 0.862223
114342 0.802441
114393 0.806553
114444 0.819181
114495 0.898257
114546 0.716978
114597 0.678234
114648 0.855918
114699 0.792939
114750 0.716887
114801 0.638923
114852 0.854109
114903 0.725371
114954 0.782841
115005 0.678817
115056 0.778914
115107 0.879777
115158 0.816109
115209 0.831823
115260 0.890135
115311 0.842227
115362 0.938231
115413 0.845791
115464 0.819787
115515 0.831754
115566 0.840208
115617 0.728247
115668 0.708057
115719 0.79234
115770 0.716267
115821 0.79159
115872 0.674042
115923 0.818188
115974 0.85591
116025 0.775543
116076 0.788044
116127 0.752592
116178 0.750803
116229 0.800797
116280 0.857987
116331 0.943043
116382 0.844274
116433 0.835654
116484 0.987419
116535 0.884529
116586 0.807706
116637 0.737745
116688 0.79439
116739 0.844596
116790 1.03072
116841 0.969388
116892 1.01195
116943 1.02149
116994 0.968608
117045 1.02554
117096 1.13238
117147 1.31929
117198 0.940562
117249 1.02421
117300 0.969451
117351 0.835707
117402 0.784526
117453 0.838481
117504 0.894085
117555 0.807443
117606 0.821764
117657 0.788816
117708 0.81744
117759 0.901873
117810 0.890947
117861 0.955733
117912 0.788771
117963 0.887817
118014 1.08866
118065 0.650448
118116 0.827494
118167 0.876277
118218 0.997919
118269 1.00937
118320 0.783463
118371 0.974314
118422 1.0391
118473 1.00037
118524 1.10486
118575 1.3542
118626 1.14814
118677 1.01764
118728 1.08985
118779 1.04315
118830 0.899773
118881 1.24511
118932 1.04739
118983 1.00274
119034 1.0434
119085 1.01043
119136 0.868336
119187 0.838174
119238 1.06759
119289 0.836512
119340 0.997965
119391 1.0341
119442 0.869937
119493 1.06459
119544 1.07563
119595 0.878531
119646 1.00211
119697 1.03997
119748 0.868501
119799 0.759847
119850 0.76903
119901 1.00486
119952 0.865388
120003 0.908045
120054 0.994803
120105 0.94329
120156 0.977711
120207 1.03696
120258 0.82893
120309 0.966417
120360 0.977494
120411 0.943161
120462 1.10465
120513 0.924717
120564 1.03185
120615 1.07382
120666 0.988842
120717 1.02133
120768 1.0847
120819 1.03687
120870 0.899894
120921 0.787869
120972 0.819757
121023 0.697489
121074 0.858119
121125 0.844036
121176 0.841233
121227 0.837789
121278 0.887099
121329 0.944027
121380 0.927837
121431 1.02559
121482 1.07346
121533 0.941775
121584 1.11007
121635 0.940776
121686 0.956019
121737 0.951941
121788 0.815009
121839 0.805408
121890 0.811962
121941 0.833936
121992 0.938129
122043 1.11395
122094 0.923586
122145 0.851036
122196 1.01076
122247 0.875348
122298 0.713467
122349 0.831701
122400 0.898829
122451 0.912652
122502 0.932191
122553 0.867499
122604 0.939047
122655 0.741844
122706 0.820862
122757 0.8237
122808 0.785306
122859 0.908634
122910 0.953595
122961 0.890155
123012 0.71008
123063 0.885983
123114 0.816123
123165 0.853425
123216 0.944818
123267 0.975025
123318 0.87778
123369 0.989953
123420 0.899138
123471 0.886524
123522 0.820062
123573 0.981941
123624 0.834824
123675 0.86988
123726 0.932805
123777 0.923386
123828 0.810557
123879 0.681995
123930 0.695952
123981 0.722294
124032 0.853372
124083 0.755939
124134 0.934209
124185 0.923995
124236 0.852089
124287 0.726929
124338 0.703637
124389 0.928082
124440 0.948662
124491 0.984772
124542 0.805198
124593 0.789056
124644 0.794509
124695 0.772499
124746 0.889018
124797 0.818284
124848 0.897962
124899 0.775668
124950 0.966787
125001 0.748147
125052 0.732041
125103 0.737546
125154 0.762018
125205 0.711093
125256 0.727206
125307 0.907221
125358 0.865329
125409 0.705508
125460 0.801362
125511 0.76792
125562 0.754922
125613 0.709011
125664 0.721406
125715 0.721137
125766 0.703216
125817 0.636735
125868 0.698409
125919 0.687292
125970 0.751509
126021 0.72643
126072 0.699541
126123 0.69536
126174 0.674552
126225 0.715452
126276 0.699631
126327 0.596985
126378 0.77972
126429 0.71319
126480 0.716642
126531 0.7253
126582 0.748592
126633 0.782243
126684 0.721002
126735 0.74576
126786 0.776399
126837 0.741961
126888 0.761182
126939 0.716171
126990 0.8618
127041 0.75789
127092 0.808122
127143 0.767587
127194 0.735731
127245 0.704532
127296 0.601013
127347 0.685365
127398 0.735723
127449 0.67232
127500 0.728315
127551 0.771282
127602 0.832691
127653 0.809591
127704 0.725215
127755 0.80937
127806 0.717231
127857 0.682395
127908 0.771615
127959 0.65081
128010 0.892552
128061 0.915666
128112 0.79872
128163 0.803447
128214 0.703935
128265 0.840661
128316 0.701214
128367 0.810847
128418 0.792913
128469 0.816623
128520 0.822826
128571 0.901642
128622 0.882586
128673 0.933401
128724 0.911902
128775 0.641215
128826 0.795336
128877 0.946712
128928 0.903639
128979 0.866721
129030 0.817596
129081 0.736396
129132 0.715151
129183 1.02002
129234 0.745052
129285 0.928065
129336 0.905359
129387 0.891975
129438 0.689524
129489 0.847996
129540 0.83516
129591 0.844997
129642 0.726498
129693 0.761833
129744 1.01668
129795 0.835757
129846 0.924592
129897 0.94042
129948 0.914017
129999 0.943573
130050 0.804786
130101 0.961591
130152 0.974566
130203 0.69529
130254 0.748366
130305 0.810754
130356 0.917798
130407 0.913583
130458 0.83739
130509 0.735744
130560 0.705491
130611 0.825597
130662 0.879582
130713 0.828819
130764 0.76101
130815 0.837796
130866 0.816929
130917 0.823711
130968 0.664872
131019 0.745653
131070 0.870751
131121 0.840383
131172 0.884607
131223 0.873198
131274 0.736048
131325 0.804245
131376 0.874734
131427 0.784329
131478 0.861792
131529 0.822501
131580 0.708826
131631 0.776731
131682 0.948624
131733 1.03144
131784 0.796063
131835 0.700488
131886 1.0256
131937 0.873906
131988 0.809048
132039 0.859296
132090 0.826104
132141 0.793544
132192 0.75482
132243 0.830671
132294 0.807908
132345 0.86885
132396 0.843503
132447 0.709236
132498 0.866317
132549 0.751708
132600 0.848779
132651 0.866164
132702 0.741843
132753 0.797544
132804 0.794781
132855 0.93258
132906 0.919898
132957 0.750327
133008 0.855029
133059 0.780064
133110 0.746429
133161 0.94548
133212 1.1475
133263 0.806476
133314 0.767282
133365 0.874942
133416 0.812374
133467 0.821485
133518 0.955482
133569 0.90763
133620 0.953849
133671 0.732811
133722 0.779222
133773 0.760155
133824 0.984462
133875 0.940525
133926 0.887412
133977 0.845421
134028 0.771134
134079 0.681072
134130 0.807279
134181 0.893411
134232 0.836021
134283 0.753705
134334 0.727686
134385 1.00003
134436 0.837802
134487 0.769609
134538 0.606588
134589 0.915791
134640 0.593808
134691 0.75131
134742 0.825851
134793 0.806805
134844 0.722382
134895 0.695123
134946 0.931369
134997 0.761696
135048 0.930484
135099 1.05446
135150 0.796333
135201 0.900826
135252 0.782398
135303 0.745484
135354 0.757416
135405 0.837254
135456 0.8995
135507 0.95667
135558 0.77448
135609 0.747554
135660 0.739774
135711 0.732638
135762 0.898327
135813 0.611241
135864 0.82377
135915 0.825121
135966 0.709961
136017 0.909406
136068 0.708071
136119 0.864366
136170 0.664055
136221 0.935402
136272 0.913413
136323 0.821834
136374 0.770487
136425 0.867092
136476 0.675117
136527 0.824802
136578 0.807948
136629 0.76191
136680 0.735686
136731 0.919478
136782 0.766235
136833 0.858033
136884 0.934224
136935 0.763915
136986 0.934824
137037 0.844836
137088 0.80872
137139 0.830847
137190 0.837707
137241 0.961175
137292 0.734826
137343 0.701146
137394 0.887246
137445 0.897096
137496 0.925013
137547 0.961008
137598 0.858365
137649 0.88828
137700 0.87394
137751 0.763313
137802 0.968163
137853 0.909944
137904 0.883558
137955 0.761511
138006 0.677605
138057 0.973976
138108 0.758605
138159 0.651449
138210 0.841895
138261 0.948178
138312 0.668259
138363 0.665323
138414 0.769322
138465 0.946261
138516 0.9922
138567 0.945571
138618 0.895584
138669 0.713047
138720 0.613476
138771 0.726992
138822 0.897051
138873 0.799935
138924 0.656339
138975 0.581238
139026 0.572501
139077 0.804822
139128 0.700886
139179 0.839834
139230 0.981018
139281 0.733548
139332 0.66603
139383 0.726828
139434 0.707309
139485 0.80204
139536 0.682012
139587 0.672796
139638 0.680554
139689 0.688826
139740 0.697251
139791 0.880103
139842 0.697144
139893 0.750978
139944 0.839886
139995 0.951645
140046 0.699923
140097 0.813821
140148 0.55233
140199 0.860581
140250 0.754221
140301 0.675015
140352 0.720925
140403 0.746996
140454 0.921921
140505 0.752149
140556 0.677188
140607 0.863391
140658 0.675736
140709 0.739974
140760 0.942915
140811 0.906215
140862 0.83026
140913 0.887528
140964 0.90954
141015 0.755706
141066 0.680792
141117 0.840108
141168 0.832073
141219 0.837473
141270 0.920989
141321 0.789644
141372 0.976683
141423 0.739578
141474 0.740785
141525 0.794203
141576 0.718822
141627 0.84935
141678 0.881568
141729 0.614675
141780 0.735339
141831 0.677434
141882 0.684665
141933 0.907144
141984 0.767118
142035 0.804521
142086 0.839283
142137 0.93273
142188 0.687548
142239 0.846219
142290 0.952684
142341 0.751924
142392 0.773642
142443 0.81161
142494 0.824641
142545 0.76249
142596 0.68294
142647 0.643433
142698 0.742993
142749 0.805311
142800 0.875762
142851 0.799007
142902 0.750658
142953 0.784523
143004 0.6995
143055 0.708583
143106 0.775554
143157 0.780562
143208 0.691307
143259 0.682256
143310 0.85381
143361 0.920282
143412 0.740077
143463 0.9408
143514 0.651943
143565 0.858428
143616 0.965358
143667 0.824743
143718 0.87195
143769 0.787153
143820 0.888166
143871 0.790318
143922 0.699583
143973 0.717542
144024 0.661917
144075 0.976726
144126 0.706973
144177 0.806683
144228 0.857527
144279 0.664876
144330 0.830294
144381 0.735698
144432 0.915747
144483 0.962051
144534 0.776275
144585 0.839571
144636 0.836676
144687 0.672968
144738 0.963857
144789 0.708528
144840 0.711244
144891 0.900079
144942 0.765446
144993 0.733311
145044 0.770346
145095 0.87312
145146 0.820585
145197 0.749555
145248 0.752198
145299 0.659939
145350 0.934451
145401 0.735087
145452 0.828183
145503 0.809941
145554 0.884979
145605 0.72567
145656 1.07801
145707 0.888263
145758 0.794154
145809 0.677496
145860 0.657378
145911 0.733152
145962 0.755732
146013 0.92351
146064 0.865567
146115 0.738277
146166 0.803776
146217 0.706445
146268 0.945366
146319 0.97599
146370 0.708683
146421 0.828165
146472 0.716793
146523 0.62595
146574 0.682911
146625 0.942204
146676 0.905848
146727 0.704596
146778 0.930057
146829 1.01222
146880 0.856092
146931 0.887299
146982 0.673038
147033 0.985069
147084 0.966071
147135 0.86123
147186 0.715308
147237 0.676834
147288 0.718397
147339 0.890139
147390 0.705608
147441 0.840072
147492 0.824587
147543 0.953222
147594 0.926695
147645 0.886715
147696 0.749547
147747 0.719811
147798 0.62557
147849 0.837723
147900 0.908785
147951 0.798514
148002 0.782721
148053 0.893065
148104 0.773308
148155 0.774415
148206 0.659585
148257 0.781454
148308 0.790668
148359 0.709465
148410 0.695756
148461 0.705631
148512 0.96969
148563 0.873476
148614 0.8902
148665 0.731629
148716 0.695226
148767 0.930936
148818 0.926142
148869 0.896805
148920 0.9359
148971 0.858739
149022 0.71999
149073 0.855569
149124 0.780297
149175 0.828304
149226 0.785863
149277 0.855536
149328 0.747713
149379 0.886829
149430 0.925851
149481 0.898033
149532 0.881898
149583 0.873087
149634 0.828538
149685 0.812371
149736 0.712268
149787 0.86206
149838 0.677216
149889 0.71925
149940 0.835425
149991 0.830683
150042 0.673741
150093 0.817982
150144 0.66501
150195 0.690547
150246 0.623506
150297 0.874497
150348 0.907206
150399 0.734164
150450 0.890411
150501 0.782585
150552 0.724469
150603 1.00169
150654 0.726148
150705 0.733512
150756 0.780092
150807 0.842626
150858 0.702932
150909 0.795145
150960 0.754857
151011 0.910535
151062 0.724404
151113 0.844468
151164 0.735646
151215 0.724976
151266 0.644372
151317 0.718702
151368 0.886522
151419 0.860238
151470 0.664625
151521 0.636937
151572 0.656519
151623 0.785471
151674 0.834874
151725 0.581387
151776 0.724411
151827 0.582574
151878 0.647076
151929 0.822369
151980 0.815779
152031 0.669224
152082 0.612271
152133 0.970735
152184 0.840184
152235 0.914807
152286 0.840155
152337 0.721138
152388 0.88302
152439 0.847041
152490 0.862366
152541 0.938664
152592 0.710372
152643 0.740272
152694 0.853244
152745 0.605177
152796 0.767292
152847 0.729873
152898 0.81177
152949 0.905655
153000 0.832466
153051 0.947337
153102 0.730078
153153 0.864458
153204 0.657705
153255 0.776615
153306 0.797979
153357 0.887321
153408 0.860503
153459 0.851801
153510 0.7011
153561 0.728098
153612 0.615506
153663 0.600955
153714 0.815196
153765 0.919842
153816 0.888556
153867 0.8365
153918 0.696878
153969 0.763142
154020 0.755909
154071 0.714782
154122 0.554378
154173 0.873591
154224 0.733423
154275 0.677562
154326 0.90682
154377 1.1219
154428 0.745537
154479 0.654933
154530 0.722136
154581 0.762993
154632 0.716485
154683 0.742057
154734 0.933484
154785 0.876496
154836 0.59089
154887 0.960661
154938 0.938906
154989 0.639812
155040 0.893063
155091 0.844343
155142 0.733794
155193 0.731321
155244 0.914562
155295 0.601943
155346 0.911411
155397 0.780518
155448 0.757295
155499 0.893841
155550 0.802758
155601 0.612647
155652 0.816671
155703 0.961087
155754 0.589851
155805 0.937527
155856 0.77791
155907 0.683533
155958 0.934447
156009 0.897196
156060 0.691356
156111 0.66467
156162 0.827546
156213 0.959216
156264 0.884665
156315 0.863373
156366 0.76547
156417 0.907683
156468 0.790248
156519 0.60248
156570 0.656145
156621 0.799554
156672 0.716792
156723 0.927414
156774 0.849835
156825 0.69744
156876 0.568747
156927 0.694636
156978 0.602045
157029 0.73248
157080 0.94554
157131 0.825808
157182 0.874664
157233 0.640782
157284 0.762049
157335 0.872764
157386 0.848128
157437 0.62136
157488 0.831922
157539 0.805035
157590 0.788422
157641 0.59589
157692 0.636841
157743 0.858471
157794 0.679503
157845 0.602553
157896 0.924791
157947 0.704726
157998 0.857145
158049 0.807535
158100 0.914334
158151 0.762655
158202 0.894451
158253 0.917834
158304 0.795263
158355 0.640218
158406 0.883069
158457 0.816453
158508 0.711988
158559 0.846275
158610 0.710585
158661 0.641817
158712 0.88077
158763 0.651806
158814 0.776392
158865 0.873918
158916 0.616411
158967 0.868357
159018 0.640891
159069 0.807201
159120 0.755753
159171 0.833203
159222 0.779528
159273 0.771837
159324 0.910215
159375 0.945374
159426 0.661703
159477 0.865209
159528 0.935054
159579 0.801136
159630 0.805709
159681 0.745396
159732 0.834808
159783 0.926379
159834 0.763995
159885 0.790372
159936 0.745624
159987 0.761742
160038 0.869295
160089 0.721392
160140 0.887193
160191 0.789417
160242 0.865402
160293 0.771614
160344 0.814485
160395 0.8079
160446 0.769116
160497 0.832635
160548 0.810813
160599 0.668399
160650 0.745679
160701 0.791708
160752 0.88769
160803 0.914372
160854 0.887327
160905 0.934961
160956 0.72514
161007 0.981038
161058 0.825792
161109 0.76159
161160 0.609017
161211 0.661866
161262 0.755935
161313 0.644688
161364 0.72886
161415 0.946783
161466 0.875599
161517 0.775978
161568 0.622104
161619 0.869002
161670 0.676991
161721 0.833351
161772 0.841015
161823 0.866199
161874 0.702538
161925 0.739229
161976 0.763248
162027 0.820205
162078 0.644952
162129 0.914652
162180 0.875076
162231 0.895727
162282 0.801919
162333 0.754111
162384 0.786922
162435 0.625046
162486 0.862667
162537 0.818777
162588 0.662428
162639 0.645669
162690 0.901162
162741 0.594027
162792 0.764257
162843 0.672879
162894 0.699714
162945 0.588013
162996 0.7673
163047 0.981872
163098 0.795875
163149 0.762769
163200 0.929664
163251 0.621121
163302 0.594953
163353 0.83948
163404 0.764416
163455 0.741077
163506 0.684515
163557 0.877274
163608 0.591881
163659 0.73765
163710 0.769845
163761 0.692133
163812 0.519582
163863 0.648569
163914 0.518084
163965 0.64664
164016 0.62501
164067 0.541246
164118 0.593768
164169 0.571814
164220 0.652982
164271 0.565646
164322 0.584389
164373 0.670363
164424 0.576381
164475 0.742955
164526 0.638409
164577 0.713941
164628 0.573813
164679 0.604977
164730 0.618938
164781 0.579982
164832 0.736818
164883 0.784033
164934 0.590108
164985 0.664799
165036 0.65307
165087 0.712647
165138 0.676222
165189 0.659254
165240 0.62189
165291 0.552133
165342 0.630003
165393 0.60516
165444 0.567339
165495 0.560477
165546 0.735984
165597 0.629429
165648 0.739419
165699 0.637694
165750 0.592504
165801 0.685944
165852 0.662314
165903 0.498181
165954 0.53132
166005 0.562456
166056 0.60022
166107 0.629386
166158 0.556117
166209 0.704461
166260 0.714093
166311 0.540604
166362 0.569988
166413 0.680713
166464 0.632119
166515 0.528766
166566 0.443354
166617 0.524215
166668 0.666962
166719 0.613704
166770 0.739465
166821 0.57164
166872 0.696086
166923 0.552343
166974 0.656801
167025 0.695414
167076 0.714159
167127 0.598431
167178 0.745405
167229 0.631659
167280 0.687046
167331 0.721672
167382 0.608447
167433 0.55914
167484 0.505696
167535 0.633791
167586 0.602685
167637 0.65753
167688 0.611022
167739 0.591727
167790 0.629028
167841 0.617368
167892 0.774232
167943 0.645127
167994 0.505717
168045 0.639685
168096 0.648368
168147 0.828663
168198 0.650894
168249 0.49735
168300 0.604874
168351 0.513454
168402 0.615456
168453 0.565505
168504 0.621714
168555 0.577912
168606 0.589567
168657 0.761788
168708 0.562535
168759 0.539675
168810 0.653816
168861 0.833437
168912 0.728644
168963 0.508379
169014 0.599613
169065 0.736959
169116 0.651695
169167 0.622785
169218 0.521902
169269 0.662998
169320 0.664572
169371 0.48302
169422 0.610037
169473 0.581271
169524 0.576021
169575 0.558047
169626 0.69022
169677 0.554363
169728 0.562288
169779 0.531474
169830 0.67081
169881 0.754676
169932 0.58977
169983 0.596134
170034 0.537575
170085 0.62652
170136 0.578634
170187 0.730544
170238 0.527162
170289 0.725045
170340 0.638199
170391 0.511047
170442 0.511296
170493 0.446181
170544 0.720437
170595 0.66039
170646 0.661613
170697 0.480317
170748 0.569957
170799 0.636681
170850 0.567788
170901 0.64862
170952 0.544651
171003 0.602302
171054 0.602622
171105 0.556695
171156 0.597803
171207 0.626254
171258 0.571373
171309 0.588368
171360 0.701212
171411 0.546708
171462 0.631837
171513 0.580978
171564 0.539186
171615 0.627479
171666 0.61223
171717 0.597485
171768 0.785913
171819 0.538787
171870 0.585429
171921 0.671775
171972 0.665842
172023 0.59096
172074 0.529294
172125 0.457756
172176 0.523408
172227 0.680328
172278 0.629059
172329 0.703193
172380 0.645469
172431 0.721979
172482 0.54057
172533 0.560543
172584 0.66173
172635 0.684244
172686 0.685479
172737 0.655115
172788 0.502341
172839 0.576357
172890 0.573153
172941 0.55195
172992 0.598597
173043 0.532346
173094 0.525316
173145 0.692455
173196 0.605852
173247 0.534943
173298 0.586081
173349 0.547547
173400 0.610299
173451 0.548406
173502 0.620256
173553 0.545253
173604 0.631884
173655 0.666402
173706 0.864484
173757 0.71981
173808 0.80746
173859 0.597115
173910 0.78033
173961 0.820444
174012 0.654363
174063 0.766289
174114 0.630293
174165 0.661509
174216 0.848208
174267 0.606337
174318 0.903528
174369 0.925931
174420 0.82826
174471 0.753848
174522 0.840705
174573 0.632713
174624 0.635456
174675 0.668348
174726 0.741816
174777 0.57986
174828 0.638244
174879 0.626063
174930 0.622608
174981 0.653981
175032 0.815271
175083 0.753076
175134 0.740041
175185 0.755649
175236 0.718028
175287 0.887809
175338 0.729964
175389 0.736785
175440 0.712619
175491 0.688057
175542 0.511031
175593 0.766313
175644 0.715574
175695 0.677491
175746 0.591345
175797 0.674314
175848 0.646139
175899 0.688269
175950 0.776179
176001 0.800443
176052 0.843451
176103 0.646551
176154 0.804598
176205 0.646566
176256 0.669735
176307 0.578
176358 0.667208
176409 0.832026
176460 0.899179
176511 0.676947
176562 0.823061
176613 0.746203
176664 0.683431
176715 0.815482
176766 0.668857
176817 0.680523
176868 0.58486
176919 0.645747
176970 0.595623
177021 0.8334
177072 0.807685
177123 0.761934
177174 0.65503
177225 0.807989
177276 0.579055
177327 0.721703
177378 0.685455
177429 0.62522
177480 0.709392
177531 0.531225
177582 0.704596
177633 0.734008
177684 0.638917
177735 0.640051
177786 0.924762
177837 0.745104
177888 0.763641
177939 0.58928
177990 0.65897
178041 0.513239
178092 0.640223
178143 0.544277
178194 0.747755
178245 0.764578
178296 0.565055
178347 0.702211
178398 0.777029
178449 0.663547
178500 0.64793
178551 0.544778
178602 0.706181
178653 0.686218
178704 0.649093
178755 0.60809
178806 0.543593
178857 0.623305
178908 0.805992
178959 0.738825
179010 0.5976
179061 0.600052
179112 0.642283
179163 0.56803
179214 0.76141
179265 0.600474
179316 0.675863
179367 0.468743
179418 0.611614
179469 0.636919
179520 0.753467
179571 0.695002
179622 0.614479
179673 0.720693
179724 0.688013
179775 0.603173
179826 0.632778
179877 0.61814
179928 0.736738
179979 0.643204
180030 0.620138
180081 0.631405
180132 0.773114
180183 0.605741
180234 0.761057
180285 0.620335
180336 0.623612
180387 0.532771
180438 0.615422
180489 0.670243
180540 0.648877
180591 0.671257
180642 0.605394
180693 0.587493
180744 0.678882
180795 0.521238
180846 0.592601
180897 0.553882
180948 0.619622
180999 0.603479
181050 0.613915
181101 0.541933
181152 0.6245
181203 0.615564
181254 0.557629
181305 0.544987
181356 0.702467
181407 0.577833
181458 0.72558
181509 0.706037
181560 0.567392
181611 0.744595
181662 0.545103
181713 0.55665
181764 0.547972
181815 0.583842
181866 0.570416
181917 0.545194
181968 0.582851
182019 0.533134
182070 0.526574
182121 0.506497
182172 0.595018
182223 0.498069
182274 0.574252
182325 0.587936
182376 0.707676
182427 0.607573
182478 0.698624
182529 0.580534
182580 0.558832
182631 0.574396
182682 0.530391
182733 0.544784
182784 0.547022
182835 0.573034
182886 0.717638
182937 0.577227
182988 0.648276
183039 0.605775
183090 0.599401
183141 0.599052
183192 0.670204
183243 0.56676
183294 0.562691
183345 0.485262
183396 0.587592
183447 0.850329
183498 0.60856
183549 0.619525
183600 0.634648
183651 0.600773
183702 0.573623
183753 0.632234
183804 0.555691
183855 0.703042
183906 0.635354
183957 0.559947
184008 0.588482
184059 0.682214
184110 0.604132
184161 0.656785
184212 0.693106
184263 0.547931
184314 0.553849
184365 0.632345
184416 0.551667
184467 0.597543
184518 0.59957
184569 0.489677
184620 0.686656
184671 0.676208
184722 0.66037
184773 0.602313
184824 0.840584
184875 0.619448
184926 0.592652
184977 0.513266
185028 0.634479
185079 0.68829
185130 0.59936
185181 0.614147
185232 0.674008
185283 0.821664
185334 0.61566
185385 0.592893
185436 0.564613
185487 0.667988
185538 0.618426
185589 0.561767
185640 0.529063
185691 0.657402
185742 0.771361
185793 0.573496
185844 0.592395
185895 0.524163
185946 0.640356
185997 0.58308
186048 0.750819
186099 0.632681
186150 0.613275
186201 0.653374
186252 0.649487
186303 0.578556
186354 0.771173
186405 0.546204
186456 0.519307
186507 0.576333
186558 0.565646
186609 0.592785
186660 0.611994
186711 0.601623
186762 0.477743
186813 0.596232
186864 0.710498
186915 0.668874
186966 0.646821
187017 0.592605
187068 0.726954
187119 0.654178
187170 0.684082
187221 0.604131
187272 0.496321
187323 0.810529
187374 0.605988
187425 0.586073
187476 0.542005
187527 0.53534
187578 0.59234
187629 0.478864
187680 0.685831
187731 0.708283
187782 0.582094
187833 0.559228
187884 0.574087
187935 0.649216
187986 0.597781
188037 0.584748
188088 0.587895
188139 0.542552
188190 0.60755
188241 0.621347
188292 0.59705
188343 0.682725
188394 0.678224
188445 0.661011
188496 0.632118
188547 0.622209
188598 0.610352
188649 0.691686
188700 0.606899
188751 0.693316
188802 0.653358
188853 0.786484
188904 0.65242
188955 0.63486
189006 0.513033
189057 0.648438
189108 0.770436
189159 0.79569
189210 0.673133
189261 0.555082
189312 0.592259
189363 0.58077
189414 0.538524
189465 0.570102
189516 0.569254
189567 0.62046
189618 0.578106
189669 0.511334
189720 0.510871
189771 0.577513
189822 0.506026
189873 0.554905
189924 0.561516
189975 0.620265
190026 0.579946
190077 0.552148
190128 0.591405
190179 0.678958
190230 0.618751
190281 0.555054
190332 0.599722
190383 0.581381
190434 0.662191
190485 0.623924
190536 0.568192
190587 0.62888
190638 0.567849
190689 0.619677
190740 0.459911
190791 0.686371
190842 0.551687
190893 0.655075
190944 0.591508
190995 0.533479
191046 0.59505
191097 0.721065
191148 0.581253
191199 0.644978
191250 0.73449
191301 0.673552
191352 0.605248
191403 0.58538
191454 0.599633
191505 0.748645
191556 0.565111
191607 0.617828
191658 0.58266
191709 0.598316
191760 0.605181
191811 0.576356
191862 0.536472
191913 0.538622
191964 0.600525
192015 0.619445
192066 0.557114
192117 0.715184
192168 0.620635
192219 0.569062
192270 0.551807
192321 0.562909
192372 0.698419
192423 0.500065
192474 0.574392
192525 0.627932
192576 0.567203
192627 0.602385
192678 0.59092
192729 0.561617
192780 0.52184
192831 0.61883
192882 0.492603
192933 0.5315
192984 0.592396
193035 0.544183
193086 0.608063
193137 0.67428
193188 0.639553
193239 0.587395
193290 0.555879
193341 0.557946
193392 0.58757
193443 0.603918
193494 0.610538
193545 0.59707
193596 0.587555
193647 0.564655
193698 0.621795
193749 0.580982
193800 0.580317
193851 0.578544
193902 0.642716
193953 0.623129
194004 0.512085
194055 0.531508
194106 0.567685
194157 0.575859
194208 0.594356
194259 0.56202
194310 0.65315
194361 0.607118
194412 0.639561
194463 0.716843
194514 0.548514
194565 0.54919
194616 0.585839
194667 0.715846
194718 0.572906
194769 0.588836
194820 0.601306
194871 0.67383
194922 0.671586
194973 0.581811
195024 0.652945
195075 0.614775
195126 0.51249
195177 0.670027
195228 0.694166
195279 0.554991
195330 0.606307
195381 0.539954
195432 0.519667
195483 0.613642
195534 0.591402
195585 0.783643
195636 0.663917
195687 0.607137
195738 0.640229
195789 0.573998
195840 0.505015
195891 0.527626
195942 0.607294
195993 0.55959
196044 0.678313
196095 0.718646
196146 0.587052
196197 0.375394
196248 0.82844
196299 0.665553
196350 0.654084
196401 0.597348
196452 0.626529
196503 0.575132
196554 0.665041
196605 0.568166
196656 0.533064
196707 0.58332
196758 0.592632
196809 0.646519
196860 0.547837
196911 0.535371
196962 0.534225
197013 0.597846
197064 0.458536
197115 0.627095
197166 0.601294
197217 0.589937
197268 0.592064
197319 0.587608
197370 0.659659
197421 0.545018
197472 0.555806
197523 0.535372
197574 0.565639
197625 0.692974
197676 0.594619
197727 0.563757
197778 0.583655
197829 0.44389
197880 0.554382
197931 0.655809
197982 0.649659
198033 0.542767
198084 0.528825
198135 0.63763
198186 0.682071
198237 0.493833
198288 0.666807
198339 0.547294
198390 0.565262
198441 0.533919
198492 0.582849
198543 0.646935
198594 0.726309
198645 0.578814
198696 0.634149
198747 0.601023
198798 0.686736
198849 0.689251
198900 0.561476
198951 0.661475
199002 0.596173
199053 0.57329
199104 0.654452
199155 0.592784
199206 0.570378
199257 0.526823
199308 0.535749
199359 0.578283
199410 0.662993
199461 0.556186
199512 0.565394
199563 0.547999
199614 0.59101
199665 0.574947
199716 0.521972
199767 0.610812
199818 0.55314
199869 0.55078
199920 0.544461
199971 0.538828
200022 0.54692
200073 0.550806
200124 0.550677
200175 0.645858
200226 0.558163
200277 0.536761
200328 0.606973
200379 0.52919
200430 0.66544
200481 0.582727
200532 0.695076
200583 0.557652
200634 0.589086
200685 0.640151
200736 0.600942
200787 0.567441
200838 0.537727
200889 0.56018
200940 0.658777
200991 0.654087
201042 0.615622
201093 0.537044
201144 0.613965
201195 0.548594
201246 0.578393
201297 0.610059
201348 0.594377
201399 0.470131
201450 0.516057
201501 0.668241
201552 0.556097
201603 0.579385
201654 0.704715
201705 0.567157
201756 0.515261
201807 0.731311
201858 0.649846
201909 0.659322
201960 0.551212
202011 0.546957
202062 0.525852
202113 0.528987
202164 0.56014
202215 0.572646
202266 0.57868
202317 0.547495
202368 0.587169
202419 0.622794
202470 0.704094
202521 0.54694
202572 0.575713
202623 0.693722
202674 0.612583
202725 0.640781
202776 0.53327
202827 0.58149
202878 0.593748
202929 0.635636
202980 0.561326
203031 0.550679
203082 0.458245
203133 0.479021
203184 0.580352
203235 0.707606
203286 0.40313
203337 0.562282
203388 0.642211
203439 0.572128
203490 0.764286
203541 0.569537
203592 0.546192
203643 0.689439
203694 0.672314
203745 0.537663
203796 0.540516
203847 0.549154
203898 0.652086
203949 0.503831
204000 0.752751
204051 0.571633
204102 0.508789
204153 0.55371
204204 0.570772
204255 0.642092
204306 0.483622
204357 0.579815
204408 0.507297
204459 0.525887
204510 0.585292
204561 0.496171
204612 0.54
204663 0.548128
204714 0.502402
204765 0.547267
204816 0.539738
204867 0.569399
204918 0.519426
204969 0.562678
205020 0.512775
205071 0.595948
205122 0.46493
205173 0.57579
205224 0.529
205275 0.59333
205326 0.588612
205377 0.531447
205428 0.570735
205479 0.500258
205530 0.575227
205581 0.588526
205632 0.54162
205683 0.582689
205734 0.530728
205785 0.650052
205836 0.653216
205887 0.639628
205938 0.605769
205989 0.561373
206040 0.577727
206091 0.514646
206142 0.513165
206193 0.56601
206244 0.59383
206295 0.463212
206346 0.538682
206397 0.52048
206448 0.630156
206499 0.584762
206550 0.506507
206601 0.478966
206652 0.596712
206703 0.520016
206754 0.476741
206805 0.548776
206856 0.644287
206907 0.699548
206958 0.612399
207009 0.706225
207060 0.575193
207111 0.478739
207162 0.636893
207213 0.549018
207264 0.525269
207315 0.380079
207366 0.621324
207417 0.483126
207468 0.525142
207519 0.587966
207570 0.555843
207621 0.612293
207672 0.517425
207723 0.464614
207774 0.458341
207825 0.472898
207876 0.526867
207927 0.468568
207978 0.689206
208029 0.525532
208080 0.619501
208131 0.582749
208182 0.667521
208233 0.658134
208284 0.57544
208335 0.479781
208386 0.545525
208437 0.539269
208488 0.691597
208539 0.52255
208590 0.881156
208641 0.665975
208692 0.469438
208743 0.603789
208794 0.572538
208845 0.544969
208896 0.740419
208947 0.617964
208998 0.571924
209049 0.427905
209100 0.534997
209151 0.54024
209202 0.475135
209253 0.73723
209304 0.480637
209355 0.450962
209406 0.468254
209457 0.477686
209508 0.481059
209559 0.522057
209610 0.539905
209661 0.498631
209712 0.47345
209763 0.475293
209814 0.489401
209865 0.514821
209916 0.459749
209967 0.443373
210018 0.551061
210069 0.562162
210120 0.63901
210171 0.56204
210222 0.500003
210273 0.545576
210324 0.582324
210375 0.415738
210426 0.434366
210477 0.570378
210528 0.487568
210579 0.630203
210630 0.496007
210681 0.403781
210732 0.680332
210783 0.740522
210834 0.588508
210885 0.642339
210936 0.572927
210987 0.494495
211038 0.618228
211089 0.533782
211140 0.74318
211191 0.600223
211242 0.590805
211293 0.513027
211344 0.491827
211395 0.486589
211446 0.644887
211497 0.542329
211548 0.616225
211599 0.432548
211650 0.580013
211701 0.574234
211752 0.54219
211803 0.457558
211854 0.601416
211905 0.779043
211956 0.679822
212007 0.547931
212058 0.427995
212109 0.55439
212160 0.61178
212211 0.494781
212262 0.809796
212313 0.514216
212364 0.466376
212415 0.480951
212466 0.572219
212517 0.618631
212568 0.592934
212619 0.488142
212670 0.549912
212721 0.502488
212772 0.593657
212823 0.502919
212874 0.518944
212925 0.465516
212976 0.486973
213027 0.473882
213078 0.57545
213129 0.533667
213180 0.600106
213231 0.484443
213282 0.407949
213333 0.540236
213384 0.559583
213435 0.510135
213486 0.51875
213537 0.696714
213588 0.560019
213639 0.510483
213690 0.533132
213741 0.597777
213792 0.601174
213843 0.684713
213894 0.560452
213945 0.445562
213996 0.416206
214047 0.486756
214098 0.465425
214149 0.487124
214200 0.590667
214251 0.644945
214302 0.485282
214353 0.5221
214404 0.512653
214455 0.558072
214506 0.445
214557 0.459056
214608 0.495831
214659 0.532286
214710 0.687779
214761 0.622308
214812 0.451146
214863 0.489425
214914 0.529605
214965 0.544897
215016 0.47979
215067 0.483122
215118 0.504078
215169 0.523073
215220 0.490364
215271 0.578021
215322 0.558726
215373 0.633181
215424 0.471972
215475 0.599038
215526 0.634787
215577 0.498538
215628 0.693048
215679 0.512833
215730 0.576033
215781 0.599038
215832 0.518093
215883 0.585448
215934 0.523191
215985 0.499346
216036 0.586545
216087 0.666234
216138 0.552857
216189 0.562584
216240 0.665865
216291 0.608859
216342 0.539496
216393 0.529116
216444 0.52998
216495 0.497636
216546 0.58109
216597 0.671707
216648 0.526654
216699 0.538211
216750 0.585043
216801 0.541087
216852 0.48539
216903 0.549279
216954 0.463305
217005 0.498926
217056 0.487439
217107 0.462878
217158 0.49982
217209 0.549057
217260 0.573231
217311 0.572822
217362 0.561153
217413 0.489772
217464 0.44558
217515 0.647064
217566 0.525114
217617 0.454442
217668 0.508129
217719 0.510079
217770 0.571635
217821 0.601909
217872 0.516951
217923 0.891411
217974 0.527502
218025 0.569677
218076 0.555338
218127 0.628665
218178 0.520472
218229 0.539034
218280 0.482838
218331 0.484029
218382 0.536247
218433 0.499274
218484 0.664868
218535 0.492466
218586 0.480629
218637 0.67273
218688 0.558321
218739 0.495202
218790 0.513226
218841 0.524425
218892 0.539336
218943 0.496309
218994 0.535196
219045 0.57229
219096 0.558347
219147 0.534108
219198 0.563204
219249 0.644322
219300 0.504335
219351 0.546808
219402 0.503501
219453 0.514865
219504 0.522607
219555 0.538468
219606 0.485735
219657 0.538074
219708 0.523296
219759 0.566529
219810 0.56253
219861 0.510197
219912 0.510566
219963 0.499563
220014 0.639846
220065 0.468479
220116 0.531413
220167 0.499856
220218 0.539341
220269 0.571682
220320 0.628236
220371 0.503474
220422 0.507497
220473 0.545235
220524 0.472943
220575 0.486343
220626 0.671887
220677 0.55936
220728 0.62529
220779 0.540705
220830 0.470008
220881 0.55359
220932 0.548365
220983 0.47887
221034 0.489171
221085 0.557774
221136 0.535542
221187 0.665792
221238 0.510146
221289 0.602478
221340 0.530219
221391 0.590421
221442 0.485897
221493 0.48585
221544 0.499271
221595 0.462262
221646 0.609637
221697 0.571882
221748 0.532289
221799 0.657571
221850 0.604702
221901 0.512782
221952 0.528121
222003 0.429559
222054 0.502713
222105 0.505692
222156 0.48826
222207 0.462388
222258 0.522802
222309 0.538854
222360 0.522124
222411 0.475521
222462 0.519058
222513 0.538277
222564 0.629291
222615 0.545507
222666 0.510804
222717 0.677157
222768 0.547308
222819 0.502832
222870 0.523248
222921 0.527068
222972 0.657821
223023 0.523163
223074 0.63874
223125 0.536819
223176 0.494711
223227 0.500676
223278 0.460572
223329 0.459118
223380 0.583553
223431 0.638678
223482 0.504359
223533 0.476288
223584 0.553034
223635 0.437614
223686 0.517312
223737 0.785066
223788 0.467461
223839 0.485981
223890 0.602202
223941 0.506799
223992 0.590773
224043 0.605743
224094 0.52131
224145 0.495111
224196 0.519215
224247 0.516037
224298 0.488925
224349 0.67603
224400 0.686955
224451 0.520225
224502 0.57048
224553 0.493473
224604 0.549902
224655 0.551286
224706 0.632295
224757 0.497504
224808 0.559486
224859 0.524214
224910 0.63706
224961 0.65728
225012 0.513817
225063 0.458365
225114 0.472363
225165 0.558209
225216 0.594056
225267 0.549741
225318 0.493896
225369 0.507462
225420 0.523814
225471 0.509399
225522 0.523464
225573 0.522014
225624 0.569935
225675 0.51667
225726 0.47227
225777 0.493157
225828 0.531449
225879 0.471321
225930 0.498081
225981 0.489557
226032 0.589218
226083 0.53877
226134 0.540956
226185 0.772214
226236 0.493541
226287 0.479602
226338 0.522819
226389 0.550867
226440 0.551635
226491 0.546306
226542 0.569987
226593 0.537187
226644 0.538048
226695 0.564606
226746 0.66143
226797 0.555939
226848 0.573937
226899 0.481144
226950 0.59306
227001 0.518301
227052 0.471774
227103 0.688616
227154 0.494606
227205 0.536662
227256 0.554642
227307 0.495737
227358 0.476737
227409 0.514175
227460 0.540715
227511 0.502365
227562 0.681054
227613 0.509539
227664 0.496613
227715 0.530377
227766 0.57964
227817 0.557037
227868 0.625122
227919 0.565985
227970 0.524363
228021 0.502549
228072 0.633967
228123 0.482636
228174 0.456737
228225 0.521112
228276 0.480067
228327 0.53064
228378 0.614761
228429 0.549252
228480 0.494517
228531 0.45802
228582 0.526675
228633 0.687966
228684 0.609821
228735 0.645142
228786 0.563737
228837 0.462132
228888 0.45959
228939 0.490684
228990 0.543084
229041 0.488343
229092 0.518599
229143 0.539239
229194 0.51953
229245 0.615734
229296 0.499359
229347 0.51332
229398 0.478329
229449 0.597584
229500 0.550722
229551 0.734674
229602 0.625256
229653 0.552956
229704 0.781254
229755 0.522731
229806 0.651574
229857 0.547643
229908 0.589446
229959 0.500773
230010 0.507681
230061 0.51536
230112 0.518461
230163 0.599947
230214 0.526377
230265 0.569675
230316 0.546251
230367 0.501924
230418 0.632881
230469 0.667951
230520 0.516515
230571 0.491236
230622 0.502856
230673 0.546814
230724 0.521806
230775 0.602712
230826 0.581241
230877 0.539162
230928 0.525436
230979 0.493502
231030 0.584123
231081 0.62649
231132 0.562573
231183 0.481842
231234 0.485269
231285 0.492224
231336 0.517445
231387 0.537484
231438 0.711988
231489 0.528044
231540 0.552658
231591 0.547385
231642 0.602596
231693 0.498251
231744 0.498022
231795 0.561918
231846 0.575429
231897 0.520302
231948 0.543502
231999 0.538089
232050 0.497592
232101 0.730517
232152 0.638565
232203 0.592522
232254 0.497446
232305 0.528061
232356 0.562021
232407 0.536978
232458 0.441312
232509 0.550557
232560 0.607787
232611 0.559791
232662 0.582021
232713 0.478708
232764 0.470244
232815 0.630505
232866 0.499648
232917 0.479504
232968 0.458178
233019 0.49071
233070 0.50321
233121 0.495682
233172 0.531091
233223 0.590631
233274 0.54603
233325 0.515697
233376 0.565546
233427 0.538153
233478 0.495195
233529 0.555734
233580 0.577788
233631 0.49633
233682 0.537595
233733 0.497466
233784 0.676117
233835 0.659026
233886 0.693218
233937 0.545135
233988 0.501991
234039 0.567623
234090 0.643711
234141 0.510558
234192 0.550603
234243 0.485374
234294 0.510145
234345 0.576425
234396 0.502939
234447 0.472082
234498 0.746485
234549 0.492593
234600 0.502052
234651 0.526241
234702 0.733904
234753 0.474728
234804 0.522606
234855 0.571583
234906 0.613918
234957 0.517821
235008 0.562695
235059 0.614532
235110 0.561498
235161 0.495963
235212 0.580484
235263 0.512177
235314 0.562419
235365 0.493016
235416 0.614473
235467 0.458638
235518 0.522784
235569 0.523303
235620 0.606194
235671 0.471395
235722 0.59806
235773 0.512419
235824 0.54243
235875 0.612595
235926 0.66661
235977 0.798073
236028 0.957023
236079 0.833369
236130 0.795523
236181 0.5608
236232 0.527498
236283 0.511059
236334 0.738353
236385 0.522304
236436 0.547344
236487 0.511418
236538 0.511051
236589 0.491988
236640 0.493516
236691 0.486988
236742 0.54725
236793 0.546613
236844 0.4978
236895 0.551107
236946 0.573633
236997 0.492357
237048 0.528892
237099 0.573611
237150 0.511222
237201 0.543615
237252 0.59506
237303 0.532308
237354 0.617498
237405 0.573942
237456 0.486829
237507 0.541858
237558 0.729067
237609 0.610192
237660 0.544163
237711 0.535368
237762 0.554807
237813 0.573715
237864 0.468486
237915 0.498238
237966 0.629872
238017 0.483204
238068 0.565737
238119 0.7514
238170 0.554509
238221 0.503275
238272 0.496782
238323 0.473518
238374 0.641118
238425 0.684368
238476 0.550554
238527 0.514386
238578 0.493883
238629 0.504575
238680 0.520669
238731 0.552333
238782 0.484064
238833 0.51761
238884 0.491707
238935 0.488176
238986 0.516089
239037 0.546402
239088 0.484775
239139 0.542259
239190 0.564339
239241 0.550513
239292 0.521998
239343 0.509287
239394 0.576838
239445 0.585381
239496 0.522677
239547 0.512509
239598 0.695709
239649 0.442567
239700 0.5486
239751 0.611621
239802 0.71248
239853 0.636059
239904 0.614717
239955 0.534091
240006 0.627308
240057 0.516173
240108 0.612413
240159 0.689535
240210 0.538431
240261 0.545754
240312 0.507807
240363 0.691224
240414 0.532041
240465 0.493336
240516 0.487708
240567 0.470648
240618 0.478216
240669 0.503232
240720 0.532163
240771 0.505975
240822 0.510201
240873 0.571222
240924 0.492552
240975 0.514559
241026 0.499971
241077 0.568072
241128 0.532196
241179 0.513331
241230 0.472065
241281 0.567128
241332 0.517128
241383 0.51246
241434 0.510449
241485 0.585184
241536 0.454916
241587 0.493189
241638 0.535554
241689 0.533727
241740 0.516184
241791 0.587949
241842 0.482751
241893 0.600138
241944 0.692924
241995 0.582733
242046 0.533372
242097 0.754341
242148 0.450867
242199 0.508643
242250 0.525475
242301 0.508852
242352 0.798758
242403 0.61109
242454 0.556449
242505 0.525186
242556 0.508402
242607 0.534471
242658 0.452013
242709 0.522457
242760 0.563891
242811 0.504093
242862 0.458749
242913 0.555778
242964 0.524416
243015 0.510191
243066 0.542711
243117 0.521405
243168 0.556517
243219 0.484102
243270 0.689229
243321 0.705404
243372 0.731403
243423 0.701437
243474 0.605177
243525 0.642405
243576 0.685792
243627 0.501985
243678 0.518214
243729 0.643797
243780 0.682474
243831 0.522376
243882 0.593063
243933 0.492493
243984 0.557277
244035 0.672419
244086 0.522058
244137 0.639714
244188 0.588768
244239 0.558593
244290 0.493076
244341 0.480199
244392 0.541766
244443 0.561132
244494 0.576542
244545 0.592038
244596 0.530104
244647 0.636452
244698 0.608548
244749 0.557948
244800 0.677437
244851 0.542486
244902 0.546075
244953 0.529559
245004 0.473314
245055 0.607064
245106 0.549531
245157 0.532353
245208 0.584014
245259 0.483357
245310 0.509842
245361 0.554629
245412 0.525515
245463 0.486234
245514 0.508143
245565 0.502328
245616 0.514255
245667 0.492311
245718 0.638552
245769 0.558493
245820 0.515017
245871 0.682498
245922 0.641439
245973 0.626391
246024 0.525254
246075 0.64102
246126 0.709382
246177 0.509769
246228 0.705455
246279 0.516926
246330 0.495029
246381 0.47949
246432 0.584152
246483 0.548415
246534 0.648554
246585 0.592173
246636 0.629985
246687 0.583027
246738 0.624631
246789 0.632533
246840 0.538213
246891 0.547917
	0.753
