51 7.14483
102 4.47881
153 3.21175
204 2.55789
255 2.18362
306 1.9485
357 1.79691
408 1.67402
459 1.58078
510 1.50903
561 1.45277
612 1.40786
663 1.37144
714 1.34149
765 1.31652
816 1.29544
867 1.27745
918 1.26195
969 1.24846
1020 1.23664
1071 1.2262
1122 1.21691
1173 1.20855
1224 1.20092
1275 1.19384
1326 1.18713
1377 1.1807
1428 1.17446
1479 1.16839
1530 1.1625
1581 1.15678
1632 1.15125
1683 1.14592
1734 1.14078
1785 1.13582
1836 1.13103
1887 1.1264
1938 1.12193
1989 1.11762
2040 1.11346
2091 1.10946
2142 1.10562
2193 1.10195
2244 1.09844
2295 1.09509
2346 1.09189
2397 1.08882
2448 1.08589
2499 1.08308
2550 1.08038
2601 1.07778
2652 1.07528
2703 1.07286
2754 1.07053
2805 1.06827
2856 1.06608
2907 1.06395
2958 1.06189
3009 1.05988
3060 1.05793
3111 1.05603
3162 1.05418
3213 1.05237
3264 1.05061
3315 1.0489
3366 1.04722
3417 1.04558
3468 1.04398
3519 1.04242
3570 1.04089
3621 1.03939
3672 1.03793
3723 1.0365
3774 1.0351
3825 1.03372
3876 1.03238
3927 1.03106
3978 1.02977
4029 1.02851
4080 1.02727
4131 1.02605
4182 1.02486
4233 1.02369
4284 1.02255
4335 1.02142
4386 1.02032
4437 1.01923
4488 1.01817
4539 1.01712
4590 1.0161
4641 1.01509
4692 1.0141
4743 1.01312
4794 1.01217
4845 1.01123
4896 1.0103
4947 1.00939
4998 1.0085
5049 1.00762
5100 1.00675
5151 1.0059
5202 1.00507
5253 1.00424
5304 1.00343
5355 1.00263
5406 1.00185
5457 1.00107
5508 1.00031
5559 0.999562
5610 0.998822
5661 0.998094
5712 0.997376
5763 0.996669
5814 0.995972
5865 0.995285
5916 0.994608
5967 0.993941
6018 0.993282
6069 0.992633
6120 0.991993
6171 0.991361
6222 0.990738
6273 0.990124
6324 0.989517
6375 0.988919
6426 0.988328
6477 0.987745
6528 0.98717
6579 0.986602
6630 0.986041
6681 0.985487
6732 0.98494
6783 0.984399
6834 0.983866
6885 0.983338
6936 0.982818
6987 0.982303
7038 0.981795
7089 0.981292
7140 0.980795
7191 0.980304
7242 0.979819
7293 0.979339
7344 0.978865
7395 0.978396
7446 0.977932
7497 0.977474
7548 0.97702
7599 0.976571
7650 0.976128
7701 0.975689
7752 0.975254
7803 0.974824
7854 0.974399
7905 0.973978
7956 0.973561
8007 0.973149
8058 0.972741
8109 0.972337
8160 0.971937
8211 0.971541
8262 0.971149
8313 0.97076
8364 0.970376
8415 0.969995
8466 0.969618
8517 0.969244
8568 0.968874
8619 0.968507
8670 0.968144
8721 0.967784
8772 0.967427
8823 0.967074
8874 0.966724
8925 0.966376
8976 0.966032
9027 0.965691
9078 0.965353
9129 0.965018
9180 0.964686
9231 0.964357
9282 0.96403
9333 0.963706
9384 0.963385
9435 0.963066
9486 0.96275
9537 0.962437
9588 0.962126
9639 0.961818
9690 0.961512
9741 0.961209
9792 0.960908
9843 0.960609
9894 0.960313
9945 0.960019
9996 0.959727
10047 0.959437
10098 0.95915
10149 0.958865
10200 0.958581
10251 0.9583
10302 0.958021
10353 0.957744
10404 0.957469
10455 0.957196
10506 0.956925
10557 0.956656
10608 0.956389
10659 0.956123
10710 0.95586
10761 0.955598
10812 0.955338
10863 0.955079
10914 0.954823
10965 0.954568
11016 0.954315
11067 0.954063
11118 0.953813
11169 0.953565
11220 0.953318
11271 0.953073
11322 0.95283
11373 0.952588
11424 0.952347
11475 0.952108
11526 0.95187
11577 0.951634
11628 0.951399
11679 0.951166
11730 0.950934
11781 0.950703
11832 0.950474
11883 0.950246
11934 0.95002
11985 0.949794
12036 0.94957
12087 0.949347
12138 0.949126
12189 0.948905
12240 0.948686
12291 0.948468
12342 0.948252
12393 0.948036
12444 0.947821
12495 0.947608
12546 0.947396
12597 0.947185
12648 0.946975
12699 0.946766
12750 0.946558
12801 0.946351
12852 0.946145
12903 0.94594
12954 0.945736
13005 0.945533
13056 0.945331
13107 0.94513
13158 0.94493
13209 0.944731
13260 0.944533
13311 0.944335
13362 0.944139
13413 0.943944
13464 0.943749
13515 0.943555
13566 0.943362
13617 0.94317
13668 0.942978
13719 0.942788
13770 0.942598
13821 0.942409
13872 0.942221
13923 0.942033
13974 0.941846
14025 0.94166
14076 0.941475
14127 0.94129
14178 0.941106
14229 0.940923
14280 0.94074
14331 0.940558
14382 0.940377
14433 0.940196
14484 0.940016
14535 0.939837
14586 0.939658
14637 0.93948
14688 0.939302
14739 0.939125
14790 0.938948
14841 0.938772
14892 0.938597
14943 0.938422
14994 0.938247
15045 0.938073
15096 0.937899
15147 0.937726
15198 0.937554
15249 0.937381
15300 0.93721
15351 0.937038
15402 0.936867
15453 0.936697
15504 0.936526
15555 0.936357
15606 0.936187
15657 0.936018
15708 0.935849
15759 0.935681
15810 0.935512
15861 0.935344
15912 0.935177
15963 0.935009
16014 0.934842
16065 0.934675
16116 0.934509
16167 0.934342
16218 0.934176
16269 0.93401
16320 0.933844
16371 0.933678
16422 0.933512
16473 0.933347
16524 0.933182
16575 0.933016
16626 0.932851
16677 0.932686
16728 0.932521
16779 0.932356
16830 0.93219
16881 0.932025
16932 0.93186
16983 0.931695
17034 0.93153
17085 0.931365
17136 0.931199
17187 0.931034
17238 0.930868
17289 0.930703
17340 0.930537
17391 0.930371
17442 0.930204
17493 0.930038
17544 0.929871
17595 0.929704
17646 0.929537
17697 0.92937
17748 0.929202
17799 0.929034
17850 0.928866
17901 0.928697
17952 0.928527
18003 0.928358
18054 0.928188
18105 0.928017
18156 0.927846
18207 0.927675
18258 0.927503
18309 0.92733
18360 0.927157
18411 0.926983
18462 0.926809
18513 0.926634
18564 0.926458
18615 0.926282
18666 0.926105
18717 0.925927
18768 0.925748
18819 0.925569
18870 0.925388
18921 0.925207
18972 0.925025
19023 0.924842
19074 0.924658
19125 0.924474
19176 0.924288
19227 0.924101
19278 0.923913
19329 0.923724
19380 0.923533
19431 0.923342
19482 0.923149
19533 0.922956
19584 0.922761
19635 0.922564
19686 0.922366
19737 0.922167
19788 0.921967
19839 0.921765
19890 0.921561
19941 0.921356
19992 0.921149
20043 0.920941
20094 0.920731
20145 0.92052
20196 0.920306
20247 0.920091
20298 0.919874
20349 0.919655
20400 0.919434
20451 0.919211
20502 0.918986
20553 0.918759
20604 0.91853
20655 0.918299
20706 0.918065
20757 0.917829
20808 0.917591
20859 0.917351
20910 0.917107
20961 0.916862
21012 0.916613
21063 0.916362
21114 0.916108
21165 0.915852
21216 0.915592
21267 0.91533
21318 0.915064
21369 0.914795
21420 0.914523
21471 0.914248
21522 0.91397
21573 0.913688
21624 0.913402
21675 0.913113
21726 0.91282
21777 0.912523
21828 0.912222
21879 0.911917
21930 0.911607
21981 0.911294
22032 0.910976
22083 0.910653
22134 0.910326
22185 0.909994
22236 0.909656
22287 0.909314
22338 0.908966
22389 0.908613
22440 0.908254
22491 0.907889
22542 0.907518
22593 0.90714
22644 0.906756
22695 0.906366
22746 0.905968
22797 0.905562
22848 0.905149
22899 0.904728
22950 0.904299
23001 0.90386
23052 0.903413
23103 0.902955
23154 0.902487
23205 0.902009
23256 0.901519
23307 0.901017
23358 0.900501
23409 0.899972
23460 0.899429
23511 0.898869
23562 0.898292
23613 0.897697
23664 0.897082
23715 0.896446
23766 0.895786
23817 0.895101
23868 0.894387
23919 0.893643
23970 0.892866
24021 0.892051
24072 0.891196
24123 0.890295
24174 0.889344
24225 0.888336
24276 0.887267
24327 0.886129
24378 0.884913
24429 0.88361
24480 0.882211
24531 0.880703
24582 0.879074
24633 0.87731
24684 0.875393
24735 0.873306
24786 0.871028
24837 0.868538
24888 0.865811
24939 0.862821
24990 0.859543
25041 0.855949
25092 0.852016
25143 0.847726
25194 0.843071
25245 0.838057
25296 0.832706
25347 0.827054
25398 0.821144
25449 0.815019
25500 0.808727
25551 0.802335
25602 0.795941
25653 0.789675
25704 0.783682
25755 0.778088
25806 0.772976
25857 0.768357
25908 0.764178
25959 0.76033
26010 0.756672
26061 0.753059
26112 0.749363
26163 0.745478
26214 0.741332
26265 0.736882
26316 0.732122
26367 0.727082
26418 0.721821
26469 0.716428
26520 0.711008
26571 0.70567
26622 0.700505
26673 0.695571
26724 0.690892
26775 0.686451
26826 0.682206
26877 0.678095
26928 0.674056
26979 0.670025
27030 0.665956
27081 0.661817
27132 0.657591
27183 0.653272
27234 0.648859
27285 0.644348
27336 0.639735
27387 0.635015
27438 0.630186
27489 0.625251
27540 0.620217
27591 0.615103
27642 0.609948
27693 0.604848
27744 0.600018
27795 0.59594
27846 0.593525
27897 0.594055
27948 0.598355
27999 0.6059
28050 0.616064
28101 0.631613
28152 0.66333
28203 0.723273
28254 1.24989
28305 2.34507
28356 2.52176
28407 2.66405
28458 2.53998
28509 2.55338
28560 2.48071
28611 2.41698
28662 2.36512
28713 2.22898
28764 2.18301
28815 2.12153
28866 2.08331
28917 2.03871
28968 2.11996
29019 2.12691
29070 2.11069
29121 2.08514
29172 2.13782
29223 2.12448
29274 2.11151
29325 2.09632
29376 2.08162
29427 2.07659
29478 2.07934
29529 2.09323
29580 2.12249
29631 2.16997
29682 2.1554
29733 2.15412
29784 2.15078
29835 2.14719
29886 2.14306
29937 2.13792
29988 2.13167
30039 2.12449
30090 2.11635
30141 2.10679
30192 2.0953
30243 2.08186
30294 2.06731
30345 2.05277
30396 2.03874
30447 2.02522
30498 2.0118
30549 1.99763
30600 1.98432
30651 1.97189
30702 1.96039
30753 1.95508
30804 1.9606
30855 2.00841
30906 2.07642
30957 2.07168
31008 2.06621
31059 2.06138
31110 2.05683
31161 2.05199
31212 2.04589
31263 2.03668
31314 2.0359
31365 2.03985
31416 2.03868
31467 2.03689
31518 2.03483
31569 2.03265
31620 2.0304
31671 2.02807
31722 2.02564
31773 2.02309
31824 2.02042
31875 2.01766
31926 2.01482
31977 2.01192
32028 2.009
32079 2.00608
32130 2.00317
32181 2.00032
32232 1.99752
32283 1.9948
32334 1.99216
32385 1.98961
32436 1.98715
32487 1.98479
32538 1.98251
32589 1.98031
32640 1.9782
32691 1.97616
32742 1.97418
32793 1.97226
32844 1.9704
32895 1.96859
32946 1.96682
32997 1.96508
33048 1.96338
33099 1.96171
33150 1.96007
33201 1.95845
33252 1.95685
33303 1.95527
33354 1.95371
33405 1.95218
33456 1.95067
33507 1.94918
33558 1.94772
33609 1.9463
33660 1.94491
33711 1.94355
33762 1.94223
33813 1.94094
33864 1.93968
33915 1.93846
33966 1.93725
34017 1.93607
34068 1.9349
34119 1.93372
34170 1.93254
34221 1.93133
34272 1.93008
34323 1.92878
34374 1.92739
34425 1.92591
34476 1.92431
34527 1.92257
34578 1.92066
34629 1.91855
34680 1.91624
34731 1.9137
34782 1.91095
34833 1.90802
34884 1.90497
34935 1.90191
34986 1.89894
35037 1.89618
35088 1.89373
35139 1.89167
35190 1.89004
35241 1.88883
35292 1.88801
35343 1.88749
35394 1.88718
35445 1.88696
35496 1.88675
35547 1.88645
35598 1.88598
35649 1.88528
35700 1.88427
35751 1.88283
35802 1.88079
35853 1.8779
35904 1.87419
35955 1.87021
36006 1.8658
36057 1.86069
36108 1.85489
36159 1.84868
36210 1.84246
36261 1.83664
36312 1.83153
36363 1.82738
36414 1.82517
36465 1.84868
36516 1.88493
36567 1.90422
36618 1.90111
36669 1.89693
36720 1.89379
36771 1.89155
36822 1.88998
36873 1.88888
36924 1.88812
36975 1.88761
37026 1.88727
37077 1.88706
37128 1.88694
37179 1.8869
37230 1.8869
37281 1.88695
37332 1.88701
37383 1.8871
37434 1.88719
37485 1.88728
37536 1.88736
37587 1.88743
37638 1.88749
37689 1.88752
37740 1.88754
37791 1.88752
37842 1.88748
37893 1.8874
37944 1.88729
37995 1.88714
38046 1.88696
38097 1.88674
38148 1.88648
38199 1.88618
38250 1.88585
38301 1.88548
38352 1.88507
38403 1.88463
38454 1.88416
38505 1.88366
38556 1.88314
38607 1.88261
38658 1.88206
38709 1.88151
38760 1.88097
38811 1.88045
38862 1.87996
38913 1.87951
38964 1.87912
39015 1.87879
39066 1.87853
39117 1.87833
39168 1.87814
39219 1.8779
39270 1.87742
39321 1.8764
39372 1.87443
39423 1.87132
39474 1.86741
39525 1.86363
39576 1.86094
39627 1.86014
39678 1.86123
39729 1.861
39780 1.8553
39831 1.84455
39882 1.83095
39933 1.81661
39984 1.80303
40035 1.79047
40086 1.77785
40137 1.76329
40188 1.74395
40239 1.73591
40290 1.7273
40341 1.73806
40392 1.72887
40443 1.7345
40494 1.73836
40545 1.74313
40596 1.74962
40647 1.75853
40698 1.7625
40749 1.76407
40800 1.76449
40851 1.76434
40902 1.76392
40953 1.76343
41004 1.76298
41055 1.76264
41106 1.76244
41157 1.76241
41208 1.76258
41259 1.76297
41310 1.76359
41361 1.76445
41412 1.76554
41463 1.76685
41514 1.76834
41565 1.7699
41616 1.67965
41667 1.62798
41718 1.59594
41769 1.63265
41820 1.69332
41871 1.6104
41922 1.64889
41973 1.64146
42024 1.60066
42075 1.61736
42126 1.693
42177 1.69958
42228 1.69984
42279 1.61929
42330 1.70197
42381 1.62017
42432 1.70435
42483 1.68361
42534 1.65511
42585 1.64112
42636 1.62973
42687 1.66342
42738 1.67462
42789 1.57583
42840 1.66457
42891 1.68166
42942 1.65934
42993 1.64086
43044 1.65438
43095 1.67577
43146 1.60198
43197 1.58768
43248 1.59457
43299 1.56574
43350 1.65094
43401 1.56838
43452 1.60503
43503 1.64602
43554 1.60753
43605 1.5843
43656 1.54151
43707 1.53769
43758 1.55076
43809 1.53163
43860 1.52907
43911 1.47526
43962 1.58618
44013 1.4642
44064 1.62783
44115 1.50432
44166 1.53144
44217 1.53585
44268 1.60062
44319 1.59557
44370 1.47006
44421 1.59097
44472 1.49298
44523 1.65168
44574 1.57358
44625 1.456
44676 1.49414
44727 1.57735
44778 1.56329
44829 1.57532
44880 1.49834
44931 1.48366
44982 1.57824
45033 1.4453
45084 1.46006
45135 1.56308
45186 1.54939
45237 1.48707
45288 1.44184
45339 1.46392
45390 1.45769
45441 1.54356
45492 1.45643
45543 1.43319
45594 1.41377
45645 1.41672
45696 1.52361
45747 1.48083
45798 1.55855
45849 1.58777
45900 1.57614
45951 1.57845
46002 1.5787
46053 1.57865
46104 1.57859
46155 1.57859
46206 1.5787
46257 1.57892
46308 1.5793
46359 1.57987
46410 1.58074
46461 1.58206
46512 1.58417
46563 1.58777
46614 1.59368
46665 1.60038
46716 1.60612
46767 1.61033
46818 1.61314
46869 1.61519
46920 1.59997
46971 1.5633
47022 1.54339
47073 1.53923
47124 1.56334
47175 1.51569
47226 1.60893
47277 1.64598
47328 1.6181
47379 1.62269
47430 1.61466
47481 1.60608
47532 1.60474
47583 1.60645
47634 1.60887
47685 1.6108
47736 1.61182
47787 1.61206
47838 1.61176
47889 1.6111
47940 1.6102
47991 1.60907
48042 1.6077
48093 1.60608
48144 1.60421
48195 1.60211
48246 1.59979
48297 1.5973
48348 1.59466
48399 1.59187
48450 1.58885
48501 1.58534
48552 1.58128
48603 1.57804
48654 1.58298
48705 1.5789
48756 1.51474
48807 1.53228
48858 1.50294
48909 1.53379
48960 1.52588
49011 1.52259
49062 1.56367
49113 1.48612
49164 1.51682
49215 1.50534
49266 1.56179
49317 1.52109
49368 1.55272
49419 1.56096
49470 1.54597
49521 1.5409
49572 1.53799
49623 1.53542
49674 1.53314
49725 1.53172
49776 1.53178
49827 1.5291
49878 1.52047
49929 1.53423
49980 1.51422
50031 1.52003
50082 1.51094
50133 1.49583
50184 1.50013
50235 1.49621
50286 1.48836
50337 1.48497
50388 1.4902
50439 1.48754
50490 1.48807
50541 1.48388
50592 1.48089
50643 1.47981
50694 1.48521
50745 1.45337
50796 1.47421
50847 1.47831
50898 1.48719
50949 1.39846
51000 1.43638
51051 1.53521
51102 1.49053
51153 1.37821
51204 1.48264
51255 1.44306
51306 1.44236
51357 1.47667
51408 1.48542
51459 1.43179
51510 1.44741
51561 1.39972
51612 1.48011
51663 1.3994
51714 1.47449
51765 1.48917
51816 1.40407
51867 1.42477
51918 1.40083
51969 1.42621
52020 1.50912
52071 1.45236
52122 1.39707
52173 1.36528
52224 1.35897
52275 1.36871
52326 1.36105
52377 1.43222
52428 1.42601
52479 1.43887
52530 1.42295
52581 1.48377
52632 1.44641
52683 1.40443
52734 1.44522
52785 1.3898
52836 1.38154
52887 1.44623
52938 1.42047
52989 1.34463
53040 1.3841
53091 1.45366
53142 1.44389
53193 1.36226
53244 1.43831
53295 1.33249
53346 1.32697
53397 1.44874
53448 1.3404
53499 1.49185
53550 1.3543
53601 1.46557
53652 1.40715
53703 1.38017
53754 1.42325
53805 1.41601
53856 1.47292
53907 1.48645
53958 1.46887
54009 1.47563
54060 1.38894
54111 1.35379
54162 1.45023
54213 1.45356
54264 1.45263
54315 1.34416
54366 1.36282
54417 1.46631
54468 1.44988
54519 1.46725
54570 1.4808
54621 1.49848
54672 1.44698
54723 1.48378
54774 1.40666
54825 1.45551
54876 1.44284
54927 1.42928
54978 1.45698
55029 1.47716
55080 1.46618
55131 1.33179
55182 1.42091
55233 1.39499
55284 1.30805
55335 1.33254
55386 1.33303
55437 1.40911
55488 1.45914
55539 1.44722
55590 1.48312
55641 1.46167
55692 1.45536
55743 1.50227
55794 1.44297
55845 1.31606
55896 1.39095
55947 1.38566
55998 1.52404
56049 1.45731
56100 1.47246
56151 1.48328
56202 1.42027
56253 1.34176
56304 1.45734
56355 1.40797
56406 1.38043
56457 1.44358
56508 1.41528
56559 1.32805
56610 1.35173
56661 1.32258
56712 1.34521
56763 1.32954
56814 1.33775
56865 1.277
56916 1.35229
56967 1.31383
57018 1.3223
57069 1.34298
57120 1.32957
57171 1.29939
57222 1.22674
57273 1.29363
57324 1.33684
57375 1.25514
57426 1.31296
57477 1.35615
57528 1.28553
57579 1.32522
57630 1.31544
57681 1.25665
57732 1.30668
57783 1.23685
57834 1.28971
57885 1.36577
57936 1.28273
57987 1.31608
58038 1.26554
58089 1.232
58140 1.32145
58191 1.22628
58242 1.28339
58293 1.16212
58344 1.13201
58395 1.11886
58446 1.13892
58497 1.14985
58548 1.35654
58599 1.39307
58650 1.29995
58701 1.33541
58752 1.30294
58803 1.34196
58854 1.31228
58905 1.29935
58956 1.15728
59007 1.12192
59058 1.1289
59109 1.11105
59160 1.16382
59211 1.13621
59262 1.16637
59313 1.12606
59364 1.18955
59415 1.39914
59466 1.36653
59517 1.35327
59568 1.24634
59619 1.2184
59670 1.16913
59721 1.24351
59772 1.21671
59823 1.31578
59874 1.19364
59925 1.31771
59976 1.18841
60027 1.22797
60078 1.11862
60129 1.10776
60180 1.10881
60231 1.19049
60282 1.34979
60333 1.31794
60384 1.33227
60435 1.26401
60486 1.24323
60537 1.26909
60588 1.28977
60639 1.288
60690 1.26011
60741 1.37399
60792 1.29663
60843 1.25689
60894 1.27529
60945 1.31898
60996 1.26424
61047 1.33212
61098 1.31913
61149 1.28927
61200 1.30808
61251 1.25405
61302 1.30754
61353 1.31114
61404 1.31434
61455 1.31382
61506 1.32331
61557 1.37475
61608 1.33053
61659 1.25971
61710 1.32701
61761 1.31211
61812 1.33259
61863 1.29094
61914 1.38273
61965 1.35329
62016 1.26027
62067 1.31564
62118 1.3082
62169 1.26435
62220 1.34923
62271 1.33392
62322 1.32541
62373 1.27189
62424 1.2314
62475 1.23052
62526 1.23182
62577 1.23234
62628 1.24482
62679 1.25655
62730 1.28073
62781 1.32237
62832 1.29897
62883 1.28507
62934 1.2876
62985 1.32958
63036 1.36839
63087 1.41415
63138 1.36192
63189 1.44212
63240 1.43148
63291 1.51755
63342 1.49641
63393 1.51637
63444 1.45383
63495 1.52598
63546 1.56643
63597 1.54697
63648 1.46904
63699 1.45202
63750 1.4402
63801 1.41781
63852 1.32884
63903 1.2637
63954 1.30483
64005 1.30279
64056 1.25037
64107 1.25449
64158 1.29791
64209 1.29698
64260 1.26081
64311 1.29418
64362 1.22672
64413 1.19387
64464 1.19194
64515 1.20081
64566 1.2372
64617 1.30621
64668 1.25937
64719 1.27205
64770 1.20485
64821 1.37603
64872 1.39539
64923 1.10205
64974 1.20308
65025 1.24223
65076 1.23855
65127 1.24546
65178 1.25069
65229 1.25944
65280 1.23432
65331 1.23817
65382 1.21429
65433 1.24165
65484 1.22986
65535 1.17249
65586 1.19481
65637 1.22199
65688 1.20325
65739 1.21997
65790 1.16277
65841 1.18706
65892 1.2356
65943 1.13888
65994 1.18256
66045 1.11708
66096 1.18143
66147 1.18214
66198 1.15831
66249 1.11405
66300 1.12208
66351 1.1666
66402 1.11557
66453 1.11648
66504 1.11597
66555 1.11475
66606 1.11374
66657 1.13302
66708 1.11812
66759 1.15451
66810 1.11354
66861 1.1167
66912 1.13479
66963 1.11012
67014 1.1474
67065 1.17052
67116 1.15398
67167 1.15412
67218 1.12271
67269 1.15094
67320 1.15113
67371 1.13768
67422 1.15961
67473 1.14254
67524 1.15201
67575 1.14903
67626 1.14977
67677 1.12769
67728 1.14978
67779 1.14438
67830 1.14815
67881 1.14608
67932 1.14126
67983 1.12346
68034 1.13533
68085 1.14325
68136 1.15881
68187 1.14707
68238 1.13661
68289 1.15505
68340 1.14354
68391 1.11058
68442 1.11086
68493 1.13348
68544 1.13841
68595 1.16223
68646 1.1268
68697 1.10489
68748 1.12381
68799 1.10054
68850 1.12258
68901 1.09811
68952 1.12004
69003 1.10244
69054 1.12401
69105 1.12744
69156 1.11042
69207 1.12446
69258 1.13792
69309 1.13222
69360 1.13035
69411 1.14294
69462 1.13604
69513 1.14022
69564 1.13305
69615 1.13969
69666 1.13164
69717 1.13866
69768 1.13035
69819 1.13752
69870 1.12914
69921 1.13628
69972 1.12802
70023 1.13502
70074 1.12697
70125 1.13377
70176 1.12597
70227 1.13257
70278 1.12503
70329 1.1314
70380 1.12413
70431 1.13028
70482 1.12328
70533 1.12922
70584 1.12246
70635 1.12821
70686 1.12168
70737 1.12726
70788 1.12093
70839 1.12638
70890 1.12022
70941 1.12557
70992 1.11956
71043 1.12482
71094 1.11893
71145 1.12414
71196 1.11836
71247 1.12351
71298 1.11787
71349 1.12291
71400 1.11749
71451 1.12227
71502 1.11736
71553 1.12067
71604 1.12501
71655 1.11696
71706 1.11878
71757 1.11415
71808 1.05554
71859 1.11556
71910 1.12085
71961 1.11649
72012 1.11608
72063 1.11639
72114 1.11224
72165 1.12176
72216 1.12088
72267 1.1149
72318 1.11051
72369 1.12088
72420 1.11014
72471 1.12462
72522 1.12055
72573 1.10463
72624 1.11118
72675 1.1125
72726 1.09594
72777 1.11692
72828 1.111
72879 1.10612
72930 1.11567
72981 1.10746
73032 1.10772
73083 1.11526
73134 1.11409
73185 1.11551
73236 1.08087
73287 1.12289
73338 1.08373
73389 1.10346
73440 1.11281
73491 1.12263
73542 1.11326
73593 1.1095
73644 1.109
73695 1.12111
73746 1.09021
73797 1.13009
73848 1.13753
73899 1.13
73950 1.12032
74001 1.08126
74052 1.09163
74103 1.12951
74154 1.07919
74205 1.08517
74256 1.12398
74307 1.07592
74358 1.12328
74409 1.11735
74460 1.12883
74511 1.11167
74562 1.1289
74613 1.12788
74664 1.12131
74715 1.07619
74766 1.08959
74817 1.12452
74868 1.10748
74919 1.07281
74970 1.11318
75021 1.12933
75072 1.0999
75123 1.11703
75174 1.11598
75225 1.11914
75276 1.12407
75327 1.12851
75378 1.0816
75429 1.10065
75480 1.09275
75531 1.12174
75582 1.12125
75633 1.12304
75684 1.10945
75735 1.11402
75786 1.12556
75837 1.12407
75888 1.10803
75939 1.07915
75990 1.09048
76041 1.0798
76092 1.09056
76143 1.06823
76194 1.07981
76245 1.08444
76296 1.06306
76347 1.07947
76398 1.0801
76449 1.09571
76500 1.07835
76551 1.04405
76602 1.11532
76653 1.08702
76704 1.07269
76755 1.08632
76806 1.08198
76857 1.09274
76908 1.14226
76959 1.08032
77010 1.0715
77061 1.08778
77112 1.08625
77163 1.08329
77214 1.07317
77265 1.07518
77316 1.07607
77367 1.09266
77418 1.06993
77469 1.07689
77520 1.10416
77571 1.08418
77622 1.06213
77673 1.07014
77724 1.0882
77775 1.0735
77826 1.09094
77877 1.13413
77928 1.13749
77979 1.09247
78030 1.06062
78081 1.07073
78132 1.13098
78183 1.08834
78234 1.04473
78285 1.10172
78336 1.08838
78387 1.0904
78438 1.11572
78489 1.07212
78540 1.07739
78591 1.09223
78642 1.08768
78693 1.07636
78744 1.07151
78795 1.09408
78846 1.08922
78897 1.07639
78948 1.07872
78999 1.07375
79050 1.0718
79101 1.09384
79152 1.06911
79203 1.07882
79254 1.08211
79305 1.07621
79356 1.07007
79407 1.06071
79458 1.07306
79509 1.0725
79560 1.13808
79611 1.10651
79662 1.05308
79713 1.07913
79764 1.08445
79815 1.05345
79866 1.0908
79917 1.08276
79968 1.07555
80019 1.09232
80070 1.09026
80121 1.05845
80172 1.07311
80223 1.05965
80274 1.08985
80325 1.06736
80376 1.09838
80427 1.0787
80478 1.08894
80529 1.08312
80580 1.06962
80631 1.07825
80682 1.07855
80733 1.01414
80784 1.07626
80835 1.06753
80886 1.09094
80937 1.09777
80988 1.09138
81039 1.06511
81090 1.07429
81141 1.07697
81192 1.06624
81243 1.06813
81294 1.08949
81345 1.12682
81396 1.05428
81447 1.08659
81498 1.14444
81549 1.06184
81600 1.06111
81651 1.12482
81702 1.07446
81753 1.08021
81804 1.06244
81855 1.12272
81906 1.05446
81957 1.08094
82008 1.09512
82059 1.11131
82110 1.12606
82161 1.07853
82212 1.02529
82263 1.07799
82314 1.06575
82365 1.07616
82416 1.08898
82467 1.06448
82518 1.10489
82569 1.06287
82620 1.08162
82671 1.10093
82722 1.02581
82773 1.11522
82824 1.00443
82875 1.07985
82926 1.05754
82977 1.07682
83028 1.03508
83079 1.04798
83130 1.08366
83181 1.09602
83232 1.08115
83283 1.08204
83334 1.09309
83385 1.08921
83436 1.06147
83487 1.08084
83538 1.10335
83589 1.10004
83640 1.12491
83691 1.10635
83742 1.11276
83793 1.11441
83844 1.1348
83895 1.12877
83946 1.06739
83997 1.09537
84048 1.10579
84099 1.09732
84150 1.12066
84201 1.12312
84252 1.12545
84303 1.11423
84354 1.13186
84405 1.11916
84456 1.13757
84507 1.12219
84558 1.14519
84609 1.12915
84660 1.17599
84711 1.14203
84762 1.15277
84813 1.14957
84864 1.15943
84915 1.15945
84966 1.16598
85017 1.17065
85068 1.17617
85119 1.18224
85170 1.18881
85221 1.19569
85272 1.20277
85323 1.20991
85374 1.2778
85425 1.27682
85476 1.24569
85527 1.2539
85578 1.29325
85629 1.25483
85680 1.28882
85731 1.3309
85782 1.3304
85833 1.37255
85884 1.4173
85935 1.43673
85986 1.4015
86037 1.46539
86088 1.41532
86139 1.47719
86190 1.4891
86241 1.44291
86292 1.4433
86343 1.46829
86394 1.43304
86445 1.43086
86496 1.4094
86547 1.3863
86598 1.46637
86649 1.47626
86700 1.44741
86751 1.42177
86802 1.44614
86853 1.45011
86904 1.43211
86955 1.46766
87006 1.46562
87057 1.91171
87108 1.98017
87159 1.92279
87210 1.91795
87261 1.89102
87312 1.88261
87363 1.87771
87414 2.30671
87465 2.64715
87516 2.88641
87567 2.65337
87618 2.45153
87669 2.42204
87720 2.3246
87771 2.364
87822 2.419
87873 2.29561
87924 2.27877
87975 2.27753
88026 2.26504
88077 2.36821
88128 2.2602
88179 2.29005
88230 2.23742
88281 2.26626
88332 2.22872
88383 2.23214
88434 2.19409
88485 2.19684
88536 2.18635
88587 2.24559
88638 2.22615
88689 2.15732
88740 2.22928
88791 2.13069
88842 2.18286
88893 2.12814
88944 2.1674
88995 2.15776
89046 2.12432
89097 2.1492
89148 2.21883
89199 2.11404
89250 2.09085
89301 2.08576
89352 2.00735
89403 2.07894
89454 2.09956
89505 2.05997
89556 2.12148
89607 2.10909
89658 2.08783
89709 2.07794
89760 2.06301
89811 2.0419
89862 2.12501
89913 2.25331
89964 2.14826
90015 2.13764
90066 2.19503
90117 2.13975
90168 1.97891
90219 2.17307
90270 2.01413
90321 2.17037
90372 2.1007
90423 2.05348
90474 2.21734
90525 2.02299
90576 2.06561
90627 2.03484
90678 1.95165
90729 2.01742
90780 1.96655
90831 1.99278
90882 1.99265
90933 1.99407
90984 2.08675
91035 2.0237
91086 2.07962
91137 2.08048
91188 2.01752
91239 2.00377
91290 2.10048
91341 1.98408
91392 1.91106
91443 2.04572
91494 2.03353
91545 1.96227
91596 2.10157
91647 1.97457
91698 2.10211
91749 2.06132
91800 2.08541
91851 2.0239
91902 2.07464
91953 1.94242
92004 1.88324
92055 2.03669
92106 1.93695
92157 2.06308
92208 2.10332
92259 2.0944
92310 2.10388
92361 1.87892
92412 1.99334
92463 1.93266
92514 1.98977
92565 2.02444
92616 1.96008
92667 2.0071
92718 1.93866
92769 1.93006
92820 1.97268
92871 2.13098
92922 2.02228
92973 1.98118
93024 1.98095
93075 1.97035
93126 1.86937
93177 2.02528
93228 1.97125
93279 2.02177
93330 2.01099
93381 2.03763
93432 1.96042
93483 1.95878
93534 1.85768
93585 2.0609
93636 2.01436
93687 1.95583
93738 1.96993
93789 1.98972
93840 2.05634
93891 2.02602
93942 2.0554
93993 1.96915
94044 1.89453
94095 1.95418
94146 2.03013
94197 1.83721
94248 1.89871
94299 1.82002
94350 1.85537
94401 2.06498
94452 1.93508
94503 2.04054
94554 1.91175
94605 1.9324
94656 2.11963
94707 1.90245
94758 1.96834
94809 1.94388
94860 1.96562
94911 1.91491
94962 1.88202
95013 1.96387
95064 1.90734
95115 1.96763
95166 1.95305
95217 1.95315
95268 1.89001
95319 1.90196
95370 1.92599
95421 1.99919
95472 1.9005
95523 1.81274
95574 1.88501
95625 1.98442
95676 1.74543
95727 1.89389
95778 1.91846
95829 1.82688
95880 2.04031
95931 1.76733
95982 1.86311
96033 2.00499
96084 1.9787
96135 1.81869
96186 1.86209
96237 1.93354
96288 1.86332
96339 1.87741
96390 1.84617
96441 1.96798
96492 1.95468
96543 1.85074
96594 1.95927
96645 1.89362
96696 1.86332
96747 1.88208
96798 1.93641
96849 1.80176
96900 1.88206
96951 1.87936
97002 1.78916
97053 1.89796
97104 1.96368
97155 1.91932
97206 1.83317
97257 1.86922
97308 1.84324
97359 1.92743
97410 1.76912
97461 1.80039
97512 1.74525
97563 1.83436
97614 1.80986
97665 1.86586
97716 1.75286
97767 1.80558
97818 1.80349
97869 1.83322
97920 1.86826
97971 1.78161
98022 1.76385
98073 1.7559
98124 1.90902
98175 1.87503
98226 1.69301
98277 1.61377
98328 1.94531
98379 1.82352
98430 1.79047
98481 1.81801
98532 1.78216
98583 1.66582
98634 1.83944
98685 1.78008
98736 1.6538
98787 1.93714
98838 1.71975
98889 1.74358
98940 1.77415
98991 1.80367
99042 1.76567
99093 1.72722
99144 1.82742
99195 1.75501
99246 1.74481
99297 1.73195
99348 1.7616
99399 1.83824
99450 1.77889
99501 1.71761
99552 1.76257
99603 1.8926
99654 1.83697
99705 1.80096
99756 1.78852
99807 1.84312
99858 1.78864
99909 1.77312
99960 1.67149
100011 1.73246
100062 1.79015
100113 1.55186
100164 1.68379
100215 1.7605
100266 1.7751
100317 1.71715
100368 1.62805
100419 1.68428
100470 1.62846
100521 1.77717
100572 1.541
100623 1.65998
100674 1.75591
100725 1.79887
100776 1.72254
100827 1.65442
100878 1.58277
100929 1.73708
100980 1.58719
101031 1.47527
101082 1.6162
101133 1.63148
101184 1.63665
101235 1.63968
101286 1.57662
101337 1.768
101388 1.75234
101439 1.74953
101490 1.7101
101541 1.53641
101592 1.60264
101643 1.60316
101694 1.52417
101745 1.64114
101796 1.71432
101847 1.45742
101898 1.63178
101949 1.95115
102000 1.70356
102051 1.6799
102102 2.03776
102153 1.74661
102204 1.53824
102255 1.66609
102306 1.68538
102357 1.60608
102408 1.5796
102459 1.63349
102510 1.75952
102561 1.44536
102612 1.65738
102663 1.50482
102714 1.56869
102765 1.6024
102816 1.65158
102867 1.56892
102918 1.69245
102969 1.6925
103020 1.71544
103071 1.59299
103122 1.70037
103173 1.66365
103224 1.44378
103275 1.62093
103326 1.48834
103377 1.69338
103428 1.57476
103479 1.78787
103530 1.58019
103581 1.54495
103632 1.54298
103683 1.57556
103734 1.61813
103785 1.5084
103836 1.60691
103887 1.59085
103938 1.62604
103989 1.58362
104040 1.59636
104091 1.56012
104142 1.59386
104193 1.756
104244 1.45646
104295 1.47655
104346 1.36492
104397 1.57032
104448 1.40431
104499 1.60102
104550 1.33781
104601 1.61429
104652 1.34722
104703 1.49788
104754 1.58505
104805 1.78979
104856 1.50412
104907 1.64391
104958 1.56028
105009 1.5052
105060 1.5507
105111 1.48513
105162 1.47656
105213 1.73024
105264 1.71055
105315 1.5315
105366 1.51215
105417 1.51346
105468 1.52963
105519 1.54317
105570 1.60468
105621 1.56856
105672 1.44847
105723 1.46277
105774 1.41471
105825 1.52979
105876 1.49825
105927 1.55643
105978 1.47308
106029 1.4072
106080 1.37626
106131 1.50858
106182 1.41661
106233 1.52613
106284 1.43885
106335 1.61627
106386 1.55882
106437 1.45358
106488 1.38271
106539 1.65133
106590 1.51676
106641 1.39293
106692 1.61099
106743 1.60768
106794 1.57106
106845 1.43957
106896 1.53813
106947 1.37363
106998 1.38909
107049 1.79767
107100 1.58286
107151 1.45446
107202 1.56413
107253 1.59754
107304 1.51221
107355 1.49244
107406 1.41751
107457 1.25227
107508 1.49632
107559 1.39837
107610 1.51502
107661 1.60909
107712 1.44745
107763 1.41035
107814 1.72266
107865 1.52725
107916 1.43487
107967 1.44004
108018 1.34783
108069 1.57634
108120 1.34374
108171 1.49426
108222 1.51981
108273 1.44564
108324 1.49629
108375 1.6274
108426 1.64752
108477 1.70216
108528 1.97072
108579 2.19722
108630 1.44286
108681 1.42789
108732 1.42914
108783 1.26396
108834 1.4981
108885 1.53367
108936 1.45965
108987 1.33148
109038 1.57105
109089 1.61618
109140 1.46073
109191 1.54365
109242 1.44822
109293 1.59128
109344 1.57115
109395 1.4003
109446 1.43776
109497 1.5128
109548 1.37604
109599 1.64171
109650 1.38062
109701 1.3059
109752 1.50225
109803 1.46254
109854 1.41586
109905 1.51079
109956 1.4588
110007 1.45342
110058 1.67127
110109 1.38042
110160 1.55779
110211 1.44367
110262 1.52918
110313 1.48331
110364 1.49199
110415 1.43127
110466 1.56376
110517 1.42056
110568 1.52646
110619 1.49259
110670 1.55464
110721 1.47849
110772 1.46681
110823 1.5373
110874 1.70008
110925 1.48795
110976 1.42273
111027 1.39493
111078 1.59662
111129 1.40941
111180 1.38294
111231 1.41801
111282 1.31051
111333 1.51921
111384 1.65149
111435 1.66532
111486 1.55512
111537 1.56551
111588 1.71475
111639 1.67774
111690 1.44492
111741 1.40728
111792 1.3515
111843 1.57745
111894 1.37845
111945 1.3708
111996 1.50362
112047 1.55629
112098 1.41586
112149 1.40073
112200 1.50092
112251 1.49281
112302 1.4446
112353 1.428
112404 1.52811
112455 1.47118
112506 1.37893
112557 1.43076
112608 1.45267
112659 1.49505
112710 1.39912
112761 1.25709
112812 1.40201
112863 1.43403
112914 1.41272
112965 1.44639
113016 1.74739
113067 1.63204
113118 1.44605
113169 1.36109
113220 1.40638
113271 1.2984
113322 1.59009
113373 1.38746
113424 1.44006
113475 1.4003
113526 1.43452
113577 1.40513
113628 1.42817
113679 1.43155
113730 1.47694
113781 1.52301
113832 1.35147
113883 1.37163
113934 1.37984
113985 1.25535
114036 1.6731
114087 1.71751
114138 1.2497
114189 1.33852
114240 1.35911
114291 1.53822
114342 1.41631
114393 1.49897
114444 1.34973
114495 1.47665
114546 1.47595
114597 1.3802
114648 1.50942
114699 1.4559
114750 1.89763
114801 1.38002
114852 1.38243
114903 1.40693
114954 1.53046
115005 1.47778
115056 1.44621
115107 1.43268
115158 1.33747
115209 1.56204
115260 1.50367
115311 1.63641
115362 1.56683
115413 1.6427
115464 1.55151
115515 1.39618
115566 1.43597
115617 1.39802
115668 1.67696
115719 1.47533
115770 1.40717
115821 1.37571
115872 1.38718
115923 1.49709
115974 1.79636
116025 1.50258
116076 1.37169
116127 1.38854
116178 1.45284
116229 1.70834
116280 1.52798
116331 1.38705
116382 1.37605
116433 1.25892
116484 1.38546
116535 1.37799
116586 1.57057
116637 1.53569
116688 1.3968
116739 1.37852
116790 1.48377
116841 1.54567
116892 1.44267
116943 1.59645
116994 1.30793
117045 1.44055
117096 1.36382
117147 1.40106
117198 1.70058
117249 1.74332
117300 1.42507
117351 1.80874
117402 1.59893
117453 1.28371
117504 1.41005
117555 1.41785
117606 1.43655
117657 1.48256
117708 1.59064
117759 1.46428
117810 1.547
117861 1.64645
117912 1.32685
117963 1.5011
118014 1.75254
118065 1.62093
118116 1.52239
118167 1.54639
118218 1.29897
118269 1.69958
118320 1.45931
118371 1.49735
118422 1.20975
118473 1.27127
118524 1.30441
118575 1.4902
118626 1.29721
118677 1.42916
118728 1.56521
118779 1.23998
118830 1.42093
118881 1.57776
118932 1.59689
118983 1.57286
119034 1.33196
119085 1.44499
119136 1.30086
119187 1.24039
119238 1.65186
119289 1.45416
119340 1.74334
119391 1.83533
119442 1.58778
119493 1.61039
119544 1.51677
119595 1.74603
119646 1.52134
119697 1.59091
119748 1.42013
119799 1.29773
119850 1.36307
119901 1.28283
119952 1.45854
120003 1.20492
120054 1.34539
120105 1.25218
120156 1.49035
120207 1.36769
120258 1.39864
120309 1.37741
120360 1.7952
120411 1.87146
120462 1.50745
120513 1.42022
120564 1.33513
120615 1.29204
120666 1.4515
120717 1.34793
120768 1.54499
120819 1.68906
120870 1.53179
120921 1.57896
120972 1.55956
121023 1.74307
121074 1.47176
121125 1.60894
121176 1.26975
121227 1.27824
121278 1.29231
121329 1.32117
121380 1.28631
121431 1.45203
121482 1.64205
121533 1.63801
121584 1.46333
121635 1.43542
121686 1.75537
121737 1.39055
121788 1.30689
121839 1.41874
121890 1.37739
121941 1.60873
121992 1.51295
122043 1.73059
122094 1.48571
122145 1.40846
122196 1.32355
122247 1.46466
122298 1.34358
122349 1.36199
122400 1.4085
122451 1.2231
122502 1.36333
122553 1.29195
122604 1.35452
122655 1.36173
122706 1.24187
122757 1.27964
122808 1.28277
122859 1.24801
122910 1.70731
122961 1.58649
123012 1.48586
123063 1.23473
123114 1.47176
123165 1.45698
123216 1.75279
123267 1.55276
123318 1.56377
123369 1.61754
123420 1.51773
123471 1.30687
123522 1.6363
123573 1.36696
123624 1.2844
123675 1.31
123726 1.45433
123777 1.4713
123828 1.36053
123879 1.21057
123930 1.30744
123981 1.45762
124032 1.5217
124083 1.62533
124134 1.58771
124185 1.49248
124236 1.73792
124287 1.41834
124338 1.40359
124389 1.54305
124440 1.49907
124491 1.59819
124542 1.63849
124593 1.40452
124644 1.41376
124695 1.1543
124746 1.27911
124797 1.28631
124848 1.25097
124899 1.44355
124950 1.22136
125001 1.581
125052 1.54951
125103 1.32857
125154 1.36759
125205 1.62119
125256 1.65173
125307 1.53931
125358 1.24861
125409 1.3071
125460 1.35007
125511 1.2727
125562 1.26059
125613 1.14123
125664 1.18827
125715 1.28608
125766 1.2975
125817 1.29538
125868 1.23634
125919 1.36676
125970 1.31473
126021 1.38662
126072 1.57727
126123 1.4033
126174 1.56346
126225 1.24264
126276 1.2782
126327 1.20644
126378 1.17748
126429 1.33435
126480 1.23029
126531 1.40427
126582 1.32008
126633 1.54112
126684 1.54847
126735 1.48832
126786 1.30147
126837 1.67211
126888 1.54152
126939 1.65243
126990 1.64179
127041 1.52329
127092 1.4059
127143 1.3405
127194 1.45555
127245 1.49681
127296 1.37283
127347 1.48402
127398 1.60518
127449 1.55038
127500 1.52526
127551 1.56349
127602 1.6423
127653 1.24888
127704 1.21582
127755 1.33659
127806 1.30621
127857 1.37019
127908 1.24752
127959 1.32603
128010 1.19196
128061 1.13792
128112 1.47129
128163 1.52419
128214 1.34911
128265 1.31804
128316 1.75334
128367 1.49205
128418 1.71129
128469 1.69514
128520 1.34735
128571 1.21805
128622 1.29198
128673 1.16937
128724 1.38703
128775 1.36169
128826 1.34364
128877 1.16761
128928 1.27383
128979 1.3366
129030 1.435
129081 1.39813
129132 1.4835
129183 1.31932
129234 1.37295
129285 1.28411
129336 1.42591
129387 1.2363
129438 1.18275
129489 1.31199
129540 1.28873
129591 1.35492
129642 1.28457
129693 1.4609
129744 1.57639
129795 1.50411
129846 1.41384
129897 1.17946
129948 1.31194
129999 1.6079
130050 1.31016
130101 1.28092
130152 1.12603
130203 1.34411
130254 1.27216
130305 1.38293
130356 1.64567
130407 1.39012
130458 1.23041
130509 1.11728
130560 1.23781
130611 1.32616
130662 1.25604
130713 1.34011
130764 1.21217
130815 1.33309
130866 1.22199
130917 1.31834
130968 1.23055
131019 1.41086
131070 1.66798
131121 1.40315
131172 1.21607
131223 1.22257
131274 1.5397
131325 1.61238
131376 1.62266
131427 1.33627
131478 1.47537
131529 1.52132
131580 1.27113
131631 1.16013
131682 1.43509
131733 1.51475
131784 1.5415
131835 1.36726
131886 1.32705
131937 1.51816
131988 1.242
132039 1.26556
132090 1.61625
132141 1.43502
132192 1.39563
132243 1.46699
132294 1.23653
132345 1.22585
132396 1.29231
132447 1.54481
132498 1.45917
132549 1.22597
132600 1.26602
132651 1.22551
132702 1.32962
132753 1.27117
132804 1.21747
132855 1.21321
132906 1.22202
132957 1.29984
133008 1.26281
133059 1.32177
133110 1.33564
133161 1.59831
133212 1.35938
133263 1.56598
133314 1.30254
133365 1.56896
133416 1.36995
133467 1.44706
133518 1.3901
133569 1.32824
133620 1.13578
133671 1.26391
133722 1.14009
133773 1.26165
133824 1.15587
133875 1.27216
133926 1.75033
133977 1.40519
134028 1.5404
134079 1.47179
134130 1.25436
134181 1.13826
134232 1.41975
134283 1.40642
134334 1.53774
134385 1.3806
134436 1.45593
134487 1.30749
134538 1.27816
134589 1.36945
134640 1.25318
134691 1.15989
134742 1.18894
134793 1.29032
134844 1.17871
134895 1.19223
134946 1.19114
134997 1.35405
135048 1.49415
135099 1.29794
135150 1.14901
135201 1.46772
135252 1.1657
135303 1.35379
135354 1.26114
135405 1.28114
135456 1.41654
135507 1.47655
135558 1.28742
135609 1.23268
135660 1.33688
135711 1.18397
135762 1.33015
135813 1.35078
135864 1.59386
135915 1.65532
135966 1.51749
136017 1.38859
136068 1.45567
136119 1.33863
136170 1.25537
136221 1.81321
136272 1.47956
136323 1.54271
136374 1.50236
136425 1.45304
136476 1.35146
136527 1.46257
136578 1.30786
136629 1.19918
136680 1.43455
136731 1.33642
136782 1.56441
136833 1.51589
136884 1.53254
136935 1.47783
136986 1.17613
137037 1.24594
137088 1.4861
137139 1.25191
137190 1.23246
137241 1.26114
137292 1.24749
137343 1.27205
137394 1.34559
137445 1.24438
137496 1.20439
137547 1.13693
137598 1.43221
137649 1.38426
137700 1.43653
137751 1.33395
137802 1.24396
137853 1.49233
137904 1.61701
137955 1.36913
138006 1.36909
138057 1.19532
138108 1.24431
138159 1.12542
138210 1.19275
138261 1.15765
138312 1.24211
138363 1.22145
138414 1.19006
138465 1.19422
138516 1.25386
138567 1.31914
138618 1.59898
138669 1.13784
138720 1.15765
138771 1.18339
138822 1.45911
138873 1.27502
138924 1.33875
138975 1.2499
139026 1.39352
139077 1.29975
139128 1.16914
139179 1.17477
139230 1.44168
139281 1.29222
139332 1.2559
139383 1.32387
139434 1.60515
139485 1.30539
139536 1.17372
139587 1.33681
139638 1.31939
139689 1.27879
139740 1.36896
139791 1.22483
139842 1.37278
139893 1.29328
139944 1.15031
139995 1.13452
140046 1.29181
140097 1.2264
140148 1.20503
140199 1.22161
140250 1.28837
140301 1.48791
140352 1.74302
140403 1.37674
140454 1.22049
140505 1.46899
140556 1.38664
140607 1.11206
140658 1.3604
140709 1.42227
140760 1.44466
140811 1.44449
140862 1.6109
140913 1.28793
140964 1.50567
141015 1.22205
141066 1.24935
141117 1.25227
141168 1.34285
141219 1.32299
141270 1.2687
141321 1.35574
141372 1.57201
141423 1.26933
141474 1.68345
141525 1.49733
141576 1.43867
141627 1.30875
141678 1.41428
141729 1.72672
141780 1.23052
141831 1.20666
141882 1.1631
141933 1.48397
141984 1.37493
142035 1.16149
142086 1.44436
142137 1.19318
142188 1.64477
142239 1.25274
142290 1.15279
142341 1.3888
142392 1.17922
142443 1.17491
142494 1.20091
142545 1.23358
142596 1.5223
142647 1.12825
142698 1.15378
142749 1.17146
142800 1.23409
142851 1.20269
142902 1.27966
142953 1.43611
143004 1.36258
143055 1.28605
143106 1.76594
143157 1.2394
143208 1.2459
143259 1.56203
143310 1.57212
143361 1.39973
143412 1.25214
143463 1.33274
143514 1.63885
143565 1.4571
143616 1.32225
143667 1.14387
143718 1.2574
143769 1.28173
143820 1.35112
143871 1.17326
143922 1.1103
143973 1.0913
144024 1.3682
144075 1.23637
144126 1.37766
144177 1.4217
144228 1.60938
144279 1.15645
144330 1.4838
144381 1.52554
144432 1.37551
144483 1.29732
144534 1.48163
144585 1.40596
144636 1.25591
144687 1.18155
144738 1.35589
144789 1.37683
144840 1.19006
144891 1.34061
144942 1.29526
144993 1.31745
145044 1.1601
145095 1.0731
145146 1.25422
145197 1.15895
145248 1.2405
145299 1.19786
145350 1.3337
145401 1.27447
145452 1.35939
145503 1.44271
145554 1.28796
145605 1.26156
145656 1.24325
145707 1.1188
145758 1.22452
145809 1.21868
145860 1.27501
145911 1.28336
145962 1.13934
146013 1.1579
146064 1.25632
146115 1.10401
146166 1.10347
146217 1.09813
146268 1.16888
146319 1.30524
146370 1.27443
146421 1.57197
146472 1.22846
146523 1.29435
146574 1.48906
146625 1.29343
146676 1.39674
146727 1.28271
146778 1.44945
146829 1.14621
146880 1.0819
146931 1.53625
146982 1.17559
147033 1.15403
147084 1.18929
147135 1.23111
147186 1.64253
147237 1.46964
147288 1.29885
147339 1.15392
147390 1.32885
147441 1.54018
147492 1.29145
147543 1.22068
147594 1.34701
147645 1.20914
147696 1.10572
147747 1.44336
147798 1.34438
147849 1.51542
147900 1.16145
147951 1.4759
148002 1.3657
148053 1.29104
148104 1.22554
148155 1.44439
148206 1.35978
148257 1.404
148308 1.26106
148359 1.1371
148410 1.27519
148461 1.42903
148512 1.27652
148563 1.41364
148614 1.37769
148665 1.51223
148716 1.39421
148767 1.43323
148818 1.19884
148869 1.46951
148920 1.21629
148971 1.20705
149022 1.34394
149073 1.16525
149124 1.07887
149175 1.05669
149226 1.42092
149277 1.22023
149328 1.17132
149379 1.31296
149430 1.40229
149481 1.43473
149532 1.44794
149583 1.39688
149634 1.29911
149685 1.21767
149736 1.22955
149787 1.23854
149838 1.12554
149889 1.1676
149940 1.09319
149991 1.36915
150042 1.29924
150093 1.24752
150144 1.51869
150195 1.49283
150246 1.36721
150297 1.47783
150348 1.51918
150399 1.30324
150450 1.35652
150501 1.40126
150552 1.22196
150603 1.1675
150654 1.24783
150705 1.34177
150756 1.1678
150807 1.39416
150858 1.30208
150909 1.34565
150960 1.31612
151011 1.29913
151062 1.11188
151113 1.19135
151164 1.18158
151215 1.55223
151266 1.30859
151317 1.49031
151368 1.47762
151419 1.26757
151470 1.31082
151521 1.49504
151572 1.20315
151623 1.33144
151674 1.16806
151725 1.34006
151776 1.23756
151827 1.13998
151878 1.18718
151929 1.1765
151980 1.19188
152031 1.19168
152082 1.25969
152133 1.38958
152184 1.55406
152235 1.15907
152286 1.47616
152337 1.45925
152388 1.44839
152439 1.25791
152490 1.31008
152541 1.10703
152592 1.14223
152643 1.05048
152694 1.14889
152745 1.35422
152796 1.26596
152847 1.53756
152898 1.43233
152949 1.50646
153000 1.40492
153051 1.25687
153102 1.20691
153153 1.2662
153204 1.16961
153255 1.12008
153306 1.12061
153357 1.37007
153408 1.22576
153459 1.47151
153510 1.37624
153561 1.35619
153612 1.40454
153663 1.44154
153714 1.34885
153765 1.3241
153816 1.18745
153867 1.20116
153918 1.15825
153969 1.18931
154020 1.06668
154071 1.60139
154122 1.26885
154173 1.15866
154224 1.11064
154275 1.22287
154326 1.1572
154377 1.20865
154428 1.39049
154479 1.2924
154530 1.39417
154581 1.46241
154632 1.32976
154683 1.36987
154734 1.25156
154785 1.26872
154836 1.17674
154887 1.0795
154938 1.33483
154989 1.14455
155040 1.25058
155091 1.15575
155142 1.31233
155193 1.06003
155244 1.18115
155295 1.32183
155346 1.55126
155397 1.34953
155448 1.44734
155499 1.57666
155550 1.43861
155601 1.2845
155652 1.60471
155703 1.21064
155754 1.13442
155805 1.21574
155856 1.18396
155907 1.1787
155958 1.17758
156009 1.14256
156060 1.32746
156111 1.46101
156162 1.46976
156213 1.28392
156264 1.23868
156315 1.30346
156366 1.14192
156417 1.31323
156468 1.11551
156519 1.32305
156570 1.17501
156621 1.40031
156672 1.12281
156723 1.43532
156774 1.28227
156825 1.23451
156876 1.54223
156927 1.62806
156978 1.42397
157029 1.35542
157080 1.35738
157131 1.26829
157182 1.08761
157233 1.35545
157284 1.27359
157335 1.37527
157386 1.13856
157437 1.19439
157488 1.10739
157539 1.25538
157590 1.07363
157641 1.02548
157692 0.931112
157743 0.903085
157794 0.970811
157845 1.00073
157896 0.985306
157947 0.991642
157998 1.02168
158049 0.933986
158100 0.937006
158151 0.842485
158202 0.8274
158253 0.869214
158304 0.826077
158355 0.807444
158406 0.804757
158457 0.809745
158508 0.742518
158559 0.755966
158610 0.732862
158661 0.757909
158712 0.834583
158763 0.769941
158814 0.824201
158865 0.712126
158916 0.733204
158967 0.801519
159018 0.77424
159069 0.679002
159120 0.610335
159171 0.749069
159222 0.853192
159273 0.700217
159324 0.74252
159375 0.796935
159426 0.733576
159477 0.720661
159528 0.792123
159579 0.726305
159630 0.709307
159681 0.764455
159732 0.71953
159783 0.761961
159834 0.700308
159885 0.731521
159936 0.690737
159987 0.71502
160038 0.682565
160089 0.643828
160140 0.835796
160191 0.780051
160242 0.618656
160293 0.765591
160344 0.628868
160395 0.66112
160446 0.733713
160497 0.535668
160548 0.686175
160599 0.62536
160650 0.710202
160701 0.622165
160752 0.714075
160803 0.692841
160854 0.60037
160905 0.549632
160956 0.65266
161007 0.703694
161058 0.767957
161109 0.655782
161160 0.730624
161211 0.568444
161262 0.570201
161313 0.63627
161364 0.683533
161415 0.659279
161466 0.755487
161517 0.558908
161568 0.67912
161619 0.603568
161670 0.768645
161721 0.705163
161772 0.626553
161823 0.643778
161874 0.676533
161925 0.642347
161976 0.597118
162027 0.694862
162078 0.510402
162129 0.565659
162180 0.595928
162231 0.707238
162282 0.626907
162333 0.569509
162384 0.644963
162435 0.620304
162486 0.600945
162537 0.555372
162588 0.655906
162639 0.576096
162690 0.586265
162741 0.468096
162792 0.553671
162843 0.693677
162894 0.77626
162945 0.607276
162996 0.633227
163047 0.61414
163098 0.775441
163149 0.631634
163200 0.555536
163251 0.615657
163302 0.647809
163353 0.586982
163404 0.572495
163455 0.701836
163506 0.545725
163557 0.497547
163608 0.496305
163659 0.692154
163710 0.565513
163761 0.541575
163812 0.581882
163863 0.516761
163914 0.499191
163965 0.478014
164016 0.479738
164067 0.598474
164118 0.530319
164169 0.527342
164220 0.601439
164271 0.560337
164322 0.622483
164373 0.516432
164424 0.485801
164475 0.563693
164526 0.610074
164577 0.573274
164628 0.531286
164679 0.725979
164730 0.695999
164781 0.602985
164832 0.559996
164883 0.515914
164934 0.514519
164985 0.605526
165036 0.484439
165087 0.596355
165138 0.487406
165189 0.535927
165240 0.587333
165291 0.42672
165342 0.672821
165393 0.61487
165444 0.60774
165495 0.48943
165546 0.700284
165597 0.648358
165648 0.435524
165699 0.512479
165750 0.48625
165801 0.508773
165852 0.555442
165903 0.474106
165954 0.57445
166005 0.546215
166056 0.511299
166107 0.614557
166158 0.539453
166209 0.552112
166260 0.573575
166311 0.608035
166362 0.518224
166413 0.61716
166464 0.574409
166515 0.532751
166566 0.522113
166617 0.530269
166668 0.501246
166719 0.580989
166770 0.604491
166821 0.490686
166872 0.462992
166923 0.540377
166974 0.585435
167025 0.488257
167076 0.430895
167127 0.548961
167178 0.450417
167229 0.585068
167280 0.506557
167331 0.463304
167382 0.508962
167433 0.455533
167484 0.622008
167535 0.505638
167586 0.599062
167637 0.629518
167688 0.402802
167739 0.534545
167790 0.556729
167841 0.587871
167892 0.562629
167943 0.568783
167994 0.534844
168045 0.646198
168096 0.580933
168147 0.729454
168198 0.683988
168249 0.790828
168300 1.00034
168351 0.742567
168402 0.683482
168453 0.727327
168504 0.816304
168555 0.708308
168606 0.759148
168657 0.883815
168708 0.849238
168759 0.698933
168810 0.84523
168861 0.799169
168912 0.836138
168963 0.77366
169014 0.659309
169065 0.775493
169116 0.666788
169167 0.9296
169218 0.873773
169269 0.609005
169320 0.723198
169371 0.972373
169422 0.926423
169473 0.644989
169524 0.700571
169575 0.691704
169626 0.808921
169677 0.802705
169728 0.782336
169779 0.846315
169830 1.08443
169881 0.743092
169932 0.817909
169983 0.814827
170034 0.800804
170085 0.908193
170136 0.761354
170187 0.714891
170238 0.681558
170289 0.622211
170340 0.848944
170391 0.79785
170442 0.703221
170493 0.680836
170544 0.698497
170595 0.766585
170646 0.911622
170697 0.69053
170748 0.767923
170799 0.619127
170850 0.732335
170901 0.956754
170952 0.897691
171003 0.864769
171054 0.811965
171105 0.884131
171156 0.870635
171207 0.780325
171258 0.707419
171309 0.826117
171360 0.654238
171411 0.762777
171462 0.756459
171513 0.747665
171564 0.731179
171615 0.815937
171666 0.683662
171717 0.883315
171768 0.794436
171819 0.734298
171870 0.728748
171921 0.910232
171972 0.833259
172023 0.709125
172074 0.857242
172125 0.720215
172176 0.956759
172227 0.673029
172278 0.925597
172329 0.807918
172380 0.722722
172431 0.657996
172482 0.804215
172533 0.691243
172584 1.01467
172635 0.632604
172686 0.688579
172737 0.847484
172788 0.824144
172839 0.771014
172890 0.798998
172941 0.888067
172992 0.845899
173043 0.968731
173094 0.654036
173145 0.810715
173196 0.827433
173247 0.755808
173298 0.803326
173349 0.802751
173400 0.762371
173451 1.20349
173502 0.701577
173553 0.647047
173604 0.624969
173655 0.649318
173706 0.920218
173757 0.81268
173808 0.895616
173859 0.780543
173910 0.744616
173961 0.741942
174012 0.820126
174063 0.743399
174114 0.828288
174165 0.786441
174216 0.662892
174267 0.782936
174318 0.714067
174369 0.881551
174420 0.758735
174471 0.743418
174522 0.865595
174573 0.667255
174624 0.922805
174675 0.8067
174726 0.68574
174777 0.799751
174828 0.796008
174879 0.716343
174930 0.838203
174981 0.872376
175032 0.696709
175083 0.76625
175134 0.600805
175185 0.754218
175236 0.751642
175287 0.873721
175338 0.888983
175389 0.686697
175440 0.967193
175491 0.789676
175542 0.722671
175593 0.937766
175644 0.733662
175695 0.650823
175746 0.668818
175797 0.633986
175848 0.724491
175899 0.907599
175950 0.81492
176001 0.697162
176052 0.62705
176103 0.621042
176154 0.546427
176205 0.704102
176256 0.79401
176307 0.816563
176358 0.775025
176409 0.902456
176460 0.664261
176511 0.592525
176562 0.852004
176613 0.816988
176664 0.677996
176715 0.867644
176766 0.779723
176817 0.754347
176868 0.616005
176919 0.779931
176970 0.693157
177021 0.768275
177072 0.680583
177123 0.721982
177174 0.778316
177225 0.743421
177276 0.648463
177327 0.918636
177378 0.784703
177429 0.744771
177480 0.72186
177531 0.867278
177582 0.820961
177633 0.834708
177684 0.690223
177735 0.647717
177786 0.680657
177837 0.664254
177888 0.715154
177939 0.832719
177990 0.743409
178041 0.784029
178092 0.682339
178143 0.666245
178194 0.792771
178245 0.76078
178296 0.962467
178347 0.718992
178398 0.88716
178449 0.91498
178500 0.624183
178551 0.734115
178602 0.85112
178653 0.65903
178704 0.666872
178755 0.641918
178806 0.594913
178857 0.878163
178908 0.720568
178959 0.707688
179010 0.897636
179061 0.739392
179112 0.726543
179163 0.900126
179214 0.891886
179265 0.62692
179316 0.93719
179367 0.678011
179418 0.72876
179469 0.901437
179520 0.7747
179571 0.806643
179622 0.782468
179673 0.862831
179724 0.777601
179775 0.829039
179826 0.762619
179877 0.86779
179928 0.759032
179979 0.846083
180030 0.908426
180081 0.755496
180132 0.665554
180183 0.744935
180234 0.818465
180285 0.681797
180336 0.703308
180387 0.88791
180438 0.638692
180489 0.72759
180540 0.706688
180591 0.760528
180642 0.719826
180693 0.714264
180744 0.662074
180795 0.66895
180846 0.689292
180897 1.03059
180948 0.674427
180999 0.707102
181050 0.619496
181101 0.719117
181152 0.790585
181203 0.867748
181254 0.724893
181305 0.757809
181356 0.680564
181407 0.645874
181458 0.770195
181509 0.754493
181560 0.69954
181611 0.864621
181662 0.610088
181713 0.791925
181764 0.648107
181815 0.551702
181866 0.681177
181917 0.649494
181968 0.717075
182019 0.850864
182070 0.832582
182121 0.808981
182172 0.728195
182223 0.718608
182274 0.688837
182325 0.726726
182376 0.643783
182427 0.650595
182478 0.897988
182529 0.672914
182580 0.826231
182631 0.708644
182682 0.72355
182733 0.765602
182784 0.844628
182835 0.818725
182886 0.788806
182937 0.829048
182988 1.01467
183039 0.852177
183090 1.02269
183141 0.866938
183192 0.839943
183243 0.79313
183294 0.843043
183345 0.789928
183396 0.987929
183447 0.73857
183498 0.592051
183549 0.843079
183600 0.84799
183651 0.751293
183702 0.750284
183753 0.761603
183804 0.851092
183855 0.851872
183906 0.667418
183957 0.657959
184008 0.716698
184059 0.563554
184110 0.702548
184161 0.704636
184212 0.62395
184263 0.775417
184314 0.874404
184365 0.793031
184416 0.666932
184467 0.676743
184518 0.69297
184569 0.720605
184620 0.599106
184671 0.659616
184722 0.664397
184773 0.68122
184824 0.722379
184875 0.657727
184926 0.654187
184977 0.689833
185028 0.675715
185079 0.815513
185130 0.693264
185181 0.749536
185232 0.702672
185283 0.726716
185334 0.685374
185385 0.832835
185436 0.875656
185487 0.727787
185538 0.726776
185589 0.728454
185640 0.76857
185691 0.909877
185742 0.713634
185793 0.684832
185844 0.680716
185895 0.691273
185946 0.72097
185997 0.713943
186048 0.655351
186099 0.757352
186150 0.754862
186201 0.782815
186252 0.747661
186303 0.716709
186354 0.913215
186405 0.649529
186456 0.792253
186507 0.701861
186558 0.792137
186609 0.70149
186660 0.707314
186711 0.615317
186762 0.881765
186813 0.757008
186864 0.623814
186915 0.649184
186966 0.654784
187017 0.744119
187068 0.669422
187119 0.65442
187170 0.680913
187221 0.717369
187272 0.684228
187323 0.674755
187374 0.84281
187425 0.80004
187476 0.580004
187527 0.809644
187578 0.884137
187629 0.62887
187680 0.653607
187731 0.578263
187782 0.681089
187833 0.683975
187884 0.570482
187935 0.636012
187986 0.761072
188037 0.711235
188088 0.671371
188139 0.83914
188190 0.781824
188241 0.807906
188292 0.816576
188343 0.733771
188394 0.79751
188445 0.675008
188496 0.606741
188547 0.833203
188598 0.532376
188649 0.648173
188700 0.575671
188751 0.687632
188802 0.63689
188853 0.772638
188904 0.768239
188955 0.821164
189006 0.862408
189057 0.535388
189108 0.586637
189159 0.79772
189210 0.597396
189261 0.530286
189312 0.700668
189363 0.795057
189414 0.846944
189465 0.641552
189516 0.677942
189567 0.754915
189618 0.778837
189669 0.699855
189720 0.676008
189771 0.669445
189822 0.734699
189873 0.648818
189924 0.674724
189975 0.673691
190026 0.540584
190077 0.619514
190128 0.655928
190179 0.676287
190230 0.712986
190281 0.769162
190332 0.614694
190383 0.867264
190434 0.61594
190485 0.917239
190536 0.729956
190587 0.671208
190638 0.619339
190689 0.760456
190740 0.565894
190791 0.794094
190842 0.723898
190893 0.546773
190944 0.551554
190995 0.718222
191046 0.575308
191097 0.684992
191148 0.656776
191199 0.689302
191250 0.625744
191301 0.883147
191352 0.678394
191403 0.639628
191454 0.667967
191505 0.506556
191556 0.569633
191607 0.707566
191658 0.688603
191709 0.653028
191760 0.632726
191811 0.702999
191862 0.717005
191913 0.577043
191964 0.633721
192015 0.781803
192066 0.547237
192117 0.710585
192168 0.756172
192219 0.698613
192270 0.806515
192321 0.810119
192372 0.668517
192423 0.772053
192474 0.74763
192525 0.595363
192576 0.788481
192627 0.826821
192678 0.566953
192729 0.658694
192780 0.655777
192831 0.683373
192882 0.618707
192933 0.788025
192984 0.643839
193035 0.682618
193086 0.706316
193137 0.726638
193188 0.709758
193239 0.676616
193290 0.669601
193341 0.666824
193392 0.560421
193443 0.723089
193494 0.769111
193545 0.68785
193596 0.724941
193647 0.675809
193698 0.788203
193749 0.576825
193800 0.532961
193851 0.587073
193902 0.484471
193953 0.468135
194004 0.593628
194055 0.658994
194106 0.593936
194157 0.827793
194208 0.734673
194259 0.635072
194310 0.73524
194361 0.642053
194412 0.913031
194463 0.689684
194514 0.684785
194565 0.539041
194616 0.508371
194667 0.546152
194718 0.617016
194769 0.731452
194820 0.711353
194871 0.81388
194922 0.651245
194973 0.803805
195024 0.71109
195075 0.684993
195126 0.908489
195177 0.627835
195228 0.716069
195279 0.87112
195330 0.837188
195381 0.572296
195432 0.734741
195483 0.720786
195534 0.663044
195585 0.856958
195636 0.803637
195687 0.690706
195738 0.637687
195789 0.808074
195840 0.741604
195891 0.783676
195942 0.739
195993 0.788977
196044 0.79608
196095 0.864222
196146 0.750949
196197 0.68173
196248 0.69512
196299 0.600367
196350 0.79172
196401 0.731716
196452 0.669852
196503 0.647991
196554 0.840062
196605 0.736458
196656 0.769458
196707 0.864788
196758 0.827632
196809 0.691615
196860 0.627676
196911 0.643782
196962 0.54821
197013 0.758982
197064 0.755099
197115 0.69898
197166 0.635521
197217 0.771593
197268 0.662972
197319 0.776437
197370 0.762936
197421 0.921433
197472 0.530412
197523 0.630976
197574 0.542812
197625 0.64714
197676 0.667149
197727 0.654375
197778 0.520698
197829 0.514217
197880 0.893711
197931 0.711304
197982 0.709332
198033 0.800944
198084 0.834677
198135 0.637319
198186 0.636111
198237 0.781352
198288 0.706761
198339 0.623724
198390 0.655875
198441 0.683626
198492 0.616004
198543 0.554546
198594 0.588027
198645 0.654638
198696 0.631553
198747 0.575604
198798 0.627008
198849 0.579796
198900 0.75394
198951 0.463294
199002 0.803251
199053 0.594373
199104 0.619364
199155 0.505025
199206 0.593884
199257 0.763098
199308 0.63703
199359 0.797308
199410 0.607824
199461 0.514428
199512 0.630953
199563 0.639631
199614 0.656339
199665 0.763024
199716 0.590923
199767 0.509019
199818 0.650003
199869 0.704895
199920 0.493997
199971 0.545579
200022 0.769125
200073 0.526998
200124 0.523358
200175 0.682438
200226 0.510767
200277 0.79487
200328 0.601728
200379 0.704609
200430 0.62268
200481 0.509385
200532 0.500715
200583 0.565037
200634 0.631774
200685 0.630205
200736 0.672133
200787 0.564324
200838 0.659418
200889 0.588456
200940 0.69643
200991 0.565869
201042 0.689998
201093 0.685073
201144 0.63844
201195 0.651502
201246 0.808537
201297 0.873106
201348 0.636196
201399 0.78689
201450 0.608888
201501 0.84645
201552 0.693689
201603 0.686729
201654 0.691693
201705 0.757838
201756 0.825299
201807 0.898731
201858 0.940047
201909 0.719825
201960 0.79422
202011 0.781687
202062 0.772651
202113 0.86203
202164 0.621695
202215 0.85654
202266 0.777059
202317 0.826437
202368 0.643903
202419 0.603268
202470 0.7691
202521 0.629672
202572 0.663313
202623 0.726034
202674 0.583901
202725 0.67275
202776 0.860265
202827 0.774094
202878 0.894516
202929 0.65762
202980 0.791186
203031 0.672477
203082 0.856918
203133 0.764157
203184 0.735238
203235 0.694301
203286 0.604529
203337 0.800235
203388 0.653793
203439 0.788278
203490 0.73319
203541 0.698443
203592 0.656816
203643 0.705468
203694 0.743849
203745 0.838413
203796 0.772214
203847 0.706052
203898 0.570903
203949 0.57049
204000 0.664697
204051 0.596135
204102 0.484433
204153 0.639697
204204 0.617351
204255 0.552724
204306 0.516227
204357 0.661519
204408 0.550778
204459 0.557644
204510 0.621909
204561 0.600876
204612 0.585308
204663 0.481465
204714 0.538744
204765 0.49722
204816 0.452705
204867 0.522651
204918 0.577262
204969 0.573526
205020 0.765897
205071 0.574143
205122 0.484214
205173 0.624189
205224 0.5855
205275 0.556405
205326 0.647276
205377 0.55206
205428 0.603156
205479 0.659047
205530 0.594292
205581 0.729106
205632 0.614025
205683 0.604015
205734 0.752417
205785 0.765995
205836 0.794033
205887 0.652122
205938 0.805508
205989 0.79092
206040 0.683556
206091 0.768683
206142 0.692834
206193 0.776358
206244 0.763522
206295 0.634903
206346 0.712156
206397 0.580648
206448 0.618942
206499 0.855733
206550 0.713417
206601 0.688464
206652 0.64388
206703 0.68452
206754 0.563402
206805 0.522796
206856 0.802132
206907 0.548272
206958 0.64985
207009 0.518144
207060 0.618565
207111 0.590844
207162 0.564426
207213 0.458968
207264 0.630669
207315 0.559698
207366 0.596849
207417 0.501525
207468 0.55468
207519 0.903903
207570 0.678819
207621 0.710173
207672 0.716881
207723 0.69228
207774 0.593987
207825 0.639631
207876 0.782943
207927 0.620864
207978 0.715889
208029 0.601429
208080 0.696612
208131 0.714813
208182 0.688519
208233 0.788951
208284 0.769735
208335 0.757544
208386 0.690395
208437 0.716154
208488 0.754112
208539 0.847771
208590 0.624028
208641 0.834978
208692 0.644393
208743 0.738515
208794 0.708349
208845 0.75428
208896 0.651858
208947 0.685302
208998 0.68101
209049 0.711994
209100 0.740168
209151 0.736075
209202 0.774
209253 0.695093
209304 0.84657
209355 0.901147
209406 0.672787
209457 0.740258
209508 0.750287
209559 0.800569
209610 0.798475
209661 0.673991
209712 0.750164
209763 0.758212
209814 0.660194
209865 0.75759
209916 0.833929
209967 0.731747
210018 0.661125
210069 0.701907
210120 0.697111
210171 0.704148
210222 0.779594
210273 0.698962
210324 0.631318
210375 0.714
210426 0.732998
210477 0.816071
210528 0.606733
210579 0.709816
210630 0.692167
210681 0.717394
210732 0.772806
210783 0.685017
210834 0.802889
210885 0.77606
210936 0.821194
210987 0.802336
211038 0.708257
211089 0.766743
211140 0.751305
211191 0.655802
211242 0.672006
211293 0.625542
211344 0.663566
211395 0.645876
211446 0.714369
211497 0.745304
211548 0.804322
211599 0.60391
211650 0.66948
211701 0.747476
211752 0.584915
211803 0.578582
211854 0.695142
211905 0.636885
211956 0.62411
212007 0.805962
212058 0.642607
212109 0.563238
212160 0.539292
212211 0.723846
212262 0.76528
212313 0.620536
212364 0.532615
212415 0.806488
212466 0.732754
212517 0.572119
212568 0.732359
212619 0.687125
212670 0.554749
212721 0.868353
212772 0.634743
212823 0.633292
212874 0.581557
212925 0.628851
212976 0.541952
213027 0.599296
213078 0.568792
213129 0.531407
213180 0.497627
213231 0.587234
213282 0.789354
213333 0.566364
213384 0.624966
213435 0.580262
213486 0.633082
213537 0.477263
213588 0.575289
213639 0.539471
213690 0.584564
213741 0.515201
213792 0.682174
213843 0.586288
213894 0.808576
213945 0.580692
213996 0.727992
214047 0.550376
214098 0.488584
214149 0.46052
214200 0.494476
214251 0.52205
214302 0.501249
214353 0.478132
214404 0.602385
214455 0.454831
214506 0.596749
214557 0.446353
214608 0.433824
214659 0.537578
214710 0.473983
214761 0.5524
214812 0.532444
214863 0.61339
214914 0.550884
214965 0.767412
215016 0.652269
215067 0.566059
215118 0.486407
215169 0.757325
215220 0.65672
215271 0.574861
215322 0.472509
215373 0.585538
215424 0.514257
215475 0.669609
215526 0.700469
215577 0.524308
215628 0.457052
215679 0.54596
215730 0.629869
215781 0.541502
215832 0.613792
215883 0.576575
215934 0.623441
215985 0.518907
216036 0.506868
216087 0.569353
216138 0.560945
216189 0.559049
216240 0.6332
216291 0.459191
216342 0.581568
216393 0.83527
216444 0.585795
216495 0.73971
216546 0.831176
216597 0.69527
216648 0.743608
216699 0.687845
216750 0.550117
216801 0.672082
216852 0.815351
216903 0.886975
216954 0.71524
217005 0.645963
217056 0.708033
217107 0.764205
217158 0.700692
217209 0.768443
217260 0.764951
217311 0.686155
217362 0.543355
217413 0.557382
217464 0.618068
217515 0.727429
217566 0.807401
217617 0.827122
217668 0.745577
217719 0.77918
217770 0.758087
217821 0.792431
217872 0.560205
217923 0.623819
217974 0.622793
218025 0.676314
218076 0.701347
218127 0.531895
218178 0.719092
218229 0.599651
218280 0.82687
218331 0.755
218382 0.638277
218433 0.699597
218484 0.576727
218535 0.552537
218586 0.574401
218637 0.697472
218688 0.627489
218739 0.630236
218790 0.770247
218841 0.734837
218892 0.577839
218943 0.539861
218994 0.58516
219045 0.665691
219096 0.630201
219147 0.625482
219198 0.600587
219249 0.729736
219300 0.746763
219351 0.609406
219402 0.498621
219453 0.553509
219504 0.547411
219555 0.578515
219606 0.508906
219657 0.791992
219708 0.467598
219759 0.493322
219810 0.587378
219861 0.742952
219912 0.612693
219963 0.607182
220014 0.595994
220065 0.565059
220116 0.623906
220167 0.678026
220218 0.58838
220269 0.64054
220320 0.978621
220371 0.540545
220422 0.52799
220473 0.511446
220524 0.726253
220575 0.539438
220626 0.678416
220677 0.631204
220728 0.573589
220779 0.483506
220830 0.508123
220881 0.473481
220932 0.574868
220983 0.561716
221034 0.635723
221085 0.620732
221136 0.51913
221187 0.51776
221238 0.448826
221289 0.8819
221340 0.726568
221391 0.606598
221442 0.614191
221493 0.597882
221544 0.59632
221595 0.553367
221646 0.620964
221697 0.628504
221748 0.57381
221799 0.659604
221850 0.522362
221901 0.576467
221952 0.527928
222003 0.640511
222054 0.570893
222105 0.587316
222156 0.632972
222207 0.522303
222258 0.556546
222309 0.480829
222360 0.545492
222411 0.711832
222462 0.516095
222513 0.504009
222564 0.614907
222615 0.515508
222666 0.425525
222717 0.535747
222768 0.561881
222819 0.601107
222870 0.544822
222921 0.70595
222972 0.512395
223023 0.515236
223074 0.477649
223125 0.517921
223176 0.530137
223227 0.486199
223278 0.580407
223329 0.472419
223380 0.584802
223431 0.554284
223482 0.466408
223533 0.540409
223584 0.478047
223635 0.521716
223686 0.620632
223737 0.668399
223788 0.61596
223839 0.581475
223890 0.567094
223941 0.599909
223992 0.765277
224043 0.594535
224094 0.650114
224145 0.415
224196 0.663694
224247 0.674601
224298 0.538787
224349 0.597889
224400 0.623152
224451 0.409264
224502 0.52051
224553 0.680428
224604 0.528806
224655 0.474082
224706 0.438703
224757 0.451862
224808 0.521548
224859 0.600485
224910 0.53652
224961 0.68957
225012 0.426774
225063 0.470729
225114 0.58832
225165 0.476582
225216 0.570109
225267 0.521137
225318 0.552623
225369 0.684488
225420 0.575876
225471 0.595583
225522 0.524432
225573 0.616612
225624 0.56359
225675 0.566226
225726 0.58471
225777 0.566063
225828 0.53974
225879 0.542699
225930 0.516404
225981 0.651888
226032 0.470594
226083 0.493143
226134 0.61286
226185 0.524258
226236 0.632486
226287 0.58941
226338 0.521998
226389 0.455771
226440 0.538932
226491 0.674085
226542 0.467497
226593 0.502343
226644 0.502616
226695 0.55941
226746 0.54533
226797 0.673247
226848 0.481994
226899 0.767834
226950 0.452413
227001 0.470306
227052 0.496669
227103 0.516555
227154 0.455634
227205 0.569484
227256 0.510917
227307 0.469397
227358 0.374067
227409 0.510759
227460 0.492394
227511 0.523174
227562 0.532424
227613 0.442829
227664 0.461329
227715 0.433671
227766 0.517701
227817 0.528653
227868 0.435892
227919 0.439954
227970 0.562138
228021 0.552962
228072 0.722434
228123 0.572123
228174 0.798963
228225 0.423664
228276 0.831523
228327 0.62921
228378 0.532007
228429 0.457132
228480 0.514926
228531 0.499172
228582 0.529468
228633 0.474426
228684 0.638812
228735 0.389589
228786 0.578039
228837 0.484272
228888 0.509642
228939 0.521245
228990 0.482626
229041 0.49765
229092 0.687432
229143 0.458372
229194 0.416519
229245 0.614259
229296 0.488221
229347 0.514271
229398 0.478341
229449 0.546418
229500 0.872133
229551 0.491468
229602 0.453847
229653 0.521243
229704 0.538115
229755 0.529585
229806 0.461074
229857 0.631208
229908 0.562499
229959 0.62945
230010 0.636208
230061 0.500687
230112 0.609376
230163 0.521812
230214 0.671491
230265 0.417509
230316 0.586527
230367 0.584808
230418 0.578755
230469 0.632193
230520 0.476134
230571 0.448244
230622 0.509854
230673 0.403545
230724 0.319507
230775 0.553793
230826 0.566653
230877 0.532024
230928 0.633983
230979 0.528085
231030 0.522039
231081 0.46659
231132 0.452082
231183 0.574667
231234 0.67394
231285 0.446335
231336 0.529581
231387 0.517829
231438 0.538784
231489 0.644277
231540 0.733484
231591 0.444196
231642 0.542915
231693 0.544372
231744 0.556304
231795 0.560026
231846 0.580065
231897 0.563912
231948 0.737635
231999 0.595132
232050 0.680777
232101 0.590015
232152 0.618918
232203 0.646191
232254 0.679338
232305 0.630042
232356 0.602848
232407 0.682781
232458 0.616741
232509 0.52571
232560 0.500251
232611 0.837133
232662 0.680615
232713 0.721109
232764 0.554361
232815 0.689293
232866 0.485562
232917 0.574416
232968 0.51913
233019 0.556297
233070 0.633692
233121 0.52787
233172 0.73031
233223 0.625741
233274 0.517681
233325 0.684476
233376 0.590583
233427 0.546981
233478 0.420641
233529 0.53211
233580 0.641265
233631 0.502449
233682 0.679237
233733 0.630265
233784 0.651504
233835 0.646113
233886 0.676072
233937 0.686832
233988 0.596058
234039 0.577349
234090 0.621705
234141 0.59893
234192 0.539566
234243 0.567539
234294 0.612581
234345 0.577299
234396 0.620034
234447 0.713469
234498 0.631145
234549 0.563986
234600 0.559402
234651 0.71512
234702 0.647844
234753 0.712122
234804 0.582756
234855 0.532931
234906 0.638408
234957 0.633763
235008 0.629328
235059 0.685663
235110 0.62282
235161 0.571667
235212 0.603511
235263 0.578081
235314 0.627374
235365 0.648278
235416 0.62355
235467 0.656144
235518 0.570226
235569 0.616644
235620 0.670369
235671 0.701776
235722 0.518447
235773 0.598212
235824 0.658834
235875 0.626528
235926 0.598148
235977 0.568079
236028 0.600164
236079 0.544805
236130 0.565663
236181 0.579806
236232 0.548821
236283 0.551764
236334 0.57953
236385 0.62912
236436 0.61029
236487 0.533038
236538 0.665897
236589 0.553509
236640 0.667945
236691 0.706839
236742 0.628543
236793 0.600292
236844 0.610581
236895 0.547594
236946 0.609629
236997 0.487127
237048 0.702852
237099 0.596436
237150 0.609063
237201 0.588827
237252 0.687322
237303 0.595512
237354 0.564846
237405 0.596046
237456 0.678021
237507 0.650275
237558 0.597842
237609 0.604319
237660 0.615242
237711 0.722551
237762 0.643437
237813 0.598198
237864 0.573223
237915 0.556712
237966 0.468922
238017 0.612654
238068 0.614081
238119 0.561089
238170 0.575504
238221 0.707876
238272 0.512046
238323 0.622605
238374 0.627492
238425 0.60464
238476 0.60415
238527 0.500267
238578 0.71086
238629 0.561368
238680 0.565423
238731 0.661099
238782 0.560705
238833 0.822325
238884 0.647538
238935 0.756288
238986 0.591241
239037 0.712443
239088 0.52046
239139 0.581074
239190 0.613486
239241 0.646633
239292 0.641449
239343 0.652841
239394 0.579086
239445 0.585635
239496 0.500541
239547 0.466135
239598 0.633203
239649 0.651971
239700 0.633842
239751 0.557184
239802 0.579299
239853 0.593644
239904 0.620351
239955 0.724909
240006 0.590404
240057 0.542971
240108 0.636594
240159 0.594021
240210 0.671551
240261 0.610928
240312 0.551409
240363 0.534238
240414 0.716094
240465 0.618951
240516 0.495363
240567 0.692337
240618 0.515206
240669 0.604601
240720 0.643666
240771 0.564086
240822 0.498771
240873 0.502045
240924 0.470148
240975 0.474624
241026 0.681874
241077 0.475835
241128 0.518176
241179 0.523198
241230 0.526911
241281 0.51684
241332 0.231306
241383 0.305174
241434 0.4288
241485 0.309272
241536 0.436654
241587 0.276494
241638 0.348266
241689 0.30317
241740 0.32389
241791 0.264695
241842 0.28047
241893 0.366383
241944 0.189428
241995 0.235352
242046 0.347655
242097 0.704846
242148 0.676926
242199 0.643158
242250 0.641697
242301 0.524764
242352 0.539565
242403 0.759308
242454 0.761776
242505 0.6905
242556 0.525952
242607 0.677999
242658 0.62337
242709 0.632022
242760 0.638283
242811 0.600829
242862 0.708787
242913 0.661602
242964 0.521879
243015 0.554268
243066 0.566781
243117 0.584411
243168 0.493227
243219 0.506507
243270 0.898316
243321 0.567711
243372 0.517692
243423 0.457654
243474 0.459125
243525 0.480914
243576 0.723262
243627 0.628528
243678 0.515453
243729 0.618171
243780 0.484014
243831 0.525682
243882 0.551807
243933 0.499186
243984 0.524274
244035 0.533859
244086 0.53274
244137 0.475457
244188 0.857237
244239 0.563668
244290 0.512343
244341 0.490131
244392 0.423228
244443 0.598056
244494 0.435478
244545 0.443576
244596 0.54038
244647 0.591483
244698 0.622612
244749 0.484968
244800 0.648824
244851 0.498892
244902 0.717514
244953 0.627414
245004 0.520323
245055 0.408418
245106 0.430803
245157 0.490881
245208 0.535367
245259 0.572181
245310 0.554298
245361 0.666312
245412 0.726299
245463 0.555098
245514 0.53706
245565 0.596168
245616 0.565154
245667 0.564347
245718 0.585674
245769 0.488579
245820 0.524834
245871 0.505085
245922 0.47179
245973 0.564127
246024 0.502573
246075 0.42938
246126 0.568009
246177 0.440854
246228 0.626871
246279 0.762598
246330 0.521321
246381 0.608042
246432 0.620217
246483 0.518376
246534 0.765032
246585 0.511465
246636 0.570341
246687 0.554711
246738 0.49633
246789 0.534444
246840 0.451374
246891 0.477681
246942 0.510651
246993 0.444144
247044 0.442987
247095 0.503443
247146 0.450195
247197 0.541077
247248 0.540195
247299 0.623792
247350 0.615219
247401 0.458912
247452 0.70909
247503 0.558022
247554 0.464808
247605 0.496127
247656 0.401538
247707 0.603877
247758 0.557723
247809 0.579344
247860 0.500123
247911 0.512561
247962 0.531667
248013 0.561237
248064 0.507907
248115 0.642351
248166 0.840876
248217 0.54376
248268 0.534041
248319 0.652203
248370 0.508626
248421 0.487714
248472 0.585546
248523 0.509274
248574 0.73841
248625 0.658603
248676 0.475998
248727 0.669073
248778 0.697696
248829 0.615094
248880 0.541733
248931 0.511329
248982 0.889797
249033 0.651094
249084 0.577667
249135 0.487962
249186 0.468189
249237 0.699178
249288 0.739316
249339 0.444675
249390 0.540105
249441 0.532987
249492 0.661456
249543 0.574633
249594 0.527332
249645 0.494996
249696 0.587314
249747 0.594357
249798 0.771074
249849 0.542624
249900 0.64052
249951 0.384046
250002 0.617686
250053 0.508036
250104 0.660255
250155 0.47138
250206 0.501582
250257 0.439982
250308 0.644507
250359 0.491092
250410 0.598187
250461 0.674471
250512 0.550466
250563 0.725949
250614 0.607075
250665 0.647507
250716 0.527397
250767 0.625219
250818 0.606366
250869 0.591171
250920 0.556704
250971 0.569737
251022 0.651672
251073 0.539779
251124 0.572449
251175 0.521192
251226 0.567985
251277 0.484288
251328 0.714454
251379 0.598627
251430 0.458074
251481 0.571384
251532 0.566842
251583 0.642247
251634 0.985256
251685 0.602838
251736 0.588476
251787 0.628746
251838 0.691956
251889 0.524691
251940 0.5756
251991 0.604489
252042 0.463951
252093 0.630655
252144 0.646295
252195 0.583468
252246 0.552085
252297 0.506723
252348 0.526464
252399 0.656372
252450 0.731026
252501 0.637762
252552 0.716311
252603 0.582814
252654 0.614509
252705 0.634586
252756 0.612196
252807 0.552206
252858 0.533562
252909 0.540453
252960 0.565121
253011 0.836404
253062 0.496028
253113 0.597531
253164 0.496738
253215 0.58434
253266 0.508872
253317 0.9117
253368 0.564903
253419 0.628512
253470 0.635416
253521 0.704617
253572 0.709315
253623 0.778246
253674 0.648707
253725 0.686167
253776 0.732938
253827 0.621606
253878 0.963363
253929 0.635473
253980 0.820441
254031 0.720171
254082 0.592746
254133 0.793115
254184 0.650526
254235 0.633861
254286 0.6249
254337 0.568159
254388 0.654911
254439 0.637305
254490 0.514126
254541 0.524354
254592 0.531243
254643 0.547002
254694 0.538307
254745 0.560268
254796 0.618968
254847 0.536223
254898 0.735799
254949 0.567873
255000 0.592156
255051 0.641854
255102 0.510343
255153 0.539953
255204 0.707443
255255 0.570115
255306 0.549232
255357 0.735582
255408 0.663716
255459 0.696351
255510 0.696717
255561 0.726815
255612 0.559557
255663 0.653432
255714 0.645716
255765 0.519849
255816 0.404508
255867 0.526275
255918 0.540363
255969 0.512823
256020 0.55673
256071 0.548339
256122 0.522967
256173 0.656135
256224 0.569557
256275 0.528797
256326 0.557025
256377 0.594907
256428 0.466745
256479 0.602785
256530 0.678524
256581 0.484472
256632 0.607988
256683 0.539445
256734 0.827397
256785 0.623085
256836 0.515379
256887 0.64137
256938 0.699113
256989 0.468901
257040 0.60255
257091 0.500742
257142 0.458161
257193 0.56082
257244 0.517116
257295 0.620504
257346 0.541043
257397 0.507958
257448 0.530517
257499 0.528763
257550 0.465446
257601 0.662053
257652 0.538522
257703 0.558335
257754 0.665779
257805 0.512632
257856 0.521665
257907 0.495654
257958 0.407611
258009 0.587924
258060 0.606984
258111 0.481476
258162 0.512699
258213 0.608151
258264 0.58377
258315 0.533262
258366 0.596682
258417 0.560203
258468 0.711806
258519 0.535107
258570 0.618558
258621 0.679509
258672 0.695274
258723 0.542331
258774 0.426253
258825 0.486434
258876 0.494214
258927 0.604774
258978 0.482296
259029 0.479094
259080 0.495262
259131 0.580673
259182 0.475934
259233 0.651419
259284 0.691843
259335 0.56271
259386 0.467507
259437 0.555515
259488 0.504845
259539 0.666166
259590 0.602308
259641 0.515903
259692 0.474629
259743 0.467081
259794 0.638088
259845 0.493197
259896 0.566025
259947 0.556713
259998 0.538803
260049 0.469683
260100 0.764116
260151 0.443562
260202 0.651964
260253 0.633649
260304 0.829794
260355 0.670748
260406 0.497737
260457 0.601472
260508 0.517109
260559 0.475684
260610 0.563505
260661 0.547936
260712 0.349316
260763 0.651117
260814 0.54629
260865 0.575809
260916 0.446285
260967 0.543458
261018 0.484963
261069 0.611478
261120 0.484799
261171 0.48637
261222 0.546024
261273 0.509405
261324 0.489519
261375 0.516588
261426 0.537574
261477 0.540756
261528 0.594824
261579 0.502457
261630 0.624363
261681 0.530905
261732 0.490836
261783 0.555259
261834 0.472226
261885 0.475013
261936 0.487008
261987 0.50319
262038 0.509114
262089 0.48413
262140 0.53215
262191 0.444015
262242 0.465005
262293 0.513161
262344 0.561404
262395 0.641095
262446 0.45207
262497 0.561813
262548 0.52944
262599 0.601383
262650 0.506837
262701 0.548666
262752 0.406227
262803 0.71007
262854 0.594337
262905 0.655607
262956 0.608101
263007 0.517494
263058 0.473285
263109 0.516594
263160 0.557014
263211 0.664062
263262 0.633358
263313 0.661867
263364 0.593037
263415 0.550908
263466 0.611116
263517 0.531163
263568 0.489377
263619 0.487221
263670 0.533322
263721 0.595871
263772 0.638924
263823 0.545831
263874 0.631334
263925 0.646715
263976 0.588202
264027 0.603259
264078 0.541503
264129 0.559411
264180 0.740201
264231 0.517093
264282 0.59208
264333 0.51456
264384 0.5915
264435 0.517779
264486 0.45167
264537 0.492485
264588 0.434966
264639 0.484899
264690 0.462768
264741 0.544179
264792 0.668685
264843 0.474699
264894 0.446815
264945 0.892991
264996 0.584463
265047 0.4829
265098 0.660393
265149 0.434877
265200 0.642646
265251 0.600953
265302 0.522311
265353 0.660881
265404 0.546203
265455 0.530247
265506 0.454343
265557 0.640307
265608 0.525519
265659 0.521666
265710 0.485816
265761 0.601954
265812 0.67362
265863 0.490372
265914 0.472779
265965 0.501665
266016 0.626221
266067 0.69474
266118 0.59717
266169 0.430941
266220 0.432864
266271 0.457743
266322 0.764538
266373 0.511652
266424 0.475136
266475 0.603699
266526 0.65077
266577 0.670551
266628 0.789114
266679 0.577358
266730 0.465335
266781 0.584384
266832 0.518713
266883 0.702113
266934 0.528804
266985 0.642264
267036 0.609828
267087 0.648553
267138 0.582852
267189 0.596162
267240 0.598796
267291 0.596254
267342 0.749279
267393 0.499977
267444 0.568569
267495 0.505277
267546 0.664582
267597 0.489441
267648 0.575306
267699 0.548792
267750 0.565954
267801 0.479775
267852 0.528363
267903 0.495274
267954 0.455178
268005 0.495734
268056 0.516465
268107 0.490402
268158 0.462225
268209 0.531256
268260 0.540953
268311 0.473654
268362 0.452615
268413 0.440438
268464 0.536187
268515 0.526434
268566 0.575547
268617 0.765149
268668 0.453175
268719 0.637124
268770 0.537512
268821 0.677048
268872 0.549147
268923 0.494272
268974 0.457768
269025 0.52735
269076 0.572467
269127 0.605521
269178 0.524028
269229 0.51961
269280 0.445066
269331 0.510112
269382 0.451087
269433 0.491548
269484 0.707542
269535 0.560956
269586 0.542075
269637 0.534948
269688 0.552179
269739 0.522466
269790 0.620143
269841 0.473121
269892 0.388602
269943 0.710171
269994 0.529744
270045 0.554701
270096 0.492844
270147 0.495539
270198 0.496706
270249 0.462142
270300 0.500069
270351 0.418281
270402 0.728202
270453 0.552827
270504 0.833807
270555 0.558952
270606 0.50148
270657 0.521529
270708 0.569274
270759 0.451971
270810 0.571075
270861 0.910648
270912 0.521812
270963 0.670183
271014 0.537511
271065 0.435228
271116 0.847541
271167 0.601693
271218 0.597018
271269 0.534501
271320 0.503843
271371 0.532758
271422 0.549533
271473 0.444568
271524 0.51813
271575 0.569445
271626 0.564096
271677 0.642923
271728 0.554308
271779 0.589519
271830 0.431034
271881 0.617062
271932 0.55609
271983 0.539659
272034 0.573666
272085 0.511502
272136 0.526917
272187 0.585434
272238 0.559931
272289 0.468499
272340 0.418087
272391 0.598542
272442 0.535141
272493 0.613595
272544 0.539197
272595 0.468706
272646 0.498528
272697 0.591748
272748 0.576829
272799 0.659552
272850 0.612725
272901 0.546068
272952 0.612561
273003 0.607212
273054 0.508737
273105 0.619518
273156 0.701996
273207 0.574805
273258 0.564354
273309 0.614184
273360 0.584418
273411 0.567626
273462 0.549674
273513 0.543064
273564 0.619025
273615 0.445272
273666 0.521828
273717 0.630597
273768 0.577333
273819 0.660266
273870 0.537138
273921 0.51891
273972 0.506101
274023 0.520505
274074 0.46119
274125 0.550911
274176 0.465417
274227 0.589624
274278 0.538188
274329 0.551723
274380 0.537813
274431 0.583231
274482 0.534184
274533 0.540011
274584 0.543593
274635 0.648695
274686 0.670136
274737 0.614191
274788 0.610255
274839 0.568589
274890 0.496245
274941 0.588211
274992 0.627391
275043 0.551435
275094 0.503731
275145 0.520259
275196 0.602739
275247 0.548569
275298 0.662518
275349 0.773824
275400 0.547115
275451 0.439161
275502 0.647941
275553 0.615125
275604 0.51849
275655 0.634741
275706 0.645122
275757 0.600114
275808 0.493028
275859 0.70179
275910 0.576633
275961 0.619732
276012 0.674919
276063 0.546126
276114 0.635608
276165 0.583735
276216 0.689152
276267 0.596131
276318 0.528134
276369 0.529501
276420 0.591047
276471 0.561805
276522 0.474587
276573 0.796057
276624 0.491021
276675 0.554999
276726 0.577419
276777 0.462533
276828 0.432113
276879 0.542563
276930 0.468341
276981 0.465483
277032 0.399819
277083 0.448544
	0.744
