51 2.871
102 2.13522
153 1.91031
204 1.78378
255 1.70784
306 1.6622
357 1.64202
408 1.68729
459 1.72264
510 1.70888
561 1.6846
612 1.66048
663 1.646
714 1.64343
765 1.60159
816 1.55521
867 1.51516
918 1.48159
969 1.45488
1020 1.43596
1071 1.42642
1122 1.42911
1173 1.44951
1224 1.49836
1275 1.5911
1326 2.83988
1377 3.15056
1428 3.13307
1479 3.09209
1530 4.23546
1581 4.20225
1632 4.09384
1683 4.07278
1734 3.91733
1785 3.67919
1836 3.48481
1887 3.48808
1938 3.31866
1989 3.36167
2040 3.03288
2091 2.81186
2142 2.71893
2193 2.62098
2244 2.5832
2295 2.42561
2346 2.43802
2397 2.41614
2448 2.35164
2499 2.31876
2550 2.2947
2601 2.2293
2652 2.22968
2703 2.1948
2754 2.23115
2805 2.19246
2856 2.11484
2907 2.04831
2958 2.07029
3009 2.08456
3060 2.15088
3111 2.07669
3162 2.02208
3213 2.03407
3264 2.07993
3315 2.05521
3366 2.06446
3417 2.07209
3468 2.06868
3519 2.0962
3570 2.07607
3621 2.01515
3672 2.10271
3723 2.07979
3774 2.10137
3825 2.04532
3876 2.03777
3927 2.05244
3978 1.95233
4029 2.08101
4080 2.10686
4131 1.96832
4182 2.04077
4233 2.04545
4284 1.96413
4335 1.94023
4386 1.98406
4437 1.95603
4488 2.03274
4539 1.98041
4590 1.96241
4641 1.82367
4692 1.96645
4743 1.91958
4794 1.87038
4845 1.91413
4896 1.81925
4947 1.9059
4998 1.91472
5049 1.81231
5100 1.88146
5151 1.61648
5202 1.83629
5253 1.89161
5304 1.84584
5355 1.99686
5406 1.85063
5457 1.80376
5508 1.73037
5559 1.82596
5610 1.7679
5661 1.82887
5712 1.65367
5763 1.95538
5814 1.74918
5865 1.76148
5916 1.92924
5967 1.89057
6018 1.66132
6069 1.6462
6120 1.71963
6171 1.68875
6222 1.72677
6273 1.74876
6324 1.65856
6375 1.75872
6426 1.8039
6477 1.71423
6528 1.65818
6579 1.55925
6630 1.68289
6681 1.61667
6732 1.7837
6783 1.63952
6834 1.59919
6885 1.64111
6936 1.60294
6987 1.52875
7038 1.65876
7089 1.67425
7140 1.67019
7191 1.65534
7242 1.63367
7293 1.70158
7344 1.54502
7395 1.63741
7446 1.63053
7497 1.58757
7548 1.59241
7599 1.58725
7650 1.49698
7701 1.54822
7752 1.51187
7803 1.52563
7854 1.58874
7905 1.58075
7956 1.51731
8007 1.62546
8058 1.5984
8109 1.47056
8160 1.53882
8211 1.52695
8262 1.57293
8313 1.39757
8364 1.51539
8415 1.53264
8466 1.5107
8517 1.45158
8568 1.45923
8619 1.49141
8670 1.48414
8721 1.52142
8772 1.50163
8823 1.52334
8874 1.44672
8925 1.52635
8976 1.4828
9027 1.47339
9078 1.48004
9129 1.40811
9180 1.38545
9231 1.45216
9282 1.46959
9333 1.50188
9384 1.43801
9435 1.49206
9486 1.47002
9537 1.4724
9588 1.52395
9639 1.41169
9690 1.42075
9741 1.41396
9792 1.43526
9843 1.50292
9894 1.5095
9945 1.39021
9996 1.42521
10047 1.491
10098 1.50077
10149 1.56065
10200 1.48085
10251 1.37536
10302 1.3194
10353 1.35203
10404 1.48057
10455 1.38689
10506 1.36192
10557 1.45962
10608 1.3657
10659 1.48071
10710 1.45697
10761 1.34909
10812 1.46711
10863 1.38569
10914 1.38296
10965 1.3913
11016 1.41769
11067 1.36832
11118 1.40078
11169 1.39421
11220 1.31966
11271 1.41265
11322 1.41503
11373 1.41999
11424 1.41264
11475 1.37181
11526 1.29451
11577 1.42026
11628 1.43032
11679 1.48957
11730 1.38451
11781 1.45921
11832 1.51925
11883 1.48922
11934 1.48446
11985 1.47822
12036 1.39468
12087 1.48918
12138 1.44768
12189 1.31426
12240 1.42
12291 1.46425
12342 1.45425
12393 1.31522
12444 1.46037
12495 1.50014
12546 1.36031
12597 1.4251
12648 1.4287
12699 1.44493
12750 1.32206
12801 1.44262
12852 1.45272
12903 1.41042
12954 1.51207
13005 1.34472
13056 1.38444
13107 1.42653
13158 1.39166
13209 1.47011
13260 1.39265
13311 1.44933
13362 1.28972
13413 1.29826
13464 1.43073
13515 1.51499
13566 1.35248
13617 1.32167
13668 1.4109
13719 1.41547
13770 1.40123
13821 1.35168
13872 1.36778
13923 1.43088
13974 1.42087
14025 1.44754
14076 1.45327
14127 1.44821
14178 1.2127
14229 1.50773
14280 1.34575
14331 1.44805
14382 1.42761
14433 1.45162
14484 1.44723
14535 1.44091
14586 1.43356
14637 1.42461
14688 1.41485
14739 1.37311
14790 1.39311
14841 1.34828
14892 1.37498
14943 1.29895
14994 1.40847
15045 1.32882
15096 1.38636
15147 1.23845
15198 1.39174
15249 1.26872
15300 1.28694
15351 1.39498
15402 1.34974
15453 1.34494
15504 1.25021
15555 1.3453
15606 1.34314
15657 1.4054
15708 1.38708
15759 1.3509
15810 1.29199
15861 1.29797
15912 1.29981
15963 1.30313
16014 1.34491
16065 1.3281
16116 1.41917
16167 1.3957
16218 1.27853
16269 1.29293
16320 1.22937
16371 1.28131
16422 1.27282
16473 1.24657
16524 1.14066
16575 1.31381
16626 1.33224
16677 1.28329
16728 1.16687
16779 1.35738
16830 1.36833
16881 1.33875
16932 1.2876
16983 1.38707
17034 1.23877
17085 1.30405
17136 1.27121
17187 1.37456
17238 1.18496
17289 1.37191
17340 1.32907
17391 1.32644
17442 1.21152
17493 1.23375
17544 1.37599
17595 1.3117
17646 1.34733
17697 1.2695
17748 1.30871
17799 1.29191
17850 1.20236
17901 1.35852
17952 1.28631
18003 1.29254
18054 1.35803
18105 1.28184
18156 1.43053
18207 1.30462
18258 1.3449
18309 1.37015
18360 1.23925
18411 1.27449
18462 1.26717
18513 1.34364
18564 1.33043
18615 1.3577
18666 1.31304
18717 1.31832
18768 1.22588
18819 1.29737
18870 1.19398
18921 1.31524
18972 1.26001
19023 1.31043
19074 1.26826
19125 1.19551
19176 1.22474
19227 1.3809
19278 1.27321
19329 1.30367
19380 1.2277
19431 1.31163
19482 1.32336
19533 1.335
19584 1.33699
19635 1.31154
19686 1.25734
19737 1.25962
19788 1.35223
19839 1.32972
19890 1.22921
19941 1.25192
19992 1.33398
20043 1.26113
20094 1.32837
20145 1.30271
20196 1.2948
20247 1.28641
20298 1.29641
20349 1.3219
20400 1.22455
20451 1.24925
20502 1.29983
20553 1.29112
20604 1.25243
20655 1.25712
20706 1.39676
20757 1.40869
20808 1.31957
20859 1.24828
20910 1.1439
20961 1.25827
21012 1.29576
21063 1.23104
21114 1.24291
21165 1.30344
21216 1.28013
21267 1.12057
21318 0.96429
21369 1.11115
21420 0.924957
21471 0.820268
21522 0.847197
21573 0.975046
21624 1.05506
21675 1.28852
21726 1.10703
21777 1.10761
21828 1.10142
21879 0.93331
21930 1.16737
21981 1.22155
22032 1.13873
22083 1.11725
22134 0.982781
22185 0.866309
22236 1.25082
22287 0.987987
22338 1.00576
22389 0.887107
22440 0.976782
22491 0.947199
22542 0.85078
22593 1.0543
22644 0.839059
22695 0.929068
22746 0.993489
22797 1.12974
22848 0.936731
22899 1.02046
22950 1.20935
23001 0.900481
23052 0.93418
23103 0.894863
23154 0.858672
23205 0.923048
23256 0.995297
23307 0.98121
23358 1.11889
23409 1.20796
23460 0.951629
23511 0.894212
23562 0.9221
23613 1.29602
23664 0.970922
23715 0.990741
23766 0.806659
23817 0.834384
23868 0.926019
23919 0.900902
23970 1.03545
24021 0.926253
24072 0.973616
24123 1.30811
24174 1.05958
24225 1.23824
24276 1.03664
24327 0.879679
24378 0.905575
24429 1.04676
24480 0.809023
24531 0.706459
24582 0.893214
24633 0.923202
24684 0.794822
24735 0.878959
24786 0.811405
24837 1.10951
24888 0.935974
24939 0.728583
24990 0.939641
25041 0.683426
25092 0.893867
25143 0.967472
25194 0.903293
25245 0.922633
25296 0.731135
25347 0.682952
25398 0.755256
25449 0.756558
25500 0.743777
25551 0.763445
25602 0.803811
25653 0.848772
25704 0.724054
25755 0.753033
25806 1.05413
25857 0.910989
25908 0.771016
25959 0.809169
26010 0.761114
26061 0.879127
26112 0.861539
26163 0.853655
26214 0.835125
26265 1.06758
26316 0.87986
26367 0.809881
26418 0.922601
26469 0.827498
26520 0.926099
26571 0.767553
26622 0.755518
26673 0.934379
26724 0.858412
26775 0.78869
26826 0.8982
26877 0.757535
26928 0.869001
26979 1.02484
27030 0.722687
27081 0.799929
27132 0.790814
27183 0.744757
27234 0.816354
27285 0.883302
27336 0.920372
27387 1.00192
27438 0.959763
27489 0.987976
27540 0.946093
27591 0.777313
27642 1.0211
27693 0.822856
27744 0.968115
27795 0.944899
27846 1.09817
27897 0.783836
27948 0.956904
27999 0.851321
28050 0.837849
28101 0.770456
28152 1.05545
28203 0.788598
28254 0.763781
28305 0.728379
28356 1.00005
28407 0.940195
28458 1.0533
28509 0.858528
28560 1.05962
28611 1.43406
28662 0.774494
28713 0.88414
28764 0.855953
28815 0.792001
28866 0.810261
28917 1.11523
28968 1.00636
29019 0.879437
29070 1.12481
29121 0.895871
29172 0.936791
29223 0.931681
29274 0.900621
29325 0.85457
29376 0.975117
29427 0.981664
29478 0.92073
29529 0.823622
29580 0.821831
29631 1.12337
29682 0.815997
29733 1.05833
29784 0.889247
29835 0.858624
29886 0.959545
29937 1.07223
29988 0.845939
30039 1.09349
30090 0.85164
30141 0.860986
30192 0.897927
30243 1.1027
30294 0.895043
30345 0.872896
30396 0.949824
30447 0.946821
30498 0.839548
30549 0.785651
30600 0.867583
30651 0.919563
30702 0.994143
30753 0.978328
30804 0.867025
30855 1.0428
30906 0.840388
30957 0.878672
31008 1.13841
31059 0.840095
31110 0.96389
31161 1.01184
31212 0.976736
31263 1.00416
31314 0.971026
31365 0.942379
31416 1.0285
31467 0.909598
31518 1.01101
31569 0.94224
31620 1.03078
31671 0.931364
31722 1.07351
31773 0.865639
31824 1.05522
31875 0.967808
31926 0.887699
31977 1.06073
32028 0.957909
32079 1.07546
32130 0.920998
32181 0.960607
32232 0.906104
32283 0.962032
32334 0.866173
32385 1.09164
32436 1.38741
32487 1.19564
32538 1.09606
32589 0.981719
32640 1.18064
32691 0.916542
32742 1.08244
32793 0.898436
32844 1.08434
32895 1.08111
32946 1.02983
32997 1.18138
33048 1.05405
33099 0.955148
33150 0.996297
33201 0.997735
33252 0.961616
33303 0.998048
33354 0.904357
33405 1.05032
33456 0.99368
33507 0.991511
33558 0.940953
33609 1.11304
33660 1.06761
33711 1.14193
33762 1.04217
33813 1.10351
33864 1.18402
33915 1.06245
33966 0.914362
34017 1.07201
34068 1.06435
34119 1.09112
34170 1.08477
34221 1.07038
34272 1.02132
34323 1.01653
34374 1.35137
34425 0.859659
34476 1.08503
34527 0.93274
34578 0.9846
34629 1.13584
34680 1.1832
34731 0.911033
34782 1.1322
34833 1.19908
34884 1.07682
34935 1.07075
34986 1.09496
35037 1.21898
35088 1.31697
35139 0.991156
35190 1.103
35241 1.08243
35292 1.08675
35343 1.09937
35394 1.08942
35445 0.905384
35496 1.07642
35547 0.974614
35598 1.00603
35649 1.05599
35700 1.10948
35751 1.10004
35802 1.16009
35853 1.07617
35904 1.05851
35955 1.13253
36006 1.1218
36057 1.16984
36108 1.13685
36159 0.974287
36210 1.01715
36261 1.22932
36312 0.923833
36363 1.14172
36414 1.22012
36465 1.13417
36516 0.904412
36567 1.14975
36618 0.901467
36669 1.04136
36720 1.06385
36771 1.03259
36822 1.01895
36873 0.96461
36924 1.12753
36975 1.23864
37026 1.22761
37077 1.09166
37128 1.11442
37179 1.51329
37230 1.02222
37281 1.14232
37332 1.24435
37383 1.03998
37434 1.07602
37485 1.0821
37536 1.11401
37587 1.12325
37638 0.998078
37689 1.00403
37740 1.27598
37791 1.0385
37842 1.15678
37893 1.00166
37944 1.04687
37995 0.963505
38046 1.04533
38097 1.07914
38148 1.12762
38199 1.18134
38250 1.26067
38301 1.01434
38352 1.18179
38403 0.953642
38454 1.05069
38505 1.05938
38556 1.19354
38607 1.08338
38658 1.28476
38709 1.10106
38760 1.07009
38811 1.14003
38862 1.01425
38913 0.995489
38964 1.0638
39015 1.06761
39066 1.17579
39117 0.979452
39168 1.15936
39219 1.07711
39270 1.00029
39321 1.07092
39372 1.0585
39423 0.943359
39474 0.86921
39525 1.08972
39576 1.08298
39627 1.03602
39678 1.00063
39729 1.11052
39780 1.05753
39831 1.19381
39882 1.1512
39933 1.09478
39984 1.0138
40035 1.10052
40086 1.06867
40137 0.950609
40188 1.01302
40239 1.10338
40290 1.02332
40341 1.14604
40392 0.982573
40443 1.22869
40494 0.965778
40545 1.10778
40596 0.941408
40647 1.12198
40698 1.10017
40749 1.07048
40800 1.00225
40851 1.10719
40902 1.06903
40953 1.02427
41004 1.06912
41055 1.11551
41106 1.05001
41157 1.08306
41208 0.865924
41259 1.03868
41310 1.09513
41361 1.13541
41412 1.09286
41463 1.0521
41514 1.1
41565 1.05876
41616 0.978565
41667 1.11056
41718 1.17257
41769 1.00086
41820 1.0944
41871 0.985553
41922 1.0627
41973 0.932657
42024 0.853462
42075 1.15497
42126 1.0088
42177 1.12938
42228 1.10332
42279 0.996058
42330 0.916446
42381 1.10175
42432 1.08517
42483 1.01052
42534 1.11922
42585 0.986309
42636 1.09
42687 0.974071
42738 1.07219
42789 1.10119
42840 1.05076
42891 0.951941
42942 1.207
42993 1.06228
43044 1.11339
43095 1.02666
43146 0.956972
43197 0.811626
43248 0.895484
43299 0.916499
43350 1.03
43401 1.06258
43452 0.996436
43503 0.900077
43554 1.01715
43605 0.998474
43656 0.893205
43707 0.952807
43758 1.02375
43809 1.07517
43860 1.14583
43911 0.94066
43962 0.971262
44013 1.0863
44064 0.934144
44115 1.02386
44166 0.999193
44217 1.14765
44268 1.09343
44319 0.873047
44370 1.0568
44421 1.02225
44472 0.966406
44523 1.02889
44574 0.992892
44625 1.14662
44676 1.05936
44727 0.996501
44778 0.985117
44829 1.06694
44880 0.99359
44931 1.05468
44982 0.815904
45033 0.972376
45084 0.949439
45135 1.10318
45186 0.920301
45237 0.948932
45288 0.96802
45339 0.994597
45390 1.18615
45441 0.945603
45492 0.93008
45543 1.19054
45594 1.05131
45645 0.897261
45696 0.981999
45747 0.860811
45798 0.936653
45849 0.976414
45900 0.938791
45951 1.05721
46002 0.893783
46053 1.0694
46104 1.00517
46155 0.876592
46206 1.12027
46257 0.886917
46308 0.887182
46359 1.02033
46410 0.936629
46461 1.20304
46512 1.1808
46563 0.866029
46614 1.09527
46665 0.927905
46716 1.1747
46767 0.966027
46818 0.83755
46869 0.969763
46920 1.00549
46971 0.919246
47022 0.946168
47073 0.990401
47124 0.821262
47175 0.995427
47226 0.959241
47277 0.970022
47328 0.958058
47379 0.907328
47430 0.871922
47481 0.983093
47532 0.944911
47583 0.936854
47634 1.06462
47685 0.860252
47736 0.965833
47787 1.01458
47838 0.871821
47889 0.929439
47940 0.951586
47991 0.947551
48042 0.905414
48093 0.951859
48144 1.00957
48195 1.0608
48246 1.02436
48297 1.00596
48348 0.967262
48399 1.0319
48450 0.877287
48501 0.884221
48552 0.901194
48603 0.929673
48654 0.690177
48705 0.899653
48756 0.921064
48807 0.821783
48858 0.78359
48909 0.922734
48960 1.00515
49011 1.13642
49062 0.965918
49113 0.901148
49164 1.03768
49215 0.95792
49266 1.04325
49317 0.90489
49368 0.906733
49419 0.996032
49470 0.995386
49521 1.09177
49572 0.808383
49623 1.1802
49674 0.913984
49725 0.855374
49776 0.9834
49827 0.887471
49878 0.935019
49929 0.892382
49980 0.961969
50031 0.94575
50082 0.849213
50133 0.776944
50184 0.834072
50235 0.872663
50286 0.909133
50337 0.948339
50388 0.97827
50439 0.971665
50490 0.900486
50541 0.861509
50592 1.03058
50643 0.86845
50694 1.00043
50745 0.906201
50796 0.860655
50847 0.887081
50898 1.08502
50949 1.04523
51000 0.83923
51051 0.949131
51102 0.8357
51153 0.953197
51204 1.04752
51255 0.881064
51306 1.05803
51357 0.947023
51408 0.98539
51459 1.07001
51510 0.881155
51561 0.843038
51612 0.855428
51663 0.843318
51714 0.923353
51765 0.994461
51816 0.92766
51867 0.86778
51918 0.89343
51969 0.977113
52020 0.687259
52071 1.01221
52122 0.811134
52173 0.960161
52224 0.948903
52275 0.909678
52326 0.938564
52377 0.862625
52428 0.881554
52479 0.744399
52530 0.902642
52581 0.820381
52632 0.831577
52683 0.944055
52734 0.769968
52785 0.908219
52836 0.873433
52887 0.900172
52938 0.796504
52989 0.835133
53040 0.80945
53091 0.949695
53142 0.833859
53193 0.961729
53244 0.824986
53295 1.026
53346 0.836567
53397 0.881437
53448 1.04482
53499 0.901072
53550 0.837855
53601 0.868904
53652 0.892984
53703 0.720446
53754 0.788906
53805 0.849892
53856 0.940559
53907 0.876669
53958 1.04289
54009 0.810789
54060 0.985976
54111 0.930304
54162 0.885648
54213 1.04247
54264 0.781192
54315 0.805482
54366 0.853423
54417 0.827348
54468 1.02792
54519 0.831857
54570 0.863113
54621 0.888582
54672 0.836466
54723 0.868241
54774 0.909043
54825 0.936034
54876 0.916276
54927 0.798938
54978 0.762457
55029 0.805367
55080 0.916627
55131 0.766274
55182 0.820089
55233 0.952775
55284 0.747432
55335 0.876281
55386 0.800028
55437 0.745918
55488 0.780363
55539 0.716461
55590 0.850705
55641 1.04889
55692 0.801478
55743 0.898163
55794 0.95726
55845 0.904055
55896 0.781922
55947 0.850093
55998 0.839575
56049 0.787777
56100 0.820324
56151 0.729009
56202 0.945001
56253 0.778615
56304 0.789904
56355 1.02683
56406 0.897164
56457 0.710695
56508 0.85286
56559 0.92827
56610 0.735722
56661 0.859068
56712 0.761894
56763 0.80033
56814 0.853181
56865 0.780797
56916 0.758045
56967 0.801613
57018 1.02158
57069 0.907206
57120 0.942695
57171 0.901567
57222 0.803416
57273 0.695522
57324 0.710382
57375 0.797302
57426 0.968682
57477 0.830142
57528 0.778637
57579 0.902132
57630 0.816338
57681 0.745963
57732 0.72783
57783 0.846734
57834 0.79501
57885 0.664397
57936 0.69952
57987 0.735864
58038 0.898045
58089 0.723074
58140 0.837994
58191 0.865556
58242 0.826681
58293 0.737149
58344 0.748618
58395 0.73943
58446 0.929853
58497 0.674343
58548 0.739682
58599 0.793368
58650 0.892377
58701 0.823921
58752 0.961672
58803 0.687628
58854 0.744064
58905 0.85548
58956 0.841485
59007 0.810131
59058 0.841819
59109 0.733385
59160 0.798155
59211 0.756591
59262 0.786379
59313 0.830973
59364 0.857837
59415 0.743681
59466 0.83475
59517 0.806091
59568 0.708267
59619 0.649654
59670 0.710296
59721 0.593744
59772 0.921164
59823 0.667177
59874 0.740122
59925 0.783744
59976 0.78237
60027 0.760433
60078 0.765085
60129 0.634909
60180 0.741142
60231 0.789568
60282 0.784111
60333 0.736598
60384 0.755385
60435 0.723867
60486 0.824938
60537 0.660898
60588 0.680988
60639 0.793448
60690 0.768196
60741 0.72298
60792 0.789097
60843 0.828853
60894 0.756689
60945 0.712226
60996 0.727861
61047 0.860286
61098 0.885266
61149 0.774453
61200 0.665843
61251 0.645595
61302 0.589126
61353 0.865856
61404 0.85211
61455 0.759563
61506 0.663946
61557 0.703504
61608 0.728695
61659 0.631263
61710 0.701575
61761 0.866504
61812 0.662778
61863 0.734483
61914 0.78083
61965 0.795563
62016 0.797784
62067 0.731693
62118 0.899187
62169 0.926714
62220 0.738351
62271 0.558139
62322 0.90393
62373 0.788355
62424 0.626992
62475 0.660011
62526 0.667632
62577 0.589715
62628 0.975783
62679 0.749283
62730 0.847257
62781 0.634811
62832 0.875427
62883 0.850114
62934 0.582656
62985 0.791722
63036 0.767984
63087 0.637447
63138 0.907393
63189 0.811281
63240 0.817449
63291 1.07568
63342 0.863318
63393 0.789027
63444 0.723849
63495 0.72487
63546 0.772096
63597 0.716145
63648 0.769132
63699 0.795138
63750 0.712165
63801 0.818001
63852 0.698249
63903 0.921298
63954 0.633296
64005 0.845878
64056 0.967176
64107 0.766338
64158 0.82407
64209 0.784269
64260 0.433192
64311 0.714142
64362 0.742169
64413 0.981795
64464 0.729313
64515 0.788983
64566 0.895821
64617 0.717589
64668 0.834825
64719 0.819545
64770 0.957178
64821 0.759429
64872 0.594856
64923 0.817486
64974 0.665159
65025 0.761911
65076 0.747909
65127 0.796066
65178 0.7608
65229 0.657689
65280 0.626294
65331 0.784151
65382 0.878511
65433 0.849827
65484 0.86488
65535 0.89165
65586 0.978674
65637 0.620211
65688 0.689463
65739 0.616831
65790 0.653075
65841 0.617748
65892 0.76216
65943 0.890239
65994 0.907585
66045 0.708448
66096 0.856856
66147 0.801391
66198 0.794227
66249 0.897963
66300 0.694184
66351 0.984634
66402 0.808305
66453 0.642038
66504 0.791944
66555 0.922955
66606 0.870869
66657 0.872186
66708 0.725755
66759 0.732774
66810 0.806415
66861 0.837593
66912 0.634723
66963 0.889854
67014 0.775972
67065 0.694442
67116 0.705194
67167 0.849606
67218 0.598981
67269 0.701684
67320 0.808345
67371 0.76572
67422 0.630919
67473 0.645714
67524 0.848403
67575 0.723979
67626 0.726087
67677 0.687364
67728 0.749311
67779 0.80671
67830 0.714478
67881 0.566906
67932 0.602765
67983 0.553518
68034 0.794735
68085 0.800189
68136 0.902801
68187 0.89621
68238 0.64358
68289 0.704082
68340 0.691391
68391 0.611681
68442 0.82516
68493 0.747851
68544 0.565233
68595 0.901397
68646 0.82539
68697 0.746164
68748 0.732783
68799 0.625452
68850 0.735886
68901 0.612107
68952 0.679049
69003 0.657856
69054 0.694434
69105 0.945132
69156 0.831564
69207 0.846397
69258 0.744829
69309 0.838557
69360 0.726874
69411 0.887076
69462 0.873997
69513 0.751405
69564 0.611788
69615 0.671516
69666 0.691474
69717 0.646908
69768 0.723287
69819 0.738994
69870 0.785774
69921 0.791687
69972 0.740566
70023 0.836445
70074 0.83726
70125 0.577436
70176 0.69716
70227 0.93726
70278 0.906466
70329 0.902257
70380 0.727998
70431 0.790672
70482 0.835172
70533 0.657068
70584 1.02892
70635 0.78939
70686 0.639932
70737 0.756067
70788 0.761404
70839 0.741151
70890 0.678338
70941 0.888523
70992 0.617049
71043 0.653113
71094 0.58535
71145 0.866198
71196 0.783214
71247 0.801733
71298 0.630972
71349 0.732802
71400 0.665864
71451 0.832791
71502 0.47386
71553 0.662697
71604 0.765348
71655 0.859588
71706 0.81483
71757 0.688451
71808 0.761056
71859 0.572337
71910 0.708458
71961 0.758857
72012 0.568629
72063 0.800591
72114 0.727206
72165 0.833699
72216 0.614332
72267 0.775209
72318 0.620598
72369 0.655076
72420 0.709314
72471 0.627024
72522 0.76891
72573 0.785265
72624 0.772195
72675 0.757102
72726 0.918658
72777 0.894428
72828 0.749842
72879 0.685733
72930 0.525158
72981 0.70821
73032 0.606408
73083 0.680629
73134 0.664515
73185 0.799306
73236 0.642883
73287 0.572024
73338 0.62089
73389 0.54396
73440 0.841824
73491 0.58041
73542 0.681288
73593 0.676238
73644 0.729986
73695 0.608859
73746 0.637875
73797 0.686615
73848 0.65858
73899 0.706517
73950 0.948553
74001 0.91556
74052 0.816986
74103 0.54669
74154 0.50108
74205 0.7242
74256 0.814201
74307 0.768556
74358 0.57684
74409 0.602538
74460 0.895249
74511 0.863558
74562 0.733723
74613 0.783939
74664 0.803887
74715 0.973436
74766 0.608713
74817 0.794264
74868 0.711464
74919 0.747359
74970 0.763228
75021 0.702463
75072 0.728127
75123 0.654124
75174 1.00213
75225 0.767482
75276 0.652647
75327 0.672204
75378 0.720304
75429 0.723325
75480 0.722549
75531 0.799609
75582 0.794222
75633 0.612659
75684 0.744147
75735 0.605866
75786 0.61802
75837 0.916839
75888 0.710751
75939 0.72256
75990 0.623274
76041 0.583395
76092 0.71008
76143 0.787388
76194 0.618539
76245 0.578507
76296 0.67027
76347 0.835093
76398 0.729394
76449 0.741096
76500 0.658414
76551 0.82532
76602 0.879225
76653 0.874054
76704 0.627804
76755 0.841766
76806 0.838393
76857 0.893362
76908 0.812377
76959 0.679306
77010 0.783554
77061 0.589716
77112 0.583867
77163 0.488563
77214 0.749993
77265 0.684716
77316 0.754375
77367 0.737327
77418 0.708592
77469 0.682215
77520 0.668448
77571 0.590563
77622 0.62001
77673 0.731099
77724 0.712071
77775 0.583272
77826 0.685153
77877 0.566006
77928 0.659763
77979 0.660376
78030 0.486538
78081 0.479633
78132 0.67511
78183 0.673289
78234 0.728495
78285 0.804198
78336 0.704622
78387 0.73066
78438 0.696957
78489 0.867795
78540 0.785233
78591 0.878341
78642 0.543121
78693 0.608876
78744 0.619163
78795 0.601136
78846 0.640363
78897 0.566509
78948 0.531175
78999 0.688825
79050 0.926323
79101 0.670672
79152 0.6144
79203 0.497716
79254 0.601734
79305 0.618221
79356 0.65482
79407 0.548496
79458 0.818667
79509 0.61294
79560 0.963436
79611 0.709448
79662 0.777915
79713 0.593663
79764 0.698319
79815 0.735018
79866 0.572768
79917 0.568489
79968 0.727283
80019 0.574142
80070 0.623205
80121 0.698948
80172 0.695817
80223 0.698972
80274 0.669221
80325 0.720597
80376 0.531139
80427 0.801751
80478 0.642505
80529 0.645089
80580 0.680135
80631 0.612343
80682 0.488347
80733 0.773353
80784 0.987857
80835 0.909076
80886 0.494036
80937 0.640869
80988 0.81389
81039 0.64598
81090 0.756396
81141 0.501962
81192 0.679715
81243 0.568468
81294 0.648085
81345 0.592088
81396 0.725226
81447 0.720477
81498 0.752938
81549 0.860524
81600 0.964235
81651 0.72324
81702 0.673571
81753 0.692066
81804 0.589626
81855 0.415297
81906 0.72488
81957 0.657596
82008 0.585294
82059 0.488296
82110 0.743063
82161 0.681838
82212 0.6273
82263 0.81334
82314 0.550862
82365 0.509099
82416 0.698716
82467 0.502941
82518 0.642587
82569 0.764243
82620 0.513641
82671 0.614831
82722 0.526533
82773 0.88936
82824 0.697369
82875 0.741681
82926 0.638667
82977 0.724518
83028 0.704024
83079 0.498193
83130 0.566985
83181 0.875631
83232 0.494417
83283 0.751284
83334 0.672091
83385 0.638264
83436 0.619679
83487 0.782351
83538 0.700347
83589 0.646392
83640 0.541718
83691 1.10711
83742 0.624134
83793 0.508415
83844 0.687292
83895 0.667597
83946 0.428499
83997 0.845379
84048 0.642894
84099 0.766045
84150 0.685218
84201 0.575046
84252 0.674805
84303 0.620146
84354 0.517369
84405 0.647137
84456 0.69732
84507 0.848935
84558 0.831203
84609 0.827441
84660 0.77136
84711 0.613475
84762 0.827804
84813 0.7726
84864 0.632818
84915 0.904167
84966 0.670836
85017 0.841307
85068 0.61363
85119 0.676922
85170 0.667835
85221 0.759203
85272 0.734587
85323 0.726333
85374 0.69561
85425 0.703014
85476 0.849544
85527 0.67937
85578 0.585711
85629 0.631856
85680 0.67958
85731 0.583632
85782 0.75205
85833 0.586311
85884 0.453949
85935 0.756143
85986 0.95389
86037 0.586926
86088 0.825122
86139 0.790281
86190 0.532615
86241 0.739814
86292 0.584979
86343 0.911978
86394 0.714648
86445 0.48291
86496 0.547712
86547 0.793736
86598 0.722318
86649 0.721573
86700 0.725835
86751 0.709846
86802 0.694201
86853 0.732728
86904 0.725808
86955 0.733826
87006 0.644539
87057 0.552926
87108 0.528196
87159 0.713075
87210 0.699729
87261 0.748269
87312 0.734787
87363 0.762463
87414 0.73564
87465 0.8285
87516 0.688202
87567 0.491283
87618 0.539988
87669 0.781479
87720 0.712044
87771 0.642177
87822 0.571132
87873 0.451765
87924 0.624207
87975 0.558635
88026 0.617217
88077 0.582552
88128 0.633516
88179 0.751559
88230 0.753299
88281 0.89045
88332 0.794274
88383 0.749807
88434 0.895327
88485 0.741835
88536 0.78259
88587 0.7248
88638 0.952221
88689 0.557036
88740 0.508781
88791 0.568056
88842 0.614708
88893 0.55643
88944 0.708641
88995 0.816228
89046 0.574628
89097 0.675752
89148 0.558022
89199 0.825754
89250 0.56949
89301 0.776676
89352 0.674196
89403 0.784012
89454 0.821014
89505 0.814083
89556 0.747626
89607 0.622364
89658 0.490982
89709 0.784525
89760 0.714314
89811 0.626788
89862 0.65944
89913 0.542503
89964 0.598989
90015 0.940907
90066 0.627804
90117 0.605499
90168 0.619895
90219 0.632444
90270 0.554014
90321 0.518372
90372 0.881304
90423 0.77922
90474 0.729156
90525 0.642395
90576 0.702638
90627 0.847938
90678 0.821701
90729 0.740851
90780 0.642284
90831 0.740167
90882 0.912887
90933 0.915543
90984 0.567562
91035 0.637766
91086 0.519358
91137 0.658144
91188 0.690652
91239 0.775592
91290 0.754715
91341 0.645454
91392 0.63358
91443 0.757117
91494 0.918495
91545 0.835288
91596 0.5743
91647 0.728725
91698 0.786599
91749 0.538489
91800 0.805176
91851 0.831415
91902 0.769477
91953 0.733374
92004 0.548208
92055 0.549194
92106 0.651849
92157 0.540925
92208 0.756724
92259 0.758289
92310 0.590866
92361 0.669721
92412 0.70329
92463 0.725227
92514 0.785639
92565 0.733963
92616 0.487781
92667 0.537062
92718 0.748701
92769 0.726735
92820 0.58618
92871 0.676244
92922 0.665205
92973 0.592939
93024 0.725329
93075 0.710855
93126 0.528557
93177 0.637688
93228 0.725871
93279 0.819226
93330 0.547818
93381 0.739898
93432 0.537675
93483 0.623731
93534 0.546337
93585 0.533071
93636 0.817327
93687 0.471218
93738 0.551654
93789 0.605004
93840 0.540336
93891 0.514472
93942 0.610197
93993 0.901832
94044 0.728125
94095 0.621431
94146 0.482625
94197 0.48439
94248 0.741235
94299 0.841439
94350 0.70929
94401 0.658053
94452 0.550546
94503 0.716765
94554 0.806982
94605 0.704904
94656 0.87227
94707 0.683957
94758 0.785096
94809 0.806253
94860 0.737073
94911 0.824677
94962 0.654904
95013 0.727387
95064 0.741678
95115 0.536398
95166 0.651153
95217 0.574147
95268 0.512753
95319 1.04193
95370 0.831261
95421 0.569931
95472 0.763361
95523 0.66886
95574 0.425712
95625 0.423997
95676 0.687193
95727 0.549139
95778 0.657546
95829 0.681764
95880 0.547139
95931 0.561641
95982 0.520622
96033 0.424719
96084 0.626894
96135 0.564143
96186 0.528487
96237 0.595115
96288 0.707127
96339 0.560119
96390 0.458221
96441 0.78764
96492 0.589738
96543 0.623764
96594 0.533228
96645 0.627901
96696 0.58608
96747 0.576464
96798 0.460021
96849 0.763941
96900 0.623932
96951 0.631729
97002 0.514951
97053 0.596799
97104 0.597775
97155 0.57445
97206 0.602738
97257 0.659113
97308 0.506265
97359 0.482993
97410 0.835414
97461 0.673269
97512 0.543345
97563 0.773146
97614 0.686385
97665 0.6191
97716 0.708498
97767 0.543671
97818 0.713057
97869 0.708328
97920 0.536048
97971 0.46225
98022 0.680213
98073 0.559336
98124 0.797906
98175 0.523401
98226 0.569123
98277 0.627793
98328 0.725734
98379 0.568286
98430 0.683225
98481 0.746229
98532 0.636894
98583 0.617103
98634 0.644199
98685 0.652626
98736 0.45528
98787 0.680526
98838 0.504218
98889 0.690839
98940 0.678971
98991 0.627534
99042 0.704083
99093 0.774244
99144 0.595757
99195 0.767533
99246 0.683729
99297 0.601353
99348 0.593927
99399 0.677726
99450 0.577976
99501 0.584393
99552 0.603471
99603 0.602219
99654 0.512893
99705 0.64461
99756 0.541542
99807 0.60242
99858 0.654867
99909 0.543107
99960 0.703502
100011 0.66553
100062 0.623017
100113 0.568256
100164 0.612873
100215 0.775517
100266 0.753079
100317 0.583692
100368 0.653902
100419 0.592855
100470 0.783695
100521 0.716596
100572 0.60602
100623 0.755844
100674 0.573383
100725 0.771145
100776 0.612919
100827 0.679949
100878 0.496599
100929 0.485195
100980 0.498249
101031 0.498922
101082 0.79978
101133 0.62503
101184 0.459873
101235 0.559523
101286 0.622432
101337 0.840997
101388 0.641739
101439 0.769561
101490 0.600479
101541 0.719707
101592 0.789245
101643 0.722423
101694 0.642539
101745 0.814846
101796 0.881749
101847 0.757851
101898 0.624086
101949 0.711911
102000 0.532423
102051 0.556872
102102 0.705998
102153 0.715045
102204 0.550176
102255 0.750247
102306 0.641352
102357 0.502739
102408 0.478309
102459 0.611739
102510 0.524392
102561 0.63568
102612 0.497577
102663 0.687917
102714 0.734735
102765 0.709941
102816 0.728421
102867 0.640929
102918 0.647353
102969 0.673612
103020 0.651817
103071 0.382094
103122 0.501281
103173 0.691979
103224 0.535042
103275 0.501004
103326 0.58073
103377 0.770694
103428 0.539707
103479 0.63496
103530 0.600883
103581 0.429318
103632 0.484699
103683 0.55869
103734 0.80944
103785 0.649054
103836 0.669812
103887 0.603026
103938 0.74685
103989 0.518863
104040 0.728979
104091 0.775735
104142 0.682831
104193 0.58432
104244 0.589906
104295 0.528935
104346 0.562166
104397 0.641339
104448 0.692439
104499 0.622855
104550 0.597862
104601 0.650494
104652 0.638714
104703 0.653852
104754 0.735055
104805 0.559547
104856 0.520219
104907 0.595255
104958 0.725845
105009 0.584177
105060 0.594361
105111 0.563262
105162 0.633059
105213 0.575086
105264 0.444614
105315 0.474553
105366 0.539668
105417 0.555485
105468 0.514141
105519 0.742889
105570 0.629035
105621 0.640376
105672 0.658133
105723 0.588802
105774 0.627408
105825 0.585857
105876 0.626556
105927 0.690292
105978 0.528745
106029 0.632501
106080 0.812334
106131 0.816668
106182 0.617062
106233 0.555628
106284 0.672961
106335 0.647247
106386 0.699811
106437 0.572851
106488 0.750938
106539 0.84997
106590 0.881412
106641 0.993274
106692 0.631064
106743 0.50441
106794 0.575826
106845 0.534133
106896 0.546369
106947 0.547551
106998 0.559348
107049 0.535011
107100 0.5618
107151 0.723226
107202 0.502656
107253 0.676408
107304 0.547671
107355 0.611045
107406 0.575458
107457 0.568824
107508 0.600983
107559 0.591878
107610 0.627173
107661 0.624968
107712 0.554892
107763 0.466054
107814 0.501739
107865 0.562891
107916 0.505172
107967 0.593473
108018 0.422788
108069 0.615829
108120 0.718576
108171 0.473473
108222 0.427366
108273 0.519252
108324 0.524557
108375 0.491423
108426 0.529495
108477 0.568476
108528 0.526077
108579 0.500697
108630 0.49914
108681 0.739236
108732 0.585421
108783 0.842138
108834 0.72024
108885 0.666119
108936 0.742054
108987 0.602306
109038 0.642619
109089 0.736124
109140 0.786644
109191 0.725588
109242 0.754764
109293 0.550467
109344 0.599342
109395 0.860745
109446 0.848894
109497 0.599831
109548 0.593096
109599 0.450484
109650 0.564603
109701 0.51168
109752 0.497685
109803 0.573743
109854 0.70962
109905 0.765539
109956 0.735
110007 0.559102
110058 0.595406
110109 0.775754
110160 0.705831
110211 0.780581
110262 0.560877
110313 0.775842
110364 0.541281
110415 0.587917
110466 0.655251
110517 0.900111
110568 0.807925
110619 0.875908
110670 0.772835
110721 0.685647
110772 0.737545
110823 0.765342
110874 0.739874
110925 0.56289
110976 0.703956
111027 0.894396
111078 0.727865
111129 0.591899
111180 0.57654
111231 0.642762
111282 0.817799
111333 0.456143
111384 0.479967
111435 0.777233
111486 0.64171
111537 0.598477
111588 0.553377
111639 0.503155
111690 0.572874
111741 0.790844
111792 0.788863
111843 0.632693
111894 0.606856
111945 0.758404
111996 0.651399
112047 0.664685
112098 0.434967
112149 0.711604
112200 0.789744
112251 0.655257
112302 0.722343
112353 0.739579
112404 0.716325
112455 0.73022
112506 0.792251
112557 0.510262
112608 0.792365
112659 0.627172
112710 0.653752
112761 0.761425
112812 0.471897
112863 0.603666
112914 0.642355
112965 0.508386
113016 0.9082
113067 0.713622
113118 0.632856
113169 0.765873
113220 0.581692
113271 0.66728
113322 0.68684
113373 0.657466
113424 0.588124
113475 0.552909
113526 0.577897
113577 0.480938
113628 0.563796
113679 0.686694
113730 0.628299
113781 0.726783
113832 0.524701
113883 0.651703
113934 0.504091
113985 0.626797
114036 0.456542
114087 0.592739
114138 0.536521
114189 0.559763
114240 0.77281
114291 0.6192
114342 0.625902
114393 0.717211
114444 0.561993
114495 0.712961
114546 0.913148
114597 0.744401
114648 0.617595
114699 0.70357
114750 0.662392
114801 0.627969
114852 0.730847
114903 0.659821
114954 0.603403
115005 0.74785
115056 0.757662
115107 0.572078
115158 0.631465
115209 0.713992
115260 0.517367
115311 0.555611
115362 0.483875
115413 0.578751
115464 0.656786
115515 0.74409
115566 0.762859
115617 0.721168
115668 0.551008
115719 0.739828
115770 0.536242
115821 0.646753
115872 0.634007
115923 0.641616
115974 0.664176
116025 0.555929
116076 0.736894
116127 0.763208
116178 0.576317
116229 0.594677
116280 0.610435
116331 0.598848
116382 0.615456
116433 0.678004
116484 0.590921
116535 0.699816
116586 0.602354
116637 0.542932
116688 0.690718
116739 0.654349
116790 0.627428
116841 0.721946
116892 0.665372
116943 0.80868
116994 0.700837
117045 0.814531
117096 0.578393
117147 0.768793
117198 0.6582
117249 0.682938
117300 0.728933
117351 0.722191
117402 0.779601
117453 0.652376
117504 0.678585
117555 0.745387
117606 0.619728
117657 0.661192
117708 0.54141
117759 0.674645
117810 0.636916
117861 0.624291
117912 0.45721
117963 0.623922
118014 0.654531
118065 0.562072
118116 0.441704
118167 0.494443
118218 0.468083
118269 0.435642
118320 0.462947
118371 0.56618
118422 0.693623
118473 0.546149
118524 0.629279
118575 0.535593
118626 0.574244
118677 0.637579
118728 0.497356
118779 0.660768
118830 0.556195
118881 0.63038
118932 0.569163
118983 0.520233
119034 0.546065
119085 0.706757
119136 0.711212
119187 0.574573
119238 0.642819
119289 0.580331
119340 0.606128
119391 0.627945
119442 0.579109
119493 0.598321
119544 0.510377
119595 0.601387
119646 0.585107
119697 0.594887
119748 0.712831
119799 0.612805
119850 0.656712
119901 0.660626
119952 0.595785
120003 0.601125
120054 0.617825
120105 0.610006
120156 0.551764
120207 0.692324
120258 0.737686
120309 0.570086
120360 0.505283
120411 0.603737
120462 0.553915
120513 0.571796
120564 0.609097
120615 0.715756
120666 0.577332
120717 0.649834
120768 0.565298
120819 0.614786
120870 0.568198
120921 0.579318
120972 0.599319
121023 0.492409
121074 0.644602
121125 0.587838
121176 0.564224
121227 0.682284
121278 0.684631
121329 0.709638
121380 0.627593
121431 0.588723
121482 0.578179
121533 0.602882
121584 0.688101
121635 0.49139
121686 0.46665
121737 0.613182
121788 0.568873
121839 0.585192
121890 0.530166
121941 0.637848
121992 0.615181
122043 0.602943
122094 0.611968
122145 0.635038
122196 0.516295
122247 0.683061
122298 0.557337
122349 0.422418
122400 0.542677
122451 0.425313
122502 0.481148
122553 0.604158
122604 0.652775
122655 0.556874
122706 0.559312
122757 0.520715
122808 0.539683
122859 0.494484
122910 0.566069
122961 0.545669
123012 0.618946
123063 0.557218
123114 0.572591
123165 0.61192
123216 0.600897
123267 0.537241
123318 0.50515
123369 0.745405
123420 0.601074
123471 0.567323
123522 0.583153
123573 0.505494
123624 0.670421
123675 0.57325
123726 0.47616
123777 0.601101
123828 0.624104
123879 0.528014
123930 0.550978
123981 0.535724
124032 0.470123
124083 0.606053
124134 0.465569
124185 0.637735
124236 0.665125
124287 0.560585
124338 0.642936
124389 0.566111
124440 0.569753
124491 0.548442
124542 0.567352
124593 0.546575
124644 0.533887
124695 0.545094
124746 0.515748
124797 0.506629
124848 0.605888
124899 0.489454
124950 0.672672
125001 0.557936
125052 0.626663
125103 0.420139
125154 0.593216
125205 0.560109
125256 0.584661
125307 0.468999
125358 0.557231
125409 0.663967
125460 0.520139
125511 0.565844
125562 0.557853
125613 0.528644
125664 0.565067
125715 0.547794
125766 0.642469
125817 0.519415
125868 0.536556
125919 0.520199
125970 0.51135
126021 0.676064
126072 0.511336
126123 0.486455
126174 0.473302
126225 0.605498
126276 0.572887
126327 0.558388
126378 0.527556
126429 0.539234
126480 0.624037
126531 0.718633
126582 0.503641
126633 0.523103
126684 0.668651
126735 0.494789
126786 0.571184
126837 0.607839
126888 0.545562
126939 0.680812
126990 0.472912
127041 0.556943
127092 0.565395
127143 0.515911
127194 0.661116
127245 0.67469
127296 0.57919
127347 0.510491
127398 0.555109
127449 0.566576
127500 0.516856
127551 0.540803
127602 0.737724
127653 0.59024
127704 0.645849
127755 0.511889
127806 0.509875
127857 0.405219
127908 0.638548
127959 0.572428
128010 0.600289
128061 0.511384
128112 0.613836
128163 0.581768
128214 0.564073
128265 0.585468
128316 0.557278
128367 0.510731
128418 0.543336
128469 0.678596
128520 0.504019
128571 0.51277
128622 0.469721
128673 0.379756
128724 0.445108
128775 0.50911
128826 0.415062
128877 0.527467
128928 0.468497
128979 0.505845
129030 0.54939
129081 0.482459
129132 0.409896
129183 0.532927
129234 0.535593
129285 0.462853
129336 0.519337
129387 0.607791
129438 0.423299
129489 0.661593
129540 0.583045
129591 0.533025
129642 0.512459
129693 0.56357
129744 0.475742
129795 0.524945
129846 0.51977
129897 0.677624
129948 0.658961
129999 0.534528
130050 0.468919
130101 0.558475
130152 0.619204
130203 0.482521
130254 0.540948
130305 0.688104
130356 0.574141
130407 0.596991
130458 0.534409
130509 0.528296
130560 0.583766
130611 0.667678
130662 0.474213
130713 0.422689
130764 0.687977
130815 0.53377
130866 0.383037
130917 0.591588
130968 0.527657
131019 0.464865
131070 0.55249
131121 0.411474
131172 0.528492
131223 0.473713
131274 0.554161
131325 0.455389
131376 0.449384
131427 0.495113
131478 0.4515
131529 0.585063
131580 0.550122
131631 0.520981
131682 0.480205
131733 0.617641
131784 0.503038
131835 0.390447
131886 0.565655
131937 0.500833
131988 0.52491
132039 0.559183
132090 0.551102
132141 0.54961
132192 0.396825
132243 0.523591
132294 0.553104
132345 0.456467
132396 0.516308
132447 0.597295
132498 0.44491
132549 0.499749
132600 0.44684
132651 0.504539
132702 0.386671
132753 0.520552
132804 0.528396
132855 0.615288
132906 0.471699
132957 0.533716
133008 0.485073
133059 0.544084
133110 0.591039
133161 0.636405
133212 0.429102
133263 0.557203
133314 0.452605
133365 0.504179
133416 0.506779
133467 0.656696
133518 0.458841
133569 0.577014
133620 0.497506
133671 0.589432
133722 0.533526
133773 0.586348
133824 0.672544
133875 0.484862
133926 0.524183
133977 0.429329
134028 0.485345
134079 0.428144
134130 0.464784
134181 0.627346
134232 0.539647
134283 0.572
134334 0.459511
134385 0.444818
134436 0.477557
134487 0.469322
134538 0.640032
134589 0.526899
134640 0.573479
134691 0.432705
134742 0.468797
134793 0.534065
134844 0.455153
134895 0.518503
134946 0.452487
134997 0.475361
135048 0.479308
135099 0.591831
135150 0.55543
135201 0.611784
135252 0.553889
135303 0.524233
135354 0.603782
135405 0.529554
135456 0.412081
135507 0.424212
135558 0.505417
135609 0.467244
135660 0.575116
135711 0.571687
135762 0.515187
135813 0.523486
135864 0.459878
135915 0.504807
135966 0.521601
136017 0.469154
136068 0.40955
136119 0.48878
136170 0.640587
136221 0.482079
136272 0.512033
136323 0.477138
136374 0.462264
136425 0.495038
136476 0.536104
136527 0.44537
136578 0.521156
136629 0.309882
136680 0.601645
136731 0.460186
136782 0.439893
136833 0.428368
136884 0.557949
136935 0.435309
136986 0.440209
137037 0.571605
137088 0.55829
137139 0.535683
137190 0.463258
137241 0.452118
137292 0.500225
137343 0.399711
137394 0.478366
137445 0.555242
137496 0.430685
137547 0.43857
137598 0.618107
137649 0.446817
137700 0.587121
137751 0.481275
137802 0.51906
137853 0.419196
137904 0.436881
137955 0.589349
138006 0.466234
138057 0.446719
138108 0.401888
138159 0.373099
138210 0.572534
138261 0.549629
138312 0.51969
138363 0.500149
138414 0.55402
138465 0.560593
138516 0.411778
138567 0.511322
138618 0.581396
138669 0.484902
138720 0.374119
138771 0.588581
138822 0.454147
138873 0.526653
138924 0.514126
138975 0.51181
139026 0.561848
139077 0.528653
139128 0.531723
139179 0.513035
139230 0.501003
139281 0.419034
139332 0.421807
139383 0.43835
139434 0.556411
139485 0.603821
139536 0.424047
139587 0.453835
139638 0.429303
139689 0.512519
139740 0.507289
139791 0.486627
139842 0.546527
139893 0.517149
139944 0.467884
139995 0.484263
140046 0.530713
140097 0.584303
140148 0.457748
140199 0.452683
140250 0.465752
140301 0.48783
140352 0.538935
140403 0.50447
140454 0.561206
140505 0.436498
140556 0.54734
140607 0.426571
140658 0.526571
140709 0.564667
140760 0.400366
140811 0.490212
140862 0.497783
140913 0.469491
140964 0.477082
141015 0.484993
141066 0.562223
141117 0.48287
141168 0.472575
141219 0.530926
141270 0.592492
141321 0.542342
141372 0.497334
141423 0.631138
141474 0.602122
141525 0.474529
141576 0.475298
141627 0.448984
141678 0.529752
141729 0.587872
141780 0.408364
141831 0.512902
141882 0.486888
141933 0.538844
141984 0.449631
142035 0.541479
142086 0.487861
142137 0.573764
142188 0.531748
142239 0.431573
142290 0.510812
142341 0.613856
142392 0.534131
142443 0.535344
142494 0.469877
142545 0.553565
142596 0.497141
142647 0.527093
142698 0.577397
142749 0.47831
142800 0.549714
142851 0.452659
142902 0.621717
142953 0.525593
143004 0.404227
143055 0.494148
143106 0.505149
143157 0.491108
143208 0.551615
143259 0.582033
143310 0.555118
143361 0.443999
143412 0.606193
143463 0.482231
143514 0.517497
143565 0.60818
143616 0.541642
143667 0.57071
143718 0.542258
143769 0.582178
143820 0.444343
143871 0.523777
143922 0.506986
143973 0.558674
144024 0.466874
144075 0.446054
144126 0.587252
144177 0.51081
144228 0.616492
144279 0.517364
144330 0.445661
144381 0.56121
144432 0.59808
144483 0.522925
144534 0.532497
144585 0.501984
144636 0.442836
144687 0.492904
144738 0.45486
144789 0.473015
144840 0.555732
144891 0.403695
144942 0.562287
144993 0.455914
145044 0.574291
145095 0.52695
145146 0.523108
145197 0.505227
145248 0.544606
145299 0.501263
145350 0.46272
145401 0.608033
145452 0.567659
145503 0.612307
145554 0.455796
145605 0.548865
145656 0.595576
145707 0.463928
145758 0.422363
145809 0.498691
145860 0.448738
145911 0.394786
145962 0.468478
146013 0.51157
146064 0.43784
146115 0.641639
146166 0.642862
146217 0.434957
146268 0.473471
146319 0.522124
146370 0.492785
146421 0.422852
146472 0.664178
146523 0.573676
146574 0.576116
146625 0.510759
146676 0.614909
146727 0.529839
146778 0.417408
146829 0.56969
146880 0.375487
146931 0.541454
146982 0.540015
147033 0.517456
147084 0.425943
147135 0.532248
147186 0.553529
147237 0.496249
147288 0.462574
147339 0.460523
147390 0.55231
147441 0.612797
147492 0.383884
147543 0.524988
147594 0.484042
147645 0.511831
147696 0.60916
147747 0.575675
147798 0.5344
147849 0.513479
147900 0.607217
147951 0.485753
148002 0.605539
148053 0.554439
148104 0.442096
148155 0.511206
148206 0.527
148257 0.46207
148308 0.595513
148359 0.478359
148410 0.379908
148461 0.639871
148512 0.647799
148563 0.522767
148614 0.530404
148665 0.462549
148716 0.584733
148767 0.526938
148818 0.456328
148869 0.468265
148920 0.599829
148971 0.551772
149022 0.484795
149073 0.329245
149124 0.515711
149175 0.480459
149226 0.445643
149277 0.524829
149328 0.537712
149379 0.494741
149430 0.572175
149481 0.491952
149532 0.480116
149583 0.412044
149634 0.490969
149685 0.570121
149736 0.461605
149787 0.543446
149838 0.549972
149889 0.474152
149940 0.530519
149991 0.528574
150042 0.559892
150093 0.504791
150144 0.461438
150195 0.557786
150246 0.521684
150297 0.469476
150348 0.551824
150399 0.554892
150450 0.485868
150501 0.482451
150552 0.536581
150603 0.540303
150654 0.570253
150705 0.481644
150756 0.649236
150807 0.580517
150858 0.511302
150909 0.569874
150960 0.539219
151011 0.358579
151062 0.549596
151113 0.48302
151164 0.544655
151215 0.550371
151266 0.603648
151317 0.569801
151368 0.519529
151419 0.509195
151470 0.526409
151521 0.560007
151572 0.467427
151623 0.448946
151674 0.37497
151725 0.355066
151776 0.347363
151827 0.348339
151878 0.370876
151929 0.553822
151980 0.699356
152031 0.399718
152082 0.359051
152133 0.580699
152184 0.465625
152235 0.52175
152286 0.35574
152337 0.411086
152388 0.464612
152439 0.383241
152490 0.373056
152541 0.347037
152592 0.663384
152643 0.573096
152694 0.390431
152745 0.411577
152796 0.464196
152847 0.422675
152898 0.385685
152949 0.464521
153000 0.412836
153051 0.512874
153102 0.464854
153153 0.407058
153204 0.544596
153255 0.39201
153306 0.469372
153357 0.441972
153408 0.486287
153459 0.377035
153510 0.443971
153561 0.372302
153612 0.380451
153663 0.454796
153714 0.394511
153765 0.410244
153816 0.463171
153867 0.454329
153918 0.462264
153969 0.515716
154020 0.581879
154071 0.393994
154122 0.50598
154173 0.470546
154224 0.436948
154275 0.463747
154326 0.425893
154377 0.540881
154428 0.409086
154479 0.604148
154530 0.531579
154581 0.383559
154632 0.420638
154683 0.548259
154734 0.436272
154785 0.379559
154836 0.559192
154887 0.393326
154938 0.465232
154989 0.404049
155040 0.449722
155091 0.529394
155142 0.383347
155193 0.524654
155244 0.430966
155295 0.503658
155346 0.51748
155397 0.340994
155448 0.493578
155499 0.554041
155550 0.462131
155601 0.521412
155652 0.523197
155703 0.591951
155754 0.517292
155805 0.500401
155856 0.490015
155907 0.436754
155958 0.429341
156009 0.451469
156060 0.537416
156111 0.439662
156162 0.480981
156213 0.552516
156264 0.462904
156315 0.484016
156366 0.472365
156417 0.513271
156468 0.524593
156519 0.522958
156570 0.565935
156621 0.473343
156672 0.572492
156723 0.657665
156774 0.619911
156825 0.534563
156876 0.510039
156927 0.401864
156978 0.55576
157029 0.417317
157080 0.660743
157131 0.429684
157182 0.530415
157233 0.539225
157284 0.532636
157335 0.514453
157386 0.460034
157437 0.481201
157488 0.470098
157539 0.489266
157590 0.582405
157641 0.454466
157692 0.505247
157743 0.471095
157794 0.527043
157845 0.470349
157896 0.439147
157947 0.511156
157998 0.427735
158049 0.415831
158100 0.512387
158151 0.508155
158202 0.505582
158253 0.38645
158304 0.436713
158355 0.383227
158406 0.569878
158457 0.391453
158508 0.443641
158559 0.483772
158610 0.38325
158661 0.492286
158712 0.562905
158763 0.500125
158814 0.517294
158865 0.510609
158916 0.595775
158967 0.513566
159018 0.583247
159069 0.54087
159120 0.50695
159171 0.494602
159222 0.516521
159273 0.540894
159324 0.500463
159375 0.623036
159426 0.525276
159477 0.437202
159528 0.480282
159579 0.454657
159630 0.426987
159681 0.584667
159732 0.667498
159783 0.575128
159834 0.516207
159885 0.586552
159936 0.479147
159987 0.502121
160038 0.39964
160089 0.550951
160140 0.685684
160191 0.718751
160242 0.616326
160293 0.495019
160344 0.379562
160395 0.382006
160446 0.340891
160497 0.353891
160548 0.17826
160599 0.141467
160650 0.126374
160701 0.118934
160752 0.114286
160803 0.111147
160854 0.109043
160905 0.107814
160956 0.107622
161007 0.110468
161058 0.118712
161109 0.116358
161160 0.185323
161211 0.338411
161262 0.257771
161313 0.30718
161364 0.369307
161415 0.195739
161466 0.173753
161517 0.291487
161568 0.202428
161619 0.244113
161670 0.252513
161721 0.174587
161772 0.15826
161823 0.215202
161874 0.178318
161925 0.329599
161976 0.149748
162027 0.321936
162078 0.292244
162129 0.177927
162180 0.172965
162231 0.28251
162282 0.153719
162333 0.15806
162384 0.186107
162435 0.160822
162486 0.251972
162537 0.281038
162588 0.241416
162639 0.307037
162690 0.160619
162741 0.149584
162792 0.192012
162843 0.220744
162894 0.225672
162945 0.23445
162996 0.279377
163047 0.168245
163098 0.180601
163149 0.15855
163200 0.231668
163251 0.153695
163302 0.194441
163353 0.306014
163404 0.324429
163455 0.370889
163506 0.279986
163557 0.352104
163608 0.235574
163659 0.309258
163710 0.258438
163761 0.240251
163812 0.307581
163863 0.180591
163914 0.229555
163965 0.209628
164016 0.342225
164067 0.216435
164118 0.290131
164169 0.34947
164220 0.378813
164271 0.248011
164322 0.145866
164373 0.263183
164424 0.27821
164475 0.238907
164526 0.228231
164577 0.189643
164628 0.170825
164679 0.239212
164730 0.192406
164781 0.188124
164832 0.140592
164883 0.247891
164934 0.171689
164985 0.28149
165036 0.1827
165087 0.224644
165138 0.275555
165189 0.240884
165240 0.230704
165291 0.214707
165342 0.240104
165393 0.174824
165444 0.279269
165495 0.283218
165546 0.31607
165597 0.181161
165648 0.171571
165699 0.220278
165750 0.243079
165801 0.164997
165852 0.161002
165903 0.368648
165954 0.168923
166005 0.230599
166056 0.154349
166107 0.172027
166158 0.318831
166209 0.280847
166260 0.325431
166311 0.228589
166362 0.26194
166413 0.257574
166464 0.270553
166515 0.301061
166566 0.288451
166617 0.174809
166668 0.361367
166719 0.172712
166770 0.169841
166821 0.174807
166872 0.159933
166923 0.238362
166974 0.156669
167025 0.151418
167076 0.240489
167127 0.154666
167178 0.193088
167229 0.197686
167280 0.250123
167331 0.248456
167382 0.227112
167433 0.264191
167484 0.197472
167535 0.168004
167586 0.176057
167637 0.310736
167688 0.33097
167739 0.263845
167790 0.205335
167841 0.211029
167892 0.268939
167943 0.222089
167994 0.158678
168045 0.294676
168096 0.236486
168147 0.215811
168198 0.300157
168249 0.139228
168300 0.205983
168351 0.257123
168402 0.194915
168453 0.272165
168504 0.27713
168555 0.192798
168606 0.241984
168657 0.142877
168708 0.255969
168759 0.213494
168810 0.325605
168861 0.256377
168912 0.240838
168963 0.238196
169014 0.163853
169065 0.308972
169116 0.347513
169167 0.211938
169218 0.292549
169269 0.134117
169320 0.21828
169371 0.145521
169422 0.252906
169473 0.154825
169524 0.161987
169575 0.129075
169626 0.293964
169677 0.190033
169728 0.183406
169779 0.20084
169830 0.249886
169881 0.241147
169932 0.202641
169983 0.303292
170034 0.19837
170085 0.260917
170136 0.15529
170187 0.213816
170238 0.185699
170289 0.150588
170340 0.162288
170391 0.117812
170442 0.40215
170493 0.257699
170544 0.114261
170595 0.283804
170646 0.199845
170697 0.262226
170748 0.257538
170799 0.210356
170850 0.327152
170901 0.223727
170952 0.130131
171003 0.169397
171054 0.197172
171105 0.313245
171156 0.296642
171207 0.240707
171258 0.230642
171309 0.157037
171360 0.160523
171411 0.25301
171462 0.169944
171513 0.258217
171564 0.298774
171615 0.328024
171666 0.327965
171717 0.226064
171768 0.123327
171819 0.136107
171870 0.192486
171921 0.325484
171972 0.250905
172023 0.218444
172074 0.219532
172125 0.167264
172176 0.243544
172227 0.174216
172278 0.168151
172329 0.210624
172380 0.200509
172431 0.263564
172482 0.274585
172533 0.188496
172584 0.237046
172635 0.252956
172686 0.216954
172737 0.141826
172788 0.20231
172839 0.314075
172890 0.254191
172941 0.175754
172992 0.128684
173043 0.404205
173094 0.125427
173145 0.367936
173196 0.376592
173247 0.227965
173298 0.227116
173349 0.204967
173400 0.160185
173451 0.215047
173502 0.220099
173553 0.162865
173604 0.171203
173655 0.247717
173706 0.245367
173757 0.145606
173808 0.245779
173859 0.233314
173910 0.271664
173961 0.157094
174012 0.241005
174063 0.154084
174114 0.273295
174165 0.144169
174216 0.190723
174267 0.199983
174318 0.225741
174369 0.258197
174420 0.32893
174471 0.189815
174522 0.286219
174573 0.128454
174624 0.34625
174675 0.272459
174726 0.183001
174777 0.202046
174828 0.205229
174879 0.140499
174930 0.202409
174981 0.242466
	0.858
