51 9.41618
102 7.81423
153 6.34935
204 5.62065
255 4.81533
306 4.17993
357 3.70733
408 3.56659
459 3.80381
510 3.74481
561 3.64136
612 4.38472
663 5.17315
714 9.77072
765 12.7266
816 13.7021
867 13.0823
918 12.9604
969 12.8925
1020 12.8685
1071 15.3083
1122 14.0499
1173 13.7361
1224 13.7266
1275 13.8433
1326 13.747
1377 13.6913
1428 13.4109
1479 13.3428
1530 12.9793
1581 12.8732
1632 12.474
1683 12.905
1734 12.7288
1785 15.2133
1836 13.1879
1887 15.1727
1938 15.5363
1989 15.9547
2040 16.6667
2091 17.7113
2142 16.6834
2193 17.3667
2244 17.4462
2295 17.8964
2346 17.2937
2397 16.2397
2448 15.1693
2499 16.4951
2550 15.0414
2601 15.9881
2652 15.6479
2703 15.795
2754 16.5557
2805 15.6674
2856 14.1138
2907 15.5644
2958 16.3561
3009 15.4698
3060 14.6357
3111 14.785
3162 15.477
3213 14.8089
3264 14.8337
3315 14.3772
3366 15.1055
3417 15.2357
3468 14.836
3519 15.5151
3570 16.013
3621 14.3578
3672 14.0209
3723 14.1657
3774 14.5715
3825 15.4102
3876 14.1949
3927 15.2425
3978 14.8409
4029 15.4348
4080 15.613
4131 15.1245
4182 14.5121
4233 15.0582
4284 13.7036
4335 14.7523
4386 15.0129
4437 14.0766
4488 14.4545
4539 13.236
4590 14.4697
4641 14.0631
4692 14.9449
4743 13.691
4794 14.1165
4845 13.2033
4896 13.8341
4947 12.9106
4998 14.1276
5049 13.9179
5100 14.1559
5151 14.3978
5202 13.9438
5253 13.4568
5304 14.1709
5355 13.7046
5406 14.667
5457 13.4966
5508 13.0739
5559 12.3011
5610 13.3396
5661 14.6357
5712 14.2808
5763 13.537
5814 13.7669
5865 13.2173
5916 13.3542
5967 13.1086
6018 13.915
6069 13.705
6120 12.9177
6171 12.8044
6222 13.3055
6273 12.5561
6324 8.87652
6375 14.9792
6426 13.2985
6477 13.4121
6528 13.0002
6579 13.2845
6630 13.6149
6681 14.3588
6732 13.74
6783 12.5999
6834 13.4271
6885 13.7607
6936 13.6762
6987 12.8023
7038 14.5743
7089 13.2754
7140 13.5052
7191 11.5799
7242 13.6961
7293 13.8507
7344 13.0713
7395 13.6689
7446 12.1682
7497 12.5914
7548 12.1657
7599 13.316
7650 13.2806
7701 12.6071
7752 11.9606
7803 12.721
7854 11.8959
7905 12.4221
7956 13.3847
8007 13.473
8058 12.0312
8109 12.618
8160 12.4892
8211 12.1003
8262 12.8696
8313 13.6673
8364 12.6865
8415 13.9858
8466 12.7165
8517 12.8837
8568 12.2748
8619 12.3224
8670 12.0332
8721 13.3525
8772 14.0158
8823 13.1255
8874 12.6362
8925 12.598
8976 11.2051
9027 12.9102
9078 12.914
9129 12.0464
9180 12.564
9231 12.3477
9282 11.5656
9333 13.4543
9384 13.0004
9435 13.9202
9486 8.01347
9537 12.4434
9588 12.9539
9639 12.843
9690 11.6578
9741 7.52262
9792 7.46946
9843 12.4383
9894 12.0893
9945 12.2806
9996 7.66491
10047 7.62798
10098 8.43226
10149 8.3016
10200 8.02082
10251 7.88114
10302 7.84237
10353 7.58758
10404 8.18462
10455 10.8375
10506 13.8739
10557 11.5734
10608 11.3332
10659 11.4694
10710 11.1307
10761 11.8983
10812 7.89806
10863 10.9148
10914 12.6456
10965 10.797
11016 12.3506
11067 7.68691
11118 12.7363
11169 13.4326
11220 11.7399
11271 11.7237
11322 7.75132
11373 11.2185
11424 10.5058
11475 10.5229
11526 11.031
11577 13.0734
11628 11.8227
11679 11.5165
11730 11.1722
11781 11.7545
11832 10.435
11883 12.0726
11934 12.4927
11985 7.66093
12036 7.69006
12087 7.6186
12138 12.1457
12189 10.8983
12240 10.1797
12291 10.2835
12342 11.7059
12393 10.7863
12444 10.1173
12495 12.0876
12546 12.0142
12597 10.187
12648 7.55836
12699 7.81297
12750 8.06647
12801 8.28435
12852 8.25758
12903 7.91935
12954 7.41669
13005 7.55767
13056 7.68054
13107 7.52162
13158 7.74788
13209 7.47586
13260 7.49075
13311 7.41899
13362 7.76455
13413 7.94375
13464 7.4778
13515 7.79656
13566 7.46428
13617 7.45875
13668 7.34987
13719 7.48385
13770 11.8632
13821 7.47386
13872 7.57546
13923 7.71045
13974 7.67308
14025 7.46719
14076 7.30794
14127 7.45636
14178 7.46687
14229 7.55356
14280 7.50912
14331 7.36868
14382 7.6864
14433 7.22348
14484 7.4982
14535 7.75346
14586 7.80639
14637 7.6713
14688 7.23515
14739 7.53039
14790 7.23533
14841 7.53426
14892 7.22542
14943 7.65446
14994 7.51031
15045 7.58694
15096 7.61552
15147 7.41576
15198 7.59236
15249 7.56314
15300 7.67877
15351 7.27379
15402 7.55115
15453 7.55626
15504 7.64192
15555 7.5212
15606 7.8258
15657 8.43901
15708 7.39938
15759 7.30452
15810 7.233
15861 7.14646
15912 7.66332
15963 7.41055
16014 7.17904
16065 7.15287
16116 7.61319
16167 7.25531
16218 7.45719
16269 7.25061
16320 7.41313
16371 7.69016
16422 7.706
16473 7.49237
16524 7.13411
16575 7.08834
16626 7.62882
16677 7.45563
16728 7.26606
16779 7.31093
16830 7.27314
16881 7.20732
16932 7.23745
16983 7.66357
17034 7.24294
17085 7.51337
17136 7.36064
17187 7.70464
17238 7.27926
17289 7.5034
17340 7.35748
17391 6.57922
17442 7.23192
17493 7.27444
17544 7.46113
17595 7.08305
17646 7.54132
17697 7.52744
17748 7.61316
17799 7.26435
17850 7.49357
17901 7.36709
17952 7.20205
18003 7.5925
18054 7.29322
18105 7.30252
18156 7.668
18207 12.957
18258 10.3263
18309 9.62518
18360 9.70074
18411 9.86503
18462 9.83104
18513 9.69715
18564 7.83563
18615 7.73417
18666 8.06872
18717 7.80716
18768 7.37212
18819 7.57506
18870 7.56689
18921 7.98282
18972 7.65189
19023 7.35106
19074 7.26627
19125 7.07545
19176 7.23986
19227 7.17132
19278 7.26824
19329 7.21337
19380 7.16428
19431 7.37785
19482 7.21075
19533 11.3405
19584 9.66626
19635 8.05125
19686 9.87048
19737 7.52746
19788 7.56913
19839 7.60167
19890 9.53567
19941 8.09195
19992 12.5133
20043 7.19602
20094 7.26963
20145 7.48413
20196 7.54351
20247 7.39522
20298 7.22158
20349 7.67986
20400 7.18747
20451 7.1502
20502 7.37546
20553 7.20421
20604 7.39061
20655 7.0779
20706 7.0188
20757 7.4383
20808 7.23431
20859 7.05124
20910 7.44957
20961 7.37517
21012 7.12997
21063 6.8858
21114 7.02043
21165 7.19212
21216 6.9634
21267 6.98798
21318 7.09902
21369 6.78775
21420 7.74388
21471 7.6116
21522 7.10394
21573 7.56556
21624 7.21553
21675 7.31705
21726 7.27604
21777 7.03885
21828 7.16644
21879 10.894
21930 7.22741
21981 7.15766
22032 7.3577
22083 7.08375
22134 7.57772
22185 7.29546
22236 7.13936
22287 7.46749
22338 7.42106
22389 7.30683
22440 7.70147
22491 7.36569
22542 7.13948
22593 7.11352
22644 7.20079
22695 7.37836
22746 7.03808
22797 7.24331
22848 7.05945
22899 7.29532
22950 7.67859
23001 7.35416
23052 7.05164
23103 7.7034
23154 7.73114
23205 7.48278
23256 7.25245
23307 7.33769
23358 6.97862
23409 7.16692
23460 7.31085
23511 7.37616
23562 7.19069
23613 7.16087
23664 6.89746
23715 7.14256
23766 7.15073
23817 7.47554
23868 6.88409
23919 7.23209
23970 7.25171
24021 7.33966
24072 7.38969
24123 7.17212
24174 6.97742
24225 7.00968
24276 6.96586
24327 7.01651
24378 6.75448
24429 6.95005
24480 6.64407
24531 7.52517
24582 7.5212
24633 6.71389
24684 7.08887
24735 7.34542
24786 7.36426
24837 7.27423
24888 7.24354
24939 7.01416
24990 7.65304
25041 6.96823
25092 7.42676
25143 7.16474
25194 6.90316
25245 7.02506
25296 6.95317
25347 7.55189
25398 7.19074
25449 7.31419
25500 7.42285
25551 7.42969
25602 6.94164
25653 7.50246
25704 6.80912
25755 7.43213
25806 7.03507
25857 7.53154
25908 7.30035
25959 7.05548
26010 6.82495
26061 6.824
26112 6.9393
26163 7.06115
26214 7.01547
26265 7.23488
26316 7.01108
26367 6.65679
26418 7.14304
26469 6.97864
26520 7.15984
26571 7.48826
26622 7.33042
26673 7.44362
26724 7.24187
26775 7.05673
26826 7.02688
26877 7.18399
26928 6.73501
26979 7.12055
27030 7.28663
27081 7.30751
27132 7.2432
27183 6.42135
27234 7.19923
27285 7.42639
27336 7.31969
27387 6.73186
27438 6.77046
27489 6.9354
27540 7.49552
27591 7.17784
27642 7.08665
27693 7.5828
27744 7.41392
27795 7.16136
27846 7.35767
27897 7.15794
27948 7.30099
27999 7.40648
28050 7.60417
28101 7.50124
28152 7.36354
28203 6.76642
28254 7.38057
28305 7.83475
28356 7.38953
28407 7.39703
28458 7.36161
28509 7.02497
28560 6.80675
28611 7.09906
28662 7.11627
28713 7.57661
28764 7.35632
28815 7.39516
28866 7.28846
28917 7.32133
28968 7.35444
29019 7.16148
29070 6.91549
29121 7.14988
29172 7.30605
29223 7.49144
29274 6.84889
29325 7.17586
29376 7.06733
29427 7.07127
29478 7.12852
29529 7.2918
29580 7.71646
29631 7.41959
29682 6.8075
29733 7.10058
29784 7.2781
29835 7.75598
29886 6.68195
29937 6.69435
29988 7.09821
30039 7.77477
30090 7.00335
30141 6.76235
30192 7.22144
30243 7.72002
30294 7.43568
30345 7.25394
30396 7.72258
30447 7.1366
30498 7.47982
30549 7.3157
30600 6.68879
30651 7.33838
30702 7.30681
30753 6.67672
30804 6.79821
30855 7.40377
30906 7.74584
30957 7.08501
31008 7.13978
31059 7.05639
31110 6.69754
31161 7.56367
31212 6.73455
31263 7.1957
31314 7.35087
31365 6.53301
31416 7.39206
31467 6.97195
31518 7.21811
31569 7.46419
31620 6.99801
31671 7.81411
31722 7.17647
31773 7.20208
31824 6.67093
31875 7.12778
31926 7.2229
31977 7.21813
32028 7.56124
32079 7.33091
32130 7.33718
32181 7.27079
32232 7.93615
32283 7.33136
32334 7.29962
32385 7.68046
32436 6.42933
32487 7.20497
32538 7.24819
32589 7.56942
32640 7.37772
32691 7.0567
32742 7.79533
32793 7.18348
32844 6.90412
32895 7.69485
32946 6.94346
32997 7.52991
33048 6.85124
33099 7.06143
33150 7.12575
33201 6.97886
33252 7.33326
33303 7.68254
33354 7.49589
33405 7.37586
33456 6.98858
33507 7.83996
33558 7.16034
33609 7.07324
33660 7.46693
33711 7.19282
33762 7.49972
33813 7.51427
33864 7.29037
33915 7.14337
33966 7.18915
34017 7.22748
34068 7.64813
34119 7.42061
34170 7.40776
34221 6.92136
34272 6.87368
34323 7.497
34374 6.64799
34425 6.59079
34476 7.45975
34527 7.35331
34578 6.8532
34629 6.98974
34680 7.2195
34731 7.28036
34782 7.23629
34833 7.33556
34884 7.34763
34935 6.98757
34986 7.29435
35037 7.00288
35088 7.22702
35139 7.40937
35190 7.15497
35241 7.30014
35292 7.25864
35343 7.38164
35394 7.11769
35445 6.6988
35496 7.0798
35547 7.42984
35598 7.46907
35649 7.45813
35700 7.44995
35751 7.16114
35802 7.16809
35853 6.96769
35904 6.66011
35955 7.56237
36006 6.72636
36057 7.11705
36108 6.98469
36159 7.14405
36210 7.13224
36261 6.92503
36312 7.10942
36363 7.25947
36414 7.71486
36465 7.19504
36516 7.23278
36567 6.8615
36618 7.01596
36669 6.70103
36720 7.31239
36771 7.10509
36822 7.2455
36873 7.30771
36924 7.36957
36975 7.2115
37026 6.72958
37077 7.09886
37128 6.81348
37179 7.07144
37230 6.74739
37281 7.13306
37332 7.38702
37383 7.5244
37434 6.81975
37485 7.4622
37536 6.7662
37587 7.37273
37638 7.14116
37689 7.19177
37740 7.51265
37791 7.08233
37842 7.32153
37893 7.32993
37944 7.27561
37995 7.10258
38046 6.87144
38097 7.11911
38148 7.38078
38199 7.02549
38250 7.59318
38301 6.81753
38352 7.24451
38403 7.63017
38454 7.38563
38505 7.35828
38556 7.17882
38607 6.71453
38658 7.26263
38709 7.55385
38760 7.007
38811 7.51442
38862 7.05305
38913 7.03063
38964 7.46662
39015 6.81704
39066 6.88406
39117 7.28043
39168 6.89597
39219 7.34957
39270 7.16864
39321 7.10194
39372 6.80916
39423 6.8862
39474 6.8969
39525 7.01677
39576 7.50702
39627 6.98789
39678 7.32969
39729 6.17976
39780 7.1291
39831 7.13382
39882 7.32827
39933 6.53354
39984 6.73358
40035 7.46327
40086 6.92287
40137 7.57102
40188 6.5976
40239 6.74094
40290 7.22741
40341 7.025
40392 7.22119
40443 7.18957
40494 6.90228
40545 7.00139
40596 6.97864
40647 7.00703
40698 6.85301
40749 7.38919
40800 6.97801
40851 6.81218
40902 7.07916
40953 6.83202
41004 6.78193
41055 6.69533
41106 7.46813
41157 7.2142
41208 7.32884
41259 7.32686
41310 6.91925
41361 7.0151
41412 6.62755
41463 7.3658
41514 6.81459
41565 7.20865
41616 7.24233
41667 6.65024
41718 6.8233
41769 7.01668
41820 7.2061
41871 7.1374
41922 6.77877
41973 7.12639
42024 6.60006
42075 6.88579
42126 7.07994
42177 7.35297
42228 6.71338
42279 6.74148
42330 7.34288
42381 7.24265
42432 7.40846
42483 6.94229
42534 6.73754
42585 7.40705
42636 7.11653
42687 7.06453
42738 7.31072
42789 7.15893
42840 7.09326
42891 6.60422
42942 7.03774
42993 7.03513
43044 7.25048
43095 7.23496
43146 7.17263
43197 6.61462
43248 6.93611
43299 7.28046
43350 7.32234
43401 7.38822
43452 7.30935
43503 7.21056
43554 7.36835
43605 6.91678
43656 7.12783
43707 7.10905
43758 6.88236
43809 7.02328
43860 7.09406
43911 7.09311
43962 7.32221
44013 7.09467
44064 7.24083
44115 7.34085
44166 7.32054
44217 7.15196
44268 6.87909
44319 7.20918
44370 7.02934
44421 7.25033
44472 6.95112
44523 6.97895
44574 6.63925
44625 7.17177
44676 6.77003
44727 7.36202
44778 7.32975
44829 7.36405
44880 6.78808
44931 6.79592
44982 6.99434
45033 7.12239
45084 7.09789
45135 6.77851
45186 7.10568
45237 7.10317
45288 7.03009
45339 7.58495
45390 7.01611
45441 6.95557
45492 7.02963
45543 7.25485
45594 6.97641
45645 6.61971
45696 6.8305
45747 7.32863
45798 6.82315
45849 7.10223
45900 6.92695
45951 6.87359
46002 6.7729
46053 6.86281
46104 7.16161
46155 6.79294
46206 7.29183
46257 6.35922
46308 6.96607
46359 7.12694
46410 6.59179
46461 6.89207
46512 6.85279
46563 6.91175
46614 6.96549
46665 7.33341
46716 6.73487
46767 6.87778
46818 6.82515
46869 7.14247
46920 7.01565
46971 6.7066
47022 6.59053
47073 7.00195
47124 6.80262
47175 6.99207
47226 7.01593
47277 6.26409
47328 6.74643
47379 7.19672
47430 6.62076
47481 6.91571
47532 6.90639
47583 6.58169
47634 6.76847
47685 6.92737
47736 6.98829
47787 7.04911
47838 7.03226
47889 6.86869
47940 7.42608
47991 7.04571
48042 7.01299
48093 7.14458
48144 7.17976
48195 6.65668
48246 6.91892
48297 6.94431
48348 6.78117
48399 6.20759
48450 6.87965
48501 6.95695
48552 6.78441
48603 6.94491
48654 6.78474
48705 6.80161
48756 6.91176
48807 7.36594
48858 6.97379
48909 6.74556
48960 6.85834
49011 7.36722
49062 7.03646
49113 6.85008
49164 6.59732
49215 6.91784
49266 6.67335
49317 7.02683
49368 7.20301
49419 6.83552
49470 7.03613
49521 6.96714
49572 7.31477
49623 7.29541
49674 6.99001
49725 7.05072
49776 7.07697
49827 6.36052
49878 6.85713
49929 6.58931
49980 6.85996
50031 6.82092
50082 7.09689
50133 6.67535
50184 7.14804
50235 6.67312
50286 6.74084
50337 7.00083
50388 7.12296
50439 6.80656
50490 7.04095
50541 6.97012
50592 7.20165
50643 6.86551
50694 6.57312
50745 7.18587
50796 6.78251
50847 6.97746
50898 7.14192
50949 6.86709
51000 7.0781
51051 7.1143
51102 6.55832
51153 7.06896
51204 6.83594
51255 7.12547
51306 6.63163
51357 6.6226
51408 6.67323
51459 6.73219
51510 7.19352
51561 6.72589
51612 6.84442
51663 6.6018
51714 6.79419
51765 6.94507
51816 6.88993
51867 7.11035
51918 6.96156
51969 7.23971
52020 7.21838
52071 6.56898
52122 6.89882
52173 6.86042
52224 6.89216
52275 7.09327
52326 6.68085
52377 6.77403
52428 6.80337
52479 7.07714
52530 6.80593
52581 6.91534
52632 7.13243
52683 7.12315
52734 6.60072
52785 6.9846
52836 7.43886
52887 6.9555
52938 6.45264
52989 7.40374
53040 7.27731
53091 6.72498
53142 7.12433
53193 6.59478
53244 6.97946
53295 6.93992
53346 6.56572
53397 7.03224
53448 6.98469
53499 7.04876
53550 6.59273
53601 7.05179
53652 6.88135
53703 6.91244
53754 7.06913
53805 6.69572
53856 7.23062
53907 7.22325
53958 6.77481
54009 7.01843
54060 6.9846
54111 5.02183
54162 5.16181
54213 6.46771
54264 5.28349
54315 4.57847
54366 4.99263
54417 4.98685
54468 6.45598
54519 4.76625
54570 6.45158
54621 6.22768
54672 6.88422
54723 6.77129
54774 6.72743
54825 7.10809
54876 7.03295
54927 7.27585
54978 6.7966
55029 6.93121
55080 6.91939
55131 6.86656
55182 6.69055
55233 7.15328
55284 6.96016
55335 6.71501
55386 7.11514
55437 6.76187
55488 6.88217
55539 6.79371
55590 7.19885
55641 6.8779
55692 6.82709
55743 6.39998
55794 6.95383
55845 6.65597
55896 7.01595
55947 6.55748
55998 6.74824
56049 7.15801
56100 6.79309
56151 6.79334
56202 7.11535
56253 7.18092
56304 6.91628
56355 7.1501
56406 6.53482
56457 7.04984
56508 6.90912
56559 7.1127
56610 7.1429
56661 6.93437
56712 6.5982
56763 6.41414
56814 6.97436
56865 6.27939
56916 7.01579
56967 6.74756
57018 6.65237
57069 7.02693
57120 6.9005
57171 6.62525
57222 6.92456
57273 6.35863
57324 7.26994
57375 6.81503
57426 6.72013
57477 6.68566
57528 7.00492
57579 6.92198
57630 6.63255
57681 6.89535
57732 7.10565
57783 7.10648
57834 7.11991
57885 7.19971
57936 6.92094
57987 6.74894
58038 6.66443
58089 6.7569
58140 6.94133
58191 7.08623
58242 6.29808
58293 6.90408
58344 6.91734
58395 7.01791
58446 6.66243
58497 6.928
58548 6.1768
58599 7.03855
58650 6.61721
58701 6.30017
58752 6.51455
58803 6.68033
58854 7.24572
58905 6.65598
58956 7.06216
59007 6.82772
59058 6.81095
59109 6.7798
59160 6.45686
59211 6.6748
59262 7.14816
59313 6.90888
59364 7.00804
59415 6.83354
59466 7.01795
59517 6.87468
59568 6.73419
59619 5.09705
59670 4.78249
59721 6.7532
59772 6.75399
59823 6.68417
59874 6.54885
59925 7.24192
59976 6.79783
60027 5.86812
60078 6.8457
60129 6.15572
60180 7.03601
60231 6.21482
60282 5.54727
60333 6.54482
60384 6.99098
60435 6.78201
60486 6.61315
60537 6.84218
60588 6.34458
60639 6.93704
60690 7.15026
60741 6.76526
60792 6.63505
60843 6.82923
60894 6.50846
60945 7.28955
60996 6.48613
61047 6.81954
61098 6.67961
61149 6.68069
61200 6.92567
61251 6.41661
61302 7.02506
61353 7.06326
61404 7.10034
61455 6.90583
61506 6.7752
61557 6.91557
61608 6.5636
61659 6.90707
61710 7.07241
61761 6.78774
61812 6.78262
61863 7.02813
61914 6.78652
61965 7.01634
62016 6.5765
62067 6.74495
62118 6.96642
62169 6.85693
62220 6.65186
62271 6.95623
62322 6.88527
62373 6.82274
62424 6.53274
62475 6.78491
62526 6.24653
62577 6.76438
62628 7.43318
62679 6.77333
62730 6.80073
62781 6.71009
62832 6.64397
62883 6.80239
62934 7.09434
62985 6.52314
63036 6.72542
63087 6.84203
63138 6.80936
63189 5.62921
63240 6.86896
63291 6.80106
63342 6.81632
63393 6.24096
63444 6.49175
63495 6.74612
63546 6.68669
63597 6.6941
63648 6.82917
63699 6.96168
63750 6.82403
63801 6.79323
63852 6.89382
63903 7.06939
63954 6.63242
64005 6.66173
64056 7.10333
64107 6.93846
64158 6.48267
64209 6.55715
64260 6.62004
64311 6.88464
64362 6.40817
64413 6.84701
64464 7.00171
64515 7.14972
64566 5.9819
64617 6.9384
64668 6.44853
64719 6.98649
64770 6.73793
64821 6.87552
64872 6.93822
64923 6.2722
64974 6.71505
65025 6.37688
65076 6.69975
65127 6.57117
65178 6.68346
65229 6.93719
65280 6.38149
65331 6.87439
65382 6.68836
65433 6.99919
65484 6.80494
65535 6.62329
65586 6.794
65637 7.02749
65688 6.64392
65739 6.84126
65790 6.50538
65841 6.92621
65892 6.71527
65943 7.01836
65994 7.05189
66045 6.62064
66096 6.08032
66147 6.83058
66198 6.76343
66249 6.60685
66300 6.7514
66351 6.40883
66402 6.74067
66453 6.7714
66504 6.7109
66555 6.96899
66606 6.6896
66657 6.89197
66708 6.90252
66759 6.95922
66810 6.29345
66861 7.01978
66912 6.84379
66963 6.78351
67014 6.74875
67065 6.8919
67116 6.55841
67167 7.10448
67218 6.94105
67269 6.76765
67320 6.93575
67371 6.54592
67422 6.69854
67473 6.78481
67524 6.60984
67575 6.8638
67626 6.75315
67677 6.92748
67728 6.28477
67779 6.43366
67830 7.20795
67881 6.65776
67932 6.61367
67983 7.1988
68034 6.88444
68085 6.78569
68136 6.11285
68187 7.08491
68238 6.58558
68289 6.86563
68340 6.41233
68391 6.81404
68442 6.96
68493 7.03857
68544 6.61906
68595 6.93059
68646 6.7224
68697 6.44567
68748 6.71713
68799 6.24509
68850 6.79233
68901 6.4714
68952 6.91354
69003 6.82349
69054 7.39462
69105 6.82938
69156 6.81308
69207 6.80925
69258 6.86489
69309 6.64442
69360 6.99029
69411 6.77002
69462 6.50482
69513 6.48804
69564 6.60805
69615 6.67228
69666 6.3604
69717 6.92313
69768 6.56223
69819 5.10483
69870 7.1898
69921 6.69145
69972 6.65938
70023 6.70812
70074 6.54611
70125 6.94761
70176 6.65988
70227 6.9396
70278 6.68045
70329 6.94984
70380 6.38587
70431 6.83129
70482 6.6332
70533 6.87165
70584 6.8877
70635 6.31108
70686 6.81945
70737 7.1868
70788 6.05837
70839 6.75676
70890 6.89833
70941 6.6427
70992 6.47428
71043 6.55034
71094 5.83246
71145 6.45369
71196 6.1889
71247 6.67678
71298 6.6718
71349 6.62513
71400 7.10599
71451 6.66396
71502 6.36858
71553 7.0427
71604 7.00667
71655 6.77555
71706 6.08839
71757 6.67033
71808 6.58334
71859 6.45439
71910 7.19721
71961 6.66818
72012 6.3293
72063 6.6004
72114 6.85483
72165 6.94855
72216 6.68588
72267 6.70093
72318 6.84153
72369 6.05716
72420 6.80584
72471 6.70817
72522 6.11101
72573 6.53275
72624 6.63947
72675 6.52466
72726 6.51326
72777 7.22708
72828 6.92287
72879 4.89438
72930 6.49141
72981 6.90804
73032 6.52491
73083 6.90146
73134 7.22916
73185 5.88593
73236 6.81641
73287 6.64434
73338 6.56694
73389 6.85018
73440 6.6937
73491 7.1501
73542 6.58355
73593 7.01355
73644 6.6167
73695 6.95793
73746 6.15993
73797 6.44939
73848 7.0087
73899 6.61083
73950 7.12587
74001 6.64512
74052 6.66508
74103 6.79934
74154 6.7622
74205 6.76536
74256 6.51532
74307 6.96177
74358 6.57846
74409 6.69947
74460 6.27122
74511 6.92851
74562 6.40686
74613 6.92772
74664 6.33148
74715 6.60418
74766 6.46607
74817 6.33908
74868 6.85008
74919 6.59422
74970 6.71765
75021 6.72483
75072 6.63044
75123 6.54866
75174 6.86997
75225 7.08844
75276 5.77744
75327 6.82721
75378 6.61806
75429 4.72316
75480 6.02165
75531 6.92255
75582 6.54435
75633 6.90251
75684 7.12734
75735 6.87611
75786 6.4368
75837 6.66352
75888 6.78916
75939 5.77726
75990 6.4573
76041 6.87844
76092 6.86262
76143 6.91866
76194 6.69292
76245 6.36406
76296 6.72735
76347 7.00033
76398 6.83299
76449 6.79417
76500 6.81441
76551 6.3389
76602 6.72995
76653 6.67912
76704 6.71966
76755 6.87125
76806 7.02962
76857 6.75564
76908 6.9322
76959 6.95878
77010 6.7966
77061 7.15078
77112 6.7033
77163 6.69963
77214 6.3423
77265 6.2173
77316 6.68809
77367 6.80236
77418 6.46311
77469 5.80732
77520 5.90735
77571 6.70777
77622 6.59578
77673 6.38343
77724 6.4023
77775 6.84888
77826 6.71051
77877 6.70977
77928 6.62493
77979 6.72785
78030 6.93056
78081 6.6742
78132 6.6527
78183 6.69052
78234 4.63016
78285 6.81343
78336 6.97957
78387 6.87765
78438 6.79535
78489 6.51964
78540 6.88796
78591 7.2683
78642 6.85617
78693 6.77954
78744 5.86621
78795 6.45701
78846 6.45846
78897 5.6421
78948 6.70666
78999 6.38915
79050 6.89082
79101 6.83786
79152 6.84504
79203 7.03243
79254 6.77286
79305 7.09637
79356 6.6608
79407 6.42559
79458 6.69208
79509 6.62521
79560 6.7992
79611 6.35072
79662 6.45937
79713 6.77209
79764 5.59487
79815 5.79065
79866 6.04424
79917 7.03204
79968 6.71037
80019 6.8468
80070 6.598
80121 6.82412
80172 6.29754
80223 6.90109
80274 6.84488
80325 7.00154
80376 6.6702
80427 6.74425
80478 6.77726
80529 6.7976
80580 6.36914
80631 6.48592
80682 6.86603
80733 6.57653
80784 5.53513
80835 5.49752
80886 6.70234
80937 6.47166
80988 6.61637
81039 6.80031
81090 5.22407
81141 7.02566
81192 5.08059
81243 6.58562
81294 6.76531
81345 6.99035
81396 6.71996
81447 6.88111
81498 4.63957
81549 5.75788
81600 6.75703
81651 6.98284
81702 7.07377
81753 6.69048
81804 7.14909
81855 6.7644
81906 7.03567
81957 6.72731
82008 6.23077
82059 6.41177
82110 6.7714
82161 6.64466
82212 6.53558
82263 6.57347
82314 6.74772
82365 7.03768
82416 6.26815
82467 6.43313
82518 6.92544
82569 6.55836
82620 7.00599
82671 5.89007
82722 6.94321
82773 6.82591
82824 6.98318
82875 6.68405
82926 6.9683
82977 5.64986
83028 7.26434
83079 6.89393
83130 6.80285
83181 6.65166
83232 6.74025
83283 5.72076
83334 6.85132
83385 6.75804
83436 6.89292
83487 6.25493
83538 6.97917
83589 6.52834
83640 6.83712
83691 6.96479
83742 6.65416
83793 6.06288
83844 6.72157
83895 6.77077
83946 6.85997
83997 6.92506
84048 6.3585
84099 6.7058
84150 6.41788
84201 6.78392
84252 6.73953
84303 6.54462
84354 6.62699
84405 6.68718
84456 6.31811
84507 6.88892
84558 6.63895
84609 6.83261
84660 6.80934
84711 6.08464
84762 5.80316
84813 6.67098
84864 6.39465
84915 6.56682
84966 6.48007
85017 6.24712
85068 6.57557
85119 6.71816
85170 6.64888
85221 5.08901
85272 6.99933
85323 5.78014
85374 6.45152
85425 6.35841
85476 6.88212
85527 6.39556
85578 4.75797
85629 6.42512
85680 6.65746
85731 5.96433
85782 5.14135
85833 6.29147
85884 6.82282
85935 7.06112
85986 7.21918
86037 6.42722
86088 6.59799
86139 5.31871
86190 4.05255
86241 6.21335
86292 6.71782
86343 6.1093
86394 6.72598
86445 7.41752
86496 7.23258
86547 7.34999
86598 4.69827
86649 6.96021
86700 6.57083
86751 7.13997
86802 7.13551
86853 6.08426
86904 7.29506
86955 4.58948
87006 5.88432
87057 6.79941
87108 4.32313
87159 5.27839
87210 6.54873
87261 5.83361
87312 7.24169
87363 7.09372
87414 7.10159
87465 6.86171
87516 4.79542
87567 6.73739
87618 7.01231
87669 5.31731
87720 6.74173
87771 7.08132
87822 6.37044
87873 6.76469
87924 6.64233
87975 7.20212
88026 5.26511
88077 7.02485
88128 6.95338
88179 6.55905
88230 5.85542
88281 7.07182
88332 4.3476
88383 6.40956
88434 7.07262
88485 6.85383
88536 6.52076
88587 6.75285
88638 7.12762
88689 4.84404
88740 4.04336
88791 6.71753
88842 6.80934
88893 6.43288
88944 5.98389
88995 6.00249
89046 6.51414
89097 6.84608
89148 6.50311
89199 7.34032
89250 6.37478
89301 3.93239
89352 6.42458
89403 6.98491
89454 7.25956
89505 6.82657
89556 5.06508
89607 6.97791
89658 6.502
89709 7.03351
89760 6.61641
89811 5.51986
89862 5.77293
89913 6.34405
89964 6.7135
90015 6.43947
90066 6.31594
90117 6.71445
90168 6.67036
90219 6.43403
90270 6.42499
90321 6.13754
90372 6.59168
90423 6.66185
90474 6.07955
90525 6.81897
90576 6.01821
90627 6.09746
90678 6.29929
90729 6.65193
90780 6.50493
90831 6.59105
90882 6.51971
90933 5.73801
90984 6.9618
91035 4.70839
91086 7.03876
91137 6.456
91188 4.14425
91239 6.44567
91290 6.85207
91341 6.26836
91392 6.66838
91443 6.76223
91494 6.54916
91545 6.63503
91596 6.83553
91647 5.73581
91698 7.07697
91749 5.98824
91800 5.39988
91851 7.21242
91902 6.62685
91953 6.10806
92004 4.53046
92055 5.25273
92106 6.46305
92157 6.50022
92208 6.35814
92259 6.6733
92310 6.63661
92361 6.55531
92412 6.54404
92463 7.2782
92514 3.87543
92565 6.52597
92616 6.37474
92667 6.71384
92718 6.95672
92769 6.56967
92820 7.22987
92871 6.62309
92922 7.49692
92973 6.01097
93024 3.90789
93075 6.51929
93126 6.46865
93177 6.73926
93228 6.86145
93279 6.86374
93330 6.86318
93381 6.70394
93432 6.90792
93483 6.96116
93534 6.51903
93585 5.73875
93636 5.8936
93687 6.14574
93738 7.23024
93789 6.64778
93840 6.83678
93891 7.01786
93942 6.41854
93993 4.65301
94044 5.0608
94095 6.29449
94146 6.48932
94197 5.42515
94248 7.32209
94299 7.44855
94350 4.37686
94401 6.43758
94452 6.79481
94503 7.00699
94554 7.24968
94605 6.69548
94656 5.75915
94707 6.72476
94758 7.27635
94809 7.05871
94860 6.43016
94911 6.96783
94962 4.51733
95013 3.65468
95064 6.02646
95115 6.53842
95166 6.60966
95217 6.34489
95268 5.90702
95319 7.03157
95370 6.44305
95421 7.1177
95472 5.72115
95523 6.06511
95574 6.8735
95625 6.45547
95676 6.84258
95727 7.23737
95778 6.54589
95829 6.60441
95880 7.01011
95931 6.97974
95982 6.41171
96033 5.51367
96084 4.1261
96135 5.61827
96186 6.96145
96237 6.96381
96288 6.69877
96339 6.72827
96390 4.60098
96441 6.77822
96492 6.70956
96543 7.04533
96594 5.82581
96645 6.67094
96696 6.65753
96747 6.46085
96798 6.80395
96849 6.76669
96900 6.58492
96951 5.88709
97002 5.50741
97053 4.07628
97104 6.64761
97155 6.47783
97206 7.09251
97257 6.64589
97308 6.4963
97359 6.75272
97410 6.78571
97461 6.30968
97512 4.82978
97563 3.84907
97614 5.92906
97665 6.63162
97716 6.56631
97767 6.51753
97818 6.52755
97869 6.47557
97920 6.98206
97971 6.72162
98022 6.40456
98073 5.97557
98124 6.73924
98175 6.52163
98226 5.88235
98277 5.42167
98328 7.15602
98379 7.10667
98430 6.971
98481 5.97309
98532 6.61551
98583 7.10866
98634 6.33695
98685 6.91304
98736 5.15063
98787 3.86618
98838 5.92906
98889 6.30409
98940 6.45207
98991 6.97036
99042 6.74904
99093 7.11371
99144 6.48394
99195 6.37859
99246 6.96394
99297 5.13064
99348 3.89739
99399 6.39911
99450 6.63874
99501 5.4925
99552 5.2433
99603 6.53584
99654 7.09782
99705 4.59791
99756 7.2292
99807 6.62653
99858 6.77977
99909 6.71043
99960 6.40514
100011 6.1338
100062 6.90389
100113 5.64664
100164 6.22211
100215 7.04288
100266 6.99246
100317 6.27358
100368 5.49125
100419 6.61919
100470 6.13038
100521 5.01483
100572 5.60756
100623 6.91542
100674 7.15548
100725 6.45494
100776 6.87276
100827 6.67409
100878 6.22216
100929 4.54783
100980 4.40181
101031 6.0332
101082 5.53098
101133 5.76066
101184 6.43007
101235 6.46999
101286 6.64093
101337 6.24778
101388 6.83794
101439 6.34715
101490 6.65053
101541 6.61977
101592 6.51993
101643 6.67469
101694 6.90574
101745 4.54665
101796 6.09837
101847 6.6979
101898 6.62519
101949 6.57623
102000 6.97261
102051 7.25187
102102 6.81784
102153 6.36937
102204 6.73531
102255 3.84043
102306 6.65846
102357 7.05372
102408 7.03816
102459 6.71451
102510 6.89241
102561 6.30979
102612 6.02942
102663 6.50092
102714 6.62181
102765 6.61835
102816 6.72398
102867 4.63543
102918 4.59306
102969 6.00069
103020 6.9521
103071 7.07678
103122 6.78724
103173 7.25249
103224 5.68505
103275 5.13924
103326 6.40054
103377 7.1588
103428 6.82381
103479 4.43099
103530 5.66793
103581 6.52103
103632 7.1294
103683 6.58162
103734 6.17848
103785 6.41921
103836 5.48914
103887 6.52271
103938 4.02229
103989 6.29665
104040 6.05594
104091 6.99279
104142 7.15327
104193 6.5779
104244 4.2564
104295 5.07213
104346 6.60804
104397 6.07005
104448 6.82199
104499 6.28432
104550 6.56371
104601 7.07695
104652 7.18018
104703 3.8116
104754 6.25632
104805 6.34902
104856 6.9264
104907 6.8101
104958 6.35832
105009 6.77877
105060 6.7741
105111 7.18169
105162 4.81127
105213 6.57277
105264 5.76167
105315 3.97057
105366 4.06579
105417 6.43292
105468 6.54316
105519 6.70364
105570 7.4073
105621 6.34695
105672 6.43812
105723 7.07522
105774 7.07349
105825 6.71231
105876 6.09566
105927 4.29706
105978 5.83833
106029 5.4469
106080 6.64806
106131 6.54586
106182 6.19162
106233 5.58494
106284 6.40266
106335 4.91182
106386 6.30804
106437 6.44691
106488 6.86682
106539 6.45659
106590 6.76324
106641 6.9492
106692 7.05281
106743 6.68673
106794 6.42414
106845 6.49038
106896 6.50852
106947 7.33565
106998 6.48893
107049 3.82296
107100 6.6456
107151 5.991
107202 6.01424
107253 6.55646
107304 6.86741
107355 7.09835
107406 6.96043
107457 4.24334
107508 6.13882
107559 6.54608
107610 6.35302
107661 5.78307
107712 4.49648
107763 6.54988
107814 6.33017
107865 5.30021
107916 6.40692
107967 6.56964
108018 6.67525
108069 5.81174
108120 6.93158
108171 6.17888
108222 6.77282
108273 7.21714
108324 4.62725
108375 5.74251
108426 6.5439
108477 7.19491
108528 6.559
108579 6.38302
108630 6.2689
108681 3.99952
108732 6.55299
108783 6.97983
108834 5.80976
108885 7.02891
108936 6.79061
108987 6.79034
109038 5.07001
109089 6.69547
109140 6.98055
109191 6.8771
109242 6.45968
109293 5.99747
109344 6.36083
109395 6.73705
109446 5.32196
109497 3.80081
109548 6.50505
109599 6.54208
109650 5.49123
109701 6.61354
109752 6.81481
109803 6.4414
109854 6.54824
109905 6.77502
109956 4.69633
110007 5.3862
110058 6.91317
110109 6.65782
110160 7.06262
110211 5.22862
110262 6.27674
110313 4.07187
110364 6.22009
110415 6.42125
110466 6.38746
110517 6.59031
110568 6.82528
110619 6.66891
110670 7.18822
110721 7.01825
110772 6.35469
110823 6.6482
110874 3.96913
110925 6.6255
110976 6.78165
111027 5.71524
111078 6.74207
111129 6.13999
111180 6.28735
111231 7.20097
111282 6.86875
111333 6.56108
111384 4.6586
111435 4.9788
111486 6.80132
111537 4.78
111588 6.86234
111639 7.12371
111690 4.64434
111741 7.35567
111792 6.76824
111843 6.6188
111894 4.12677
111945 6.34556
111996 6.74299
112047 6.8851
112098 6.17181
112149 6.09757
112200 6.32566
112251 5.03152
112302 7.10541
112353 5.78808
112404 6.59486
112455 3.89091
112506 6.27062
112557 6.12863
112608 6.86279
112659 6.64531
112710 6.9772
112761 5.6916
112812 7.02868
112863 6.49631
112914 6.3995
112965 7.11367
113016 6.9194
113067 6.74489
113118 6.78844
113169 4.97537
113220 6.56155
113271 4.50152
113322 4.94172
113373 6.41315
113424 6.51009
113475 6.47335
113526 4.76384
113577 5.16855
113628 6.23036
113679 7.22842
113730 6.50466
113781 6.58817
113832 7.04201
113883 5.29015
113934 5.97062
113985 6.1889
114036 6.79057
114087 7.00369
114138 7.1747
114189 6.91781
114240 6.24581
114291 5.93165
114342 6.18646
114393 6.30671
114444 7.26034
114495 6.68105
114546 5.52664
114597 5.78756
114648 6.50854
114699 6.23933
114750 5.90173
114801 3.68557
114852 6.4186
114903 6.29119
114954 5.99251
115005 6.68133
115056 6.80148
115107 4.88053
115158 6.18389
115209 6.86626
115260 6.44776
115311 6.25734
115362 6.28503
115413 6.43613
115464 6.93418
115515 4.89377
115566 3.97425
115617 6.22886
115668 6.59845
115719 6.6967
115770 6.44445
115821 6.3964
115872 6.57361
115923 4.92077
115974 3.80296
116025 5.90318
116076 6.54786
116127 6.88613
116178 5.87759
116229 5.88047
116280 6.78827
116331 6.88319
116382 6.31019
116433 6.32891
116484 5.04969
116535 6.35828
116586 5.98284
116637 6.55893
116688 6.8538
116739 6.10244
116790 3.84814
116841 6.34806
116892 6.51924
116943 6.32941
116994 6.45931
117045 6.9004
117096 6.10932
117147 6.98514
117198 5.46423
117249 5.83721
117300 6.72518
117351 3.87994
117402 3.2173
117453 6.07259
117504 5.05389
117555 6.21658
117606 4.30581
117657 6.40544
117708 6.95542
117759 6.70459
117810 6.30182
117861 4.00102
117912 6.62202
117963 6.57585
118014 6.11431
118065 7.11714
118116 6.3312
118167 7.23296
118218 6.12581
118269 7.21464
118320 6.33763
118371 6.55793
118422 5.03356
118473 6.85086
118524 5.95247
118575 4.64312
118626 5.94243
118677 6.86588
118728 6.91548
118779 7.06446
118830 5.04623
118881 6.26453
118932 6.40657
118983 6.57551
119034 6.64869
119085 6.91061
119136 6.66609
119187 7.22636
119238 6.43172
119289 3.88254
119340 5.96676
119391 6.33988
119442 5.89494
119493 6.73019
119544 6.64912
119595 6.21731
119646 5.97822
119697 6.23823
119748 6.4736
119799 4.44304
119850 6.34893
119901 6.31506
119952 6.02058
120003 4.43322
120054 6.65389
120105 5.9315
120156 6.76843
120207 5.4525
120258 7.03479
120309 7.13951
120360 7.19011
120411 6.71782
120462 6.75963
120513 3.7846
120564 6.14707
120615 6.2537
120666 6.36133
120717 5.6651
120768 4.90257
120819 6.52807
120870 6.73799
120921 6.47957
120972 6.68582
121023 6.63068
121074 6.29669
121125 4.55764
121176 6.39259
121227 6.64412
121278 4.59616
121329 6.6226
121380 5.4436
121431 4.61662
121482 6.44677
121533 6.94326
121584 7.32402
121635 6.83346
121686 6.56819
121737 6.91456
121788 7.33517
121839 5.93429
121890 5.96437
121941 5.5514
121992 4.89201
122043 6.40759
122094 6.62833
122145 6.64838
122196 5.5406
122247 5.46436
122298 6.85709
122349 6.27072
122400 6.08644
122451 5.56742
122502 3.74447
122553 6.39847
122604 6.43351
122655 6.54034
122706 6.45701
122757 5.95235
122808 6.83977
122859 4.90209
122910 6.06289
122961 7.13596
123012 6.62235
123063 6.69485
123114 6.34157
123165 5.09482
123216 6.29246
123267 5.21836
123318 6.82121
123369 6.00525
123420 6.4928
123471 6.32741
123522 4.81196
123573 6.06737
123624 5.52043
123675 6.12564
123726 6.69785
123777 6.64458
123828 6.56429
123879 4.77087
123930 6.10916
123981 5.55407
124032 6.35535
124083 6.68218
124134 4.61256
124185 4.61979
124236 4.97686
124287 6.40671
124338 4.8992
124389 6.22993
124440 6.40293
124491 6.62554
124542 6.85924
124593 6.92791
124644 6.57123
124695 6.3792
124746 5.64982
124797 6.85986
124848 7.203
124899 6.34179
124950 5.14472
125001 3.74896
125052 6.15463
125103 6.62607
125154 6.52078
125205 5.77859
125256 6.61311
125307 6.16823
125358 3.82465
125409 6.39452
125460 6.83062
125511 7.19056
125562 6.28728
125613 6.0418
125664 4.33746
125715 4.91332
125766 5.95882
125817 4.47397
125868 4.94759
125919 6.8921
125970 6.47955
126021 6.38365
126072 6.53178
126123 6.36935
126174 6.37967
126225 6.58015
126276 6.26712
126327 6.62105
126378 5.16691
126429 5.98028
126480 6.49996
126531 6.65562
126582 6.68889
126633 5.88985
126684 6.23726
126735 6.63041
126786 7.1203
126837 6.52646
126888 6.78031
126939 5.0284
126990 6.50679
127041 6.70844
127092 6.1201
127143 6.88273
127194 6.40924
127245 4.11514
127296 6.38813
127347 5.56178
127398 4.26766
127449 6.3732
127500 6.30447
127551 6.0064
127602 6.27902
127653 6.74374
127704 5.82104
127755 4.73763
127806 5.14254
127857 6.50399
127908 6.58602
127959 6.45185
128010 7.17807
128061 7.15112
128112 4.13412
128163 3.29392
128214 6.23582
128265 6.67034
128316 6.59436
128367 6.94927
128418 6.35829
128469 3.93022
128520 6.36764
128571 6.37661
128622 6.6807
128673 5.91925
128724 6.0719
128775 6.46888
128826 7.04461
128877 3.89298
128928 6.19362
128979 6.83318
129030 6.63147
129081 6.3649
129132 6.64548
129183 6.22513
129234 6.79981
129285 3.75773
129336 6.4532
129387 6.6492
129438 5.91477
129489 6.74401
129540 6.87249
129591 6.91325
129642 6.49664
129693 5.43858
129744 7.12714
129795 6.3239
129846 4.26302
129897 6.23323
129948 5.8674
129999 6.81882
130050 6.26952
130101 4.68565
130152 5.1592
130203 6.27029
130254 5.92616
130305 6.36808
130356 5.50671
130407 6.07862
130458 7.0747
130509 7.02798
130560 6.63982
130611 6.95046
130662 5.82132
130713 6.40841
130764 4.82322
130815 6.50511
130866 6.95403
130917 3.77854
130968 5.78346
131019 5.41088
131070 5.50372
131121 5.18987
131172 6.4689
131223 6.5178
131274 6.53609
131325 6.11664
131376 6.48383
131427 4.41864
131478 6.52145
131529 3.82393
131580 6.51489
131631 6.98783
131682 5.47923
131733 6.73895
131784 3.72241
131835 5.288
131886 6.55267
131937 6.17693
131988 6.4681
132039 6.74251
132090 6.70815
132141 6.76527
132192 4.97979
132243 6.53947
132294 6.35692
132345 6.94001
132396 6.21528
132447 6.05678
132498 3.98857
132549 6.62197
132600 5.21503
132651 5.10667
132702 6.90043
132753 6.58115
132804 6.34374
132855 6.9617
132906 5.63273
132957 6.26603
133008 3.49649
133059 6.44643
133110 6.9548
133161 6.85236
133212 6.25495
133263 4.86206
133314 5.7845
133365 6.37623
133416 6.65822
133467 5.57202
133518 3.66327
133569 4.50922
133620 6.15111
133671 6.99339
133722 6.76528
133773 6.36555
133824 6.3652
133875 4.85945
133926 6.77027
133977 6.42408
134028 5.24991
134079 6.53994
134130 5.85276
134181 4.8555
134232 6.92399
134283 4.60399
134334 6.37993
134385 6.21794
134436 6.3714
134487 6.69096
134538 6.71223
134589 6.46661
134640 5.47044
134691 4.77361
134742 6.73276
134793 6.31928
134844 6.41842
134895 6.09445
134946 5.7561
134997 6.46421
135048 3.97652
135099 6.43229
135150 5.45083
135201 6.61508
135252 7.32003
135303 6.1707
135354 6.73896
135405 5.7551
135456 6.6214
135507 5.91213
135558 6.86348
135609 6.3461
135660 5.0965
135711 5.46337
135762 6.47914
135813 4.76163
135864 6.60041
135915 6.97094
135966 5.872
136017 3.63457
136068 6.97265
136119 6.90648
136170 6.67729
136221 4.00302
136272 6.66798
136323 6.46387
136374 6.5986
136425 6.44226
136476 6.53525
136527 6.69657
136578 4.56485
136629 6.66821
136680 6.61597
136731 6.4347
136782 6.23232
136833 6.78238
136884 6.3028
136935 6.31389
136986 6.43547
137037 6.91184
137088 6.67815
137139 4.23885
137190 6.25938
137241 6.47693
137292 6.67088
137343 3.84787
137394 6.32471
137445 6.28064
137496 7.12448
137547 6.68127
137598 6.56811
137649 7.5542
137700 4.20181
137751 6.58369
137802 6.79696
137853 6.91763
137904 6.85136
137955 6.11576
138006 4.59515
138057 6.49359
138108 6.64586
138159 6.65629
138210 3.99002
138261 6.259
138312 6.48718
138363 4.83982
138414 5.93622
138465 6.20915
138516 6.6995
138567 6.43435
138618 6.62127
138669 6.3744
138720 6.48859
138771 6.67088
138822 4.24956
138873 3.54792
138924 6.13756
138975 4.78745
139026 5.15965
139077 5.12092
139128 6.29031
139179 4.07001
139230 6.43879
139281 5.47176
139332 5.7557
139383 6.83392
139434 6.65353
139485 6.88516
139536 6.48552
139587 6.75307
139638 4.49972
139689 6.2883
139740 6.10506
139791 4.70753
139842 6.44372
139893 6.634
139944 6.43548
139995 4.06465
140046 6.4655
140097 6.43716
140148 3.75098
140199 6.14278
140250 5.92404
140301 6.5802
140352 6.45444
140403 6.18258
140454 7.03801
140505 6.55307
140556 6.19259
140607 6.52011
140658 6.48822
140709 6.87823
140760 3.90724
140811 4.5965
140862 6.64615
140913 3.62443
140964 6.06955
141015 6.66368
141066 6.15683
141117 6.63666
141168 6.63
141219 5.88336
141270 6.72071
141321 6.63972
141372 6.52481
141423 6.80176
141474 5.89432
141525 6.16817
141576 4.47459
141627 6.71447
141678 6.10928
141729 6.7523
141780 6.53931
141831 6.64733
141882 5.8731
141933 6.04301
141984 6.77308
142035 5.86495
142086 6.06807
142137 6.25809
142188 6.21039
142239 6.3249
142290 6.21236
142341 6.59017
142392 6.95073
142443 6.58112
142494 3.51601
142545 4.553
142596 5.02815
142647 6.28615
142698 6.941
142749 6.33948
142800 6.36594
142851 5.94716
142902 4.97164
142953 5.42737
143004 5.28632
143055 6.64148
143106 6.45033
143157 6.71496
143208 6.68884
143259 6.50442
143310 7.05199
143361 6.53466
143412 5.92758
143463 6.75348
143514 4.65301
143565 6.30801
143616 6.50968
143667 4.42149
143718 6.23475
143769 6.54574
143820 6.1954
143871 6.37435
143922 6.49835
143973 5.64518
144024 4.40405
144075 6.39817
144126 6.28348
144177 6.86019
144228 4.11899
144279 6.84499
144330 6.9085
144381 6.30496
144432 5.24504
144483 6.25221
144534 3.88666
144585 6.14924
144636 6.23977
144687 6.14542
144738 5.74109
144789 6.24527
144840 5.86682
144891 6.42044
144942 3.68611
144993 4.70475
145044 6.73268
145095 5.91301
145146 5.53756
145197 5.61038
145248 6.46921
145299 6.35822
145350 4.62314
145401 2.92485
145452 6.208
145503 5.49056
145554 5.94033
145605 6.07914
145656 3.63862
145707 6.24299
145758 5.6257
145809 6.19636
145860 6.29843
145911 6.14533
145962 6.62656
146013 6.46826
146064 6.53497
146115 6.33592
146166 6.38654
146217 6.07363
146268 6.67123
146319 4.50295
146370 6.91284
146421 5.7485
146472 4.32389
146523 5.729
146574 6.1362
146625 4.64777
146676 4.71923
146727 6.20948
146778 4.49647
146829 6.07186
146880 6.50908
146931 6.81841
146982 6.30075
147033 4.37888
147084 6.00959
147135 6.35429
147186 4.34818
147237 6.48389
147288 3.90501
147339 6.2744
147390 6.82876
147441 3.97239
147492 5.35839
147543 6.08374
147594 5.61423
147645 4.5454
147696 4.27891
147747 5.96337
147798 5.28933
147849 6.19407
147900 6.45109
147951 4.89133
148002 6.50432
148053 6.77594
148104 5.6781
148155 6.6064
148206 4.09765
148257 6.16238
148308 6.21561
148359 6.89249
148410 6.54917
148461 6.3448
148512 3.84963
148563 5.12736
148614 6.3008
148665 5.48979
148716 7.03623
148767 5.12018
148818 4.18354
148869 6.3364
148920 6.47753
148971 5.57314
149022 5.02813
149073 5.7753
149124 6.22086
149175 4.34738
149226 4.79727
149277 6.74102
149328 5.54446
149379 4.16532
149430 5.55327
149481 6.67943
149532 6.47035
149583 3.76668
149634 6.28106
149685 3.9561
149736 5.58933
149787 6.50788
149838 5.00322
149889 7.10855
149940 7.03454
149991 6.56352
150042 5.36441
150093 3.89297
150144 6.03561
150195 6.73666
150246 6.86749
150297 6.34511
150348 3.76645
150399 6.10114
150450 6.32981
150501 6.35076
150552 5.52111
150603 4.09109
150654 6.36378
150705 6.16867
150756 6.3896
150807 6.56556
150858 6.78814
150909 6.69215
150960 4.08043
151011 6.77684
151062 6.47425
151113 4.00141
151164 6.18589
151215 6.38507
151266 3.73775
151317 6.1138
151368 6.34596
151419 6.43007
151470 6.1349
151521 6.63369
151572 4.3136
151623 5.5034
151674 6.55495
151725 4.07934
151776 6.40475
151827 6.71613
151878 6.75829
151929 6.53722
151980 6.28652
152031 6.39214
152082 5.4839
152133 6.45553
152184 6.50334
152235 5.94975
152286 6.25139
152337 6.31616
152388 4.91217
152439 6.5974
152490 6.58127
152541 6.72256
152592 3.99704
152643 6.81257
152694 6.59024
152745 6.1013
152796 4.61811
152847 4.70994
152898 6.35559
152949 6.56104
153000 6.56004
153051 6.15784
153102 5.53669
153153 6.18126
153204 7.15046
153255 6.65535
153306 6.95088
153357 5.48125
153408 6.8743
153459 4.52323
153510 3.83807
153561 6.47731
153612 6.12543
153663 6.73856
153714 6.04885
153765 6.31191
153816 5.89079
153867 6.80997
153918 6.19447
153969 3.7302
154020 5.96847
154071 4.07233
154122 6.55939
154173 5.78506
154224 6.51544
154275 4.17625
154326 3.73874
154377 5.64573
154428 6.25808
154479 6.31681
154530 4.20178
154581 5.97174
154632 6.09715
154683 5.80268
154734 7.03223
154785 5.51675
154836 4.63836
154887 3.87
154938 6.05371
154989 6.66296
155040 5.88638
155091 6.36694
155142 6.43852
155193 4.21101
155244 6.49405
155295 5.5672
155346 6.34268
155397 3.84517
155448 5.65378
155499 4.3941
155550 7.03399
155601 6.17105
155652 3.91256
155703 6.36215
155754 5.98675
155805 6.47742
155856 5.78898
155907 6.74296
155958 5.64458
156009 6.53777
156060 5.68492
156111 4.49374
156162 6.19931
156213 6.22183
156264 6.24556
156315 4.72684
156366 4.24258
156417 6.50066
156468 5.57131
156519 5.888
156570 6.35657
156621 6.76695
156672 6.35629
156723 4.56932
156774 5.99782
156825 6.70619
156876 3.76907
156927 6.21888
156978 6.2834
157029 4.26939
157080 6.65422
157131 6.54184
157182 5.77575
157233 6.53107
157284 6.96497
157335 6.6616
157386 5.9039
157437 6.61014
157488 4.65813
157539 5.94311
157590 6.50273
157641 6.63557
157692 4.57567
157743 6.49206
157794 6.68746
157845 6.40299
157896 4.78539
157947 6.57583
157998 5.45231
158049 4.07514
158100 5.74423
158151 5.97762
158202 6.3903
158253 5.67716
158304 3.58858
158355 6.30771
158406 6.53818
158457 4.92049
158508 6.52586
158559 6.12659
158610 6.22035
158661 6.6808
158712 3.63051
158763 6.62247
158814 3.87376
158865 5.82851
158916 5.82991
158967 5.29559
159018 6.59076
159069 5.88392
159120 4.29761
159171 6.29676
159222 6.2549
159273 5.40753
159324 3.85396
159375 6.26336
159426 3.6718
159477 6.09192
159528 6.9002
159579 6.50671
159630 6.44271
159681 4.81881
159732 6.02868
159783 6.91223
159834 6.4031
159885 6.77071
159936 7.10735
159987 6.59447
160038 4.53573
160089 7.05696
160140 6.29706
160191 3.9257
160242 5.51552
160293 6.26064
160344 6.38796
160395 4.73527
160446 2.94303
160497 6.03081
160548 6.69512
160599 3.61691
160650 5.57618
160701 4.16648
160752 5.7396
160803 4.8125
160854 5.13623
160905 6.22343
160956 6.48391
161007 6.81656
161058 4.72331
161109 6.48211
161160 6.54478
161211 6.7484
161262 6.38971
161313 6.38105
161364 6.49941
161415 3.57773
161466 4.90662
161517 6.78274
161568 6.3111
161619 4.71627
161670 6.02046
161721 6.1851
161772 6.48606
161823 6.23794
161874 6.25517
161925 6.70006
161976 3.67573
162027 6.23173
162078 6.31888
162129 5.81319
162180 6.15468
162231 5.33197
162282 4.19699
162333 6.26296
162384 4.248
162435 6.08728
162486 5.57899
162537 6.25999
162588 6.75036
162639 6.62525
162690 6.38663
162741 6.94094
162792 3.63529
162843 4.38169
162894 3.57669
162945 5.88225
162996 4.0498
163047 4.19046
163098 4.38157
163149 6.69979
163200 5.3728
163251 5.92533
163302 6.89022
163353 6.21455
163404 6.70186
163455 6.4448
163506 3.6248
163557 6.72648
163608 5.75506
163659 6.55219
163710 6.48826
163761 6.86594
163812 5.52583
163863 6.79166
163914 5.97224
163965 6.74934
164016 6.49005
164067 6.46944
164118 3.13941
164169 6.14053
164220 6.56148
164271 4.48596
164322 5.81402
164373 5.76393
164424 5.54505
164475 6.27845
164526 6.1867
164577 6.42522
164628 6.29472
164679 5.25168
164730 4.5965
164781 6.21814
164832 5.10149
164883 5.35496
164934 6.28643
164985 6.40962
165036 6.29708
165087 6.12319
165138 6.31893
165189 6.38105
165240 6.56147
165291 6.00856
165342 4.38825
165393 4.86411
165444 5.56014
165495 6.16794
165546 3.65097
165597 3.57363
165648 6.04156
165699 6.29757
165750 6.43935
165801 6.01807
165852 6.8992
165903 6.37356
165954 5.13215
166005 5.31526
166056 5.85552
166107 6.37563
166158 6.6647
166209 5.24532
166260 3.77599
166311 4.82495
166362 6.3605
166413 6.671
166464 6.39651
166515 6.30318
166566 5.64246
166617 6.73744
166668 6.65064
166719 4.07924
166770 5.69834
166821 4.88817
166872 6.40169
166923 6.2624
166974 4.4072
167025 6.18849
167076 5.5503
167127 6.14774
167178 3.86294
167229 6.34015
167280 6.22931
167331 4.14435
167382 4.58087
167433 5.86936
167484 4.06769
167535 6.04421
167586 2.73132
167637 6.79494
167688 6.41482
167739 5.85063
167790 6.57972
167841 6.33327
167892 6.4794
167943 6.55539
167994 6.5474
168045 4.20656
168096 6.06622
168147 6.53363
168198 6.60484
168249 6.63047
168300 6.20732
168351 4.5247
168402 3.68154
168453 6.41822
168504 5.6701
168555 6.38591
168606 3.41567
168657 5.28178
168708 4.48148
168759 6.41511
168810 7.04468
168861 6.32983
168912 6.05861
168963 5.83197
169014 4.11881
169065 6.23211
169116 6.16022
169167 4.98579
169218 6.23019
169269 6.6901
169320 6.52114
169371 6.19135
169422 6.55503
169473 4.54766
169524 6.10039
169575 6.2362
169626 5.00412
169677 3.90016
169728 6.2876
169779 6.75664
169830 7.01828
169881 6.32407
169932 3.5727
169983 6.74689
170034 5.81545
170085 6.28576
170136 6.37869
170187 5.57854
170238 6.67804
170289 6.36888
170340 6.27103
170391 5.72937
170442 5.30582
170493 6.34491
170544 5.78697
170595 4.89853
170646 6.31529
170697 5.462
170748 6.58498
170799 6.69438
170850 6.59293
170901 6.34025
170952 6.07446
171003 3.79793
171054 3.77493
171105 5.95409
171156 6.40177
171207 4.24474
171258 6.54482
171309 5.74008
171360 6.60696
171411 6.89664
171462 6.37003
171513 6.13452
171564 6.39254
171615 6.74369
171666 6.79072
171717 6.74296
171768 6.65493
171819 4.08289
171870 5.55433
171921 5.49621
171972 3.85276
172023 5.59721
172074 3.59612
172125 5.72253
172176 5.53114
172227 3.92496
172278 6.66443
172329 6.52667
172380 4.58052
172431 6.76971
172482 5.99079
172533 5.32313
172584 5.81704
172635 5.94417
172686 4.78551
172737 5.35031
172788 5.02142
172839 6.24774
172890 6.66632
172941 6.70387
172992 4.85874
173043 6.17311
173094 6.67645
173145 6.37409
173196 6.93135
173247 5.42234
173298 6.83421
173349 4.27934
173400 6.28883
173451 5.67089
173502 6.32504
173553 6.22907
173604 5.17643
173655 5.69712
173706 6.26001
173757 5.52751
173808 6.0726
173859 4.27993
173910 6.31137
173961 5.47856
174012 6.53317
174063 5.77982
174114 6.40495
174165 3.66653
174216 5.08346
174267 3.87039
174318 6.42993
174369 6.7971
174420 5.94315
174471 6.42722
174522 6.44481
174573 6.18864
174624 6.87019
174675 5.85378
174726 6.82191
174777 5.95211
174828 4.30768
174879 6.29375
174930 6.79578
174981 6.3181
175032 6.32761
175083 3.66574
175134 5.33968
175185 6.4778
175236 6.2429
175287 6.37628
175338 5.15448
175389 2.95266
175440 5.23695
175491 5.06835
175542 6.32664
175593 6.15032
175644 6.08609
175695 3.75329
175746 5.75086
175797 5.8975
175848 5.49949
175899 5.90119
175950 4.68788
176001 6.71892
176052 6.44534
176103 6.31845
176154 6.47878
176205 6.86259
176256 5.91527
176307 7.16494
176358 6.45935
176409 5.78611
176460 3.55662
176511 5.57474
176562 6.43337
176613 6.68818
176664 6.88042
176715 3.6792
176766 5.44066
176817 5.42392
176868 6.49472
176919 5.36917
176970 6.41813
177021 5.81511
177072 6.35665
177123 5.90302
177174 6.03545
177225 3.96431
177276 5.96907
177327 6.39059
177378 6.04421
177429 5.65415
177480 5.80369
177531 4.93102
177582 3.81518
177633 4.59223
177684 6.35664
177735 6.21565
177786 3.82845
177837 5.74895
177888 6.29977
177939 6.65626
177990 2.9601
178041 6.66335
178092 6.54514
178143 6.21223
178194 6.0197
178245 3.73424
178296 6.48367
178347 4.26492
178398 6.58826
178449 6.81598
178500 6.1711
178551 6.83853
178602 6.27976
178653 6.59988
178704 4.86421
178755 5.55706
178806 5.54412
178857 5.43968
178908 6.65659
178959 6.62397
179010 6.70124
179061 6.2267
179112 3.57552
179163 5.99392
179214 6.23596
179265 5.61357
179316 6.58568
179367 6.79046
179418 3.97042
179469 5.73037
179520 3.29836
179571 6.20758
179622 3.8372
179673 6.65961
179724 6.24535
179775 6.40025
179826 2.45012
179877 3.65985
179928 4.92838
179979 6.46396
180030 5.99672
180081 4.52702
180132 2.9528
180183 5.68138
180234 6.44744
180285 4.18849
180336 4.19459
180387 6.31064
180438 6.63062
180489 6.09458
180540 6.01733
180591 5.74744
180642 5.49091
180693 6.41245
180744 6.24564
180795 6.50345
180846 3.63689
180897 5.74655
180948 6.01023
180999 5.93673
181050 5.22609
181101 4.06627
181152 6.44538
181203 6.28274
181254 3.56115
181305 5.799
181356 6.10475
181407 5.99203
181458 6.10263
181509 6.13451
181560 6.43923
181611 6.15534
181662 6.23873
181713 6.33309
181764 4.08633
181815 6.68182
181866 3.74925
181917 6.38974
181968 6.51284
182019 4.10611
182070 6.6064
182121 5.05769
182172 6.37877
182223 5.30754
182274 5.34179
182325 4.74974
182376 4.48358
182427 3.87545
182478 6.23484
182529 6.69086
182580 3.73648
182631 6.7261
182682 6.75006
182733 3.8858
182784 5.98338
182835 5.61673
182886 6.15051
182937 4.87405
182988 6.35665
183039 6.65594
183090 3.36167
183141 4.00158
183192 6.57091
183243 7.08885
183294 4.72279
183345 4.19016
183396 6.7606
183447 3.04167
183498 4.58907
183549 5.21608
183600 6.60126
183651 5.68183
183702 6.6685
183753 4.53068
183804 6.19585
183855 6.60289
183906 3.62032
183957 6.58427
184008 6.36457
184059 3.32736
184110 6.37023
184161 6.27958
184212 2.64201
184263 6.8532
184314 5.77837
184365 4.54181
184416 5.59817
184467 4.51703
184518 6.30522
184569 6.37338
184620 4.51054
184671 6.45813
184722 6.68703
184773 5.15504
184824 6.14404
184875 6.24891
184926 5.17424
184977 3.88778
185028 6.12101
185079 6.15851
185130 5.66905
185181 4.38244
185232 6.12944
185283 6.41888
185334 6.0874
185385 5.35274
185436 6.04826
185487 5.25321
185538 6.62693
185589 6.6473
185640 6.69217
185691 6.00608
185742 6.02183
185793 5.62867
185844 6.38315
185895 5.644
185946 6.54194
185997 3.20089
186048 6.20703
186099 5.92963
186150 6.54946
186201 5.83953
186252 6.21021
186303 6.46855
186354 6.02278
186405 4.24037
186456 4.20143
186507 4.48283
186558 6.32381
186609 6.17667
186660 6.1297
186711 6.76509
186762 6.66041
186813 5.93786
186864 6.11896
186915 5.45384
186966 3.57654
187017 6.2914
187068 4.75995
187119 5.64987
187170 6.385
187221 3.99232
187272 4.805
187323 6.17253
187374 5.36246
187425 6.4797
187476 6.51717
187527 6.61332
187578 6.81994
187629 6.1576
187680 6.69555
187731 6.22836
187782 6.56245
187833 5.71629
187884 6.19347
187935 6.13782
187986 3.66033
188037 5.99346
188088 6.15312
188139 4.93932
188190 5.94916
188241 6.49336
188292 6.3541
188343 6.11359
188394 6.49681
188445 6.14977
188496 5.41272
188547 5.68797
188598 6.80227
188649 5.38709
188700 5.15351
188751 4.81775
188802 6.38575
188853 3.68405
188904 6.09779
188955 3.83323
189006 6.09392
189057 6.64013
189108 6.63404
189159 6.45358
189210 4.88891
189261 7.29883
189312 6.25444
189363 5.65572
189414 6.298
189465 5.15967
189516 6.33251
189567 3.91649
189618 5.66081
189669 5.9387
189720 5.3529
189771 4.21266
189822 6.08074
189873 4.36205
189924 3.9039
189975 6.29562
190026 2.17553
190077 6.74672
190128 6.80448
190179 4.32031
190230 4.68959
190281 6.24657
190332 6.47079
190383 6.06629
190434 3.76076
190485 6.28063
190536 5.62225
190587 6.32997
190638 6.46846
190689 6.08983
190740 6.36333
190791 6.38797
190842 5.15239
190893 6.04627
190944 6.06804
190995 5.92543
191046 6.30787
191097 6.65166
191148 6.01713
191199 6.5562
191250 4.47614
191301 5.88928
191352 4.24436
191403 6.20128
191454 6.5146
191505 6.34221
191556 5.41869
191607 3.90576
191658 6.10989
191709 6.27856
191760 6.04319
191811 6.26094
191862 5.24649
191913 6.28527
191964 4.25293
192015 6.03524
192066 4.32034
192117 4.40243
192168 6.06847
192219 6.21941
192270 4.46515
192321 4.26845
192372 6.64192
192423 6.48542
192474 4.50345
192525 3.86175
192576 3.46481
192627 6.34595
192678 3.92491
192729 6.39852
192780 6.68361
192831 5.78542
192882 3.48784
192933 6.75475
192984 6.66095
193035 3.96231
193086 4.18301
193137 6.52977
193188 3.70835
193239 5.80378
193290 6.58176
193341 6.395
193392 6.61285
193443 6.52042
193494 6.57472
193545 3.88235
193596 5.09084
193647 4.07447
193698 5.43852
193749 4.14756
193800 4.08494
193851 6.01542
193902 6.32366
193953 6.42262
194004 6.6247
194055 4.0655
194106 5.82344
194157 6.59726
194208 6.4958
194259 6.0374
194310 5.97321
194361 6.48643
194412 6.63333
194463 3.87968
194514 3.72122
194565 3.4829
194616 3.50138
194667 5.89444
194718 6.00562
194769 5.99219
194820 3.99396
194871 6.06601
194922 6.50351
194973 5.25368
195024 5.6349
195075 5.05062
195126 3.68957
195177 6.02596
195228 6.07151
195279 6.36956
195330 6.77
195381 6.83808
195432 5.74156
195483 6.67933
195534 6.23932
195585 5.64161
195636 5.10739
195687 5.36266
195738 6.10212
195789 5.7808
195840 3.76605
195891 6.54588
195942 2.73775
195993 1.43402
196044 1.47878
196095 1.23943
196146 1.01028
196197 1.11391
196248 0.905626
196299 0.968384
196350 1.02944
196401 1.04726
196452 0.870949
196503 0.998418
196554 0.869634
196605 0.865663
196656 1.01087
196707 0.826757
196758 0.922514
196809 0.933925
196860 0.724008
196911 0.844005
196962 0.784761
197013 0.726505
197064 0.666775
197115 0.587186
197166 0.933656
197217 0.690657
197268 0.732595
197319 0.799022
197370 0.694624
197421 0.776724
197472 0.598007
197523 0.596706
197574 0.550004
197625 0.679049
197676 0.715449
197727 0.544388
197778 0.728129
197829 0.82568
197880 0.55959
197931 0.621453
197982 0.537686
198033 0.810432
198084 0.472697
198135 0.732568
198186 0.882972
198237 0.674558
198288 0.569274
198339 0.720593
198390 0.546966
198441 0.67275
198492 0.59528
198543 0.720752
198594 0.749856
198645 0.760229
198696 0.460626
198747 0.850131
198798 0.448536
198849 0.607441
198900 0.709925
198951 0.57651
199002 0.714853
199053 0.448654
199104 0.864735
199155 0.641079
199206 0.371716
199257 0.702743
199308 0.419488
199359 0.504523
199410 0.570369
199461 0.622113
199512 0.583579
199563 0.575049
199614 0.569774
199665 0.533547
199716 0.432654
199767 0.563391
199818 0.683931
199869 0.4353
199920 0.425441
199971 0.337542
200022 0.581455
200073 0.417885
200124 0.505058
200175 0.423019
200226 0.552519
200277 0.590994
200328 0.539345
200379 0.710553
200430 0.371929
200481 0.563037
200532 0.622369
200583 0.28907
200634 0.502948
200685 0.497654
200736 0.535624
200787 0.49376
200838 0.294609
200889 0.510306
200940 0.431135
200991 0.407608
201042 0.451303
201093 0.577813
201144 0.443944
201195 0.486745
201246 0.416234
201297 0.348863
201348 0.559065
201399 0.658848
201450 0.591944
201501 0.334857
201552 0.594093
201603 0.437906
201654 0.599918
201705 0.437563
201756 0.425468
201807 0.384517
201858 0.491789
201909 0.385813
201960 0.43791
202011 0.32555
202062 0.576424
202113 0.291985
202164 0.582244
202215 0.554254
202266 0.562747
202317 0.487671
202368 0.44413
202419 0.520371
202470 0.449241
202521 0.501336
202572 0.560757
202623 0.465506
202674 0.571269
202725 0.452417
202776 0.479438
202827 0.502444
202878 0.456951
202929 0.291975
202980 0.602647
203031 0.675785
203082 0.439151
203133 0.391984
203184 0.495031
203235 0.311823
203286 0.46755
203337 0.551623
203388 0.512036
203439 0.542195
203490 0.407888
203541 0.556052
203592 0.592282
203643 0.466343
203694 0.33683
203745 0.514117
203796 0.49114
203847 0.405075
203898 0.479878
203949 0.375865
204000 0.366198
204051 0.422469
204102 0.481229
204153 0.460197
204204 0.54595
204255 0.511737
204306 0.425597
204357 0.443528
204408 0.410503
204459 0.384955
204510 0.330303
204561 0.346489
204612 0.480253
204663 0.672262
204714 0.486603
204765 0.474025
204816 0.527398
204867 0.580849
204918 0.452076
204969 0.563509
205020 0.331571
205071 0.532855
205122 0.432203
205173 0.507846
205224 0.328592
205275 0.379341
205326 0.49982
205377 0.491128
205428 0.314229
205479 0.48838
205530 0.482437
205581 0.579195
205632 0.456965
205683 0.425048
205734 0.512168
205785 0.339409
205836 0.343968
205887 0.475581
205938 0.64245
205989 0.398649
206040 0.448951
206091 0.395895
206142 0.39375
206193 0.438906
206244 0.357697
206295 0.401246
206346 0.532202
206397 0.514416
206448 0.516029
206499 0.573019
206550 0.496311
206601 0.562837
206652 0.452742
206703 0.457904
206754 0.421496
206805 0.481018
206856 0.427801
206907 0.333444
206958 0.44835
207009 0.402426
207060 0.365958
207111 0.4573
207162 0.471381
207213 0.401022
207264 0.616169
207315 0.361705
207366 0.248646
207417 0.324801
207468 0.391955
207519 0.259474
207570 0.419894
207621 0.226978
207672 0.244526
207723 0.497422
207774 0.190189
	0.714
